mkdir: cannot create directory ‘results/eeg_multi_training_sweep’: Permission denied
scripts/run_eeg_multi_training_sweep.sh: line 155: results/eeg_multi_training_sweep/20260612_165444/runs.tsv: No such file or directory
scripts/run_eeg_multi_training_sweep.sh: line 157: results/eeg_multi_training_sweep/20260612_165444/sweep_metadata.txt: No such file or directory
Building Docker image/service 'eeg_train_multi'...
 Image scrabrain-megxl:latest Building 
#1 [internal] load local bake definitions
#1 reading from stdin 569B done
#1 DONE 0.0s

#2 [internal] load build definition from Dockerfile
#2 transferring dockerfile: 30B
#2 transferring dockerfile: 1.04kB done
#2 DONE 0.0s

#3 [internal] load metadata for docker.io/nvidia/cuda:12.8.1-cudnn-devel-ubuntu24.04
#3 DONE 0.7s

#4 [internal] load .dockerignore
#4 transferring context: 476B done
#4 DONE 0.0s

#5 [1/8] FROM docker.io/nvidia/cuda:12.8.1-cudnn-devel-ubuntu24.04@sha256:24c8e3581ea6330038b0d374920721983312627f8adbfcf390bdb4b399d280ed
#5 resolve docker.io/nvidia/cuda:12.8.1-cudnn-devel-ubuntu24.04@sha256:24c8e3581ea6330038b0d374920721983312627f8adbfcf390bdb4b399d280ed 0.0s done
#5 DONE 0.0s

#6 [internal] load build context
#6 transferring context: 180.14kB 0.0s done
#6 DONE 0.0s

#7 [5/8] COPY pyproject.toml uv.lock ./
#7 CACHED

#8 [4/8] WORKDIR /workspace
#8 CACHED

#9 [2/8] RUN apt-get update && apt-get install -y     ca-certificates     curl     git     build-essential     python3.12     python3.12-dev     python3.12-venv     && rm -rf /var/lib/apt/lists/*
#9 CACHED

#10 [3/8] RUN curl -LsSf https://astral.sh/uv/install.sh | sh
#10 CACHED

#11 [6/8] RUN uv sync --frozen --no-install-project
#11 CACHED

#12 [7/8] COPY . .
#12 DONE 0.4s

#13 [8/8] RUN uv pip install --no-deps -e .
#13 0.257 Using Python 3.12.3 environment at: /opt/venv
#13 0.269 Resolved 1 package in 2ms
#13 0.270    Building scrabrain @ file:///workspace
#13 1.086       Built scrabrain @ file:///workspace
#13 1.089 Prepared 1 package in 819ms
#13 1.096 Installed 1 package in 6ms
#13 1.096  + scrabrain==0.1.0 (from file:///workspace)
#13 DONE 1.2s

#14 exporting to image
#14 exporting layers
#14 exporting layers 14.3s done
#14 exporting manifest sha256:f77996a18a553bfdc9e2fbf9f2fbc3be1d2ab45ab2dd92df2e7d2c836c6eca14 done
#14 exporting config sha256:52ecf5db1871645bed3ebe018ab35b1753074a4bcb51ef6c9e6fa09ff84cba7a done
#14 exporting attestation manifest sha256:ab4f7066503ec7ee70b3e91c307430a435d0f5a50ebee630022aa3645b35d2cf done
#14 exporting manifest list sha256:75c01e6c5b6375dc73bc1a6dc3ff0621ae303a0cb6385481e940b7de789dea98 done
#14 naming to docker.io/library/scrabrain-megxl:latest done
#14 unpacking to docker.io/library/scrabrain-megxl:latest
#14 unpacking to docker.io/library/scrabrain-megxl:latest 1.2s done
#14 DONE 15.5s

#15 resolving provenance for metadata file
#15 DONE 0.0s
 Image scrabrain-megxl:latest Built 
mkdir: cannot create directory ‘results/eeg_multi_training_sweep’: Permission denied
scripts/run_eeg_multi_training_sweep.sh: line 235: results/eeg_multi_training_sweep/20260612_165444/eeg_multi_beta_13_24_biocodec_scratch_seed42/command.txt: No such file or directory
scripts/run_eeg_multi_training_sweep.sh: line 236: results/eeg_multi_training_sweep/20260612_165444/eeg_multi_beta_13_24_biocodec_scratch_seed42/command.txt: No such file or directory

================================================================================
[1] Running eeg_multi_beta_13_24_biocodec_scratch_seed42
================================================================================
Run artifacts will be in: logs/eeg_multi_training/eeg_multi_beta_13_24_biocodec_scratch_seed42
Checkpoints will be in:   checkpoints/eeg_multi_training/eeg_multi_beta_13_24_biocodec_scratch_seed42
tee: results/eeg_multi_training_sweep/20260612_165444/eeg_multi_beta_13_24_biocodec_scratch_seed42/stdout_stderr.log: No such file or directory
time="2026-06-12T16:55:02+02:00" level=warning msg="Found orphan containers ([scrabrain-precompute_stats-run-782b319b09b0 scrabrain-meg_training_job-run-b900704724bd scrabrain-meg_training_job-run-c711854b3a28 scrabrain-meg_training_job-run-14e29a4462bf]) for this project. If you removed or renamed this service in your compose file, you can run this command with the --remove-orphans flag to clean it up."
 Container scrabrain_eeg_multi_beta_13_24_biocodec_scratch_seed42 Creating 
 Container scrabrain_eeg_multi_beta_13_24_biocodec_scratch_seed42 Created 

==========
== CUDA ==
==========

CUDA Version 12.8.1

Container image Copyright (c) 2016-2023, NVIDIA CORPORATION & AFFILIATES. All rights reserved.

This container image and its contents are governed by the NVIDIA Deep Learning Container License.
By pulling and using the container, you accept the terms and conditions of this license:
https://developer.nvidia.com/ngc/nvidia-deep-learning-container-license

A copy of this license is made available in this container at /NGC-DL-CONTAINER-LICENSE for your convenience.


================================================================================
MULTI-DATASET EEG CRISS-CROSS TRANSFORMER TRAINING
================================================================================

=== Configuration ===
datasets_config:
- type: openneuro_ds004408
  data_root: /workspace/datasets/OpenNeuroEEG_ds004408
  subjects: null
  sessions: null
  tasks:
  - listening
  val_subjects:
  - sub-017
  - sub-018
  - sub-019
  allow_missing_word_alignment: false
- type: openneuro_ds007808
  data_root: /workspace/datasets/OpenNeuroEEG_ds007808
  subjects: null
  sessions: null
  tasks:
  - listening
  - listeningcovert
  val_sessions:
  - ses-20240621
  - ses-20240624
  - ses-20240625
  - ses-20240626
  - ses-20240627
  - ses-20240628
  - ses-20240701
  - ses-20241119
  - ses-20241227
  allow_missing_word_alignment: false
data:
  cache_dir: ./data/cache/eeg_multi_training/beta_13_24_biocodec
  segment_length: 150.0
  subsegment_duration: 3.0
  words_per_segment: 50
  window_onset_offset: -0.5
  debug_mode: false
  l_freq: 13.0
  h_freq: 24.0
  target_sfreq: 50.0
  max_channel_dim: null
  infer_max_channel_dim: true
  allow_missing_word_alignment: false
  recording_subsample_prop: null
  frequency_experiments:
    beta_13_24:
      target_sfreq: 50.0
      l_freq: 13.0
      h_freq: 24.0
    beta_gamma_13_45:
      target_sfreq: 100.0
      l_freq: 13.0
      h_freq: 45.0
    low_gamma_30_45:
      target_sfreq: 100.0
      l_freq: 30.0
      h_freq: 45.0
    gamma_30_55:
      target_sfreq: 128.0
      l_freq: 30.0
      h_freq: 55.0
    high_gamma_70_120:
      target_sfreq: 250.0
      l_freq: 70.0
      h_freq: 120.0
neuro_tokenizers:
  biocodec:
    tokenizer_name: biocodec
    tokenizer_variant: default
    tokenizer_checkpoint: ./brainstorm/neuro_tokenizers/biocodec_ckpt.pt
    tokenizer_ckpt: ./brainstorm/neuro_tokenizers/biocodec_ckpt.pt
    tokenizer_config_path: null
    vocab_size: 256
    num_quantizers: 6
    num_quantizers_used: 6
    tokenizer_downsample_ratio: 12
    overlap_ratio: 0.0
  brainomni_base:
    tokenizer_name: brainomni
    tokenizer_variant: base
    tokenizer_checkpoint: ./brainstorm/neuro_tokenizers/base/BrainOmni.pt
    tokenizer_ckpt: ./brainstorm/neuro_tokenizers/base/BrainOmni.pt
    tokenizer_config_path: ./brainstorm/neuro_tokenizers/base/model_cfg.json
    vocab_size: 512
    num_quantizers: 4
    num_quantizers_used: 4
    tokenizer_downsample_ratio: 64
    overlap_ratio: 0.25
  brainomni_tiny:
    tokenizer_name: brainomni
    tokenizer_variant: tiny
    tokenizer_checkpoint: ./brainstorm/neuro_tokenizers/tiny/BrainOmni.pt
    tokenizer_ckpt: ./brainstorm/neuro_tokenizers/tiny/BrainOmni.pt
    tokenizer_config_path: ./brainstorm/neuro_tokenizers/tiny/model_cfg.json
    vocab_size: 512
    num_quantizers: 4
    num_quantizers_used: 4
    tokenizer_downsample_ratio: 64
    overlap_ratio: 0.25
  braintokenizer_default:
    tokenizer_name: braintokenizer
    tokenizer_variant: default
    tokenizer_checkpoint: ./brainstorm/neuro_tokenizers/braintokenizer/BrainTokenizer.pt
    tokenizer_ckpt: ./brainstorm/neuro_tokenizers/braintokenizer/BrainTokenizer.pt
    tokenizer_config_path: ./brainstorm/neuro_tokenizers/braintokenizer/model_cfg.json
    vocab_size: 512
    num_quantizers: 4
    num_quantizers_used: 4
    tokenizer_downsample_ratio: 64
    overlap_ratio: 0.0
model:
  tokenizer_name: biocodec
  tokenizer_variant: default
  tokenizer_checkpoint: ./brainstorm/neuro_tokenizers/biocodec_ckpt.pt
  tokenizer_ckpt: ./brainstorm/neuro_tokenizers/biocodec_ckpt.pt
  tokenizer_config_path: null
  vocab_size: 256
  num_quantizers: 6
  num_quantizers_used: 6
  tokenizer_downsample_ratio: 12
  overlap_ratio: 0.0
  latent_dim: 512
  num_layers: 8
  num_heads: 8
  use_gradient_checkpointing: true
  mask_duration: 3.0
  num_subsegments_to_mask: 20
  sampling_rate: 50
  fourier_pos_dim: 250
  num_sensor_types: 3
  train_from_scratch: true
  criss_cross_checkpoint: ./checkpoints/baseline/meg-xl-med.ckpt
  use_promoted_checkpoint: false
  promoted_checkpoint: null
training:
  batch_size: 1
  num_epochs: 50
  max_steps: null
  learning_rate: 0.0001
  warmup_steps: 250
  gradient_clip_val: 1.0
  num_workers: 6
  pin_memory: true
  persistent_workers: true
  use_recording_sampler: true
  sampler_seed: 42
logging:
  wandb_project: brainstorm
  wandb_entity: null
  experiment_name: eeg_multi_beta_13_24_biocodec_scratch_seed42
  save_dir: ./logs/eeg_multi_training
  log_every_n_steps: 10
checkpoint:
  save_dir: ./checkpoints/eeg_multi_training
  every_n_train_steps: 5000
  save_top_k: 1
  save_last: true
  monitor: val/loss
  mode: min
  resume: false
  resume_path: null
trainer:
  accelerator: gpu
  devices: 2
  strategy: fsdp
  precision: bf16-mixed
  accumulate_grad_batches: 1
  val_check_interval: 500
seed: 42

✓ Config validation passed
Seed set to 42
✓ Random seed set to 42

================================================================================
SETTING UP EEG DATA
================================================================================
Could not infer max_channel_dim from materialized EEG headers/channels.tsv. Set max_channel_dim manually if datasets have different channel counts.
Traceback (most recent call last):
  File "/workspace/brainstorm/train_criss_cross_eeg_multi.py", line 444, in main
    datamodule.setup("fit")
  File "/workspace/brainstorm/data/eeg_multi_datamodule.py", line 328, in setup
    dataset = self._create_dataset(config, split="train", max_channel_dim=max_channel_dim)
              ^^^^^^^^^^^^^^^^^^^^^^^^^^^^^^^^^^^^^^^^^^^^^^^^^^^^^^^^^^^^^^^^^^^^^^^^^^^^
  File "/workspace/brainstorm/data/eeg_multi_datamodule.py", line 275, in _create_dataset
    return dataset_cls(
           ^^^^^^^^^^^^
  File "/workspace/brainstorm/data/openneuroEEG_ds004408_word_aligned_dataset.py", line 66, in __init__
    super().__init__(
  File "/workspace/brainstorm/data/eeg_word_aligned_dataset.py", line 966, in __init__
    super().__init__(*args, dataset_name=dataset_name, task_mode=task_mode, **kwargs)
  File "/workspace/brainstorm/data/eeg_word_aligned_dataset.py", line 296, in __init__
    raise ValueError(
ValueError: No EEG recordings found in /workspace/datasets/OpenNeuroEEG_ds004408 for dataset=openneuroEEG_ds004408, subjects=['sub-001', 'sub-002', 'sub-003', 'sub-004', 'sub-005', 'sub-006', 'sub-007', 'sub-008', 'sub-009', 'sub-010', 'sub-011', 'sub-012', 'sub-013', 'sub-014', 'sub-015', 'sub-016'], sessions=None, tasks=['listening']. Skipped 320 unavailable raw EEG file(s): /workspace/datasets/OpenNeuroEEG_ds004408/sub-001/eeg/sub-001_task-listening_run-01_eeg.vhdr, /workspace/datasets/OpenNeuroEEG_ds004408/sub-001/eeg/sub-001_task-listening_run-02_eeg.vhdr, /workspace/datasets/OpenNeuroEEG_ds004408/sub-001/eeg/sub-001_task-listening_run-03_eeg.vhdr, /workspace/datasets/OpenNeuroEEG_ds004408/sub-001/eeg/sub-001_task-listening_run-04_eeg.vhdr, /workspace/datasets/OpenNeuroEEG_ds004408/sub-001/eeg/sub-001_task-listening_run-05_eeg.vhdr, ... (320 total). Materialize the raw EEG files or narrow the subjects/sessions/tasks filter.

Error executing job with overrides: ['data.target_sfreq=50.0', 'model.sampling_rate=50', 'data.l_freq=13.0', 'data.h_freq=24.0', 'data.cache_dir=./data/cache/eeg_multi_training/beta_13_24_biocodec', 'logging.experiment_name=eeg_multi_beta_13_24_biocodec_scratch_seed42', 'logging.save_dir=./logs/eeg_multi_training', 'checkpoint.save_dir=./checkpoints/eeg_multi_training', 'trainer.devices=2', 'trainer.strategy=fsdp', 'trainer.val_check_interval=500', 'checkpoint.every_n_train_steps=5000', 'seed=42', 'model.tokenizer_name=biocodec', 'model.tokenizer_variant=default', 'model.tokenizer_checkpoint=./brainstorm/neuro_tokenizers/biocodec_ckpt.pt', 'model.tokenizer_ckpt=./brainstorm/neuro_tokenizers/biocodec_ckpt.pt', 'model.vocab_size=256', 'model.num_quantizers=6', 'model.num_quantizers_used=6', 'model.tokenizer_downsample_ratio=12', 'model.overlap_ratio=0.0', 'model.train_from_scratch=true', 'model.use_promoted_checkpoint=false']
Traceback (most recent call last):
  File "<frozen runpy>", line 198, in _run_module_as_main
  File "<frozen runpy>", line 88, in _run_code
  File "/workspace/brainstorm/train_criss_cross_eeg_multi.py", line 606, in <module>
    main()
  File "/opt/venv/lib/python3.12/site-packages/hydra/main.py", line 94, in decorated_main
    _run_hydra(
  File "/opt/venv/lib/python3.12/site-packages/hydra/_internal/utils.py", line 394, in _run_hydra
    _run_app(
  File "/opt/venv/lib/python3.12/site-packages/hydra/_internal/utils.py", line 457, in _run_app
    run_and_report(
  File "/opt/venv/lib/python3.12/site-packages/hydra/_internal/utils.py", line 223, in run_and_report
    raise ex
  File "/opt/venv/lib/python3.12/site-packages/hydra/_internal/utils.py", line 220, in run_and_report
    return func()
           ^^^^^^
  File "/opt/venv/lib/python3.12/site-packages/hydra/_internal/utils.py", line 458, in <lambda>
    lambda: hydra.run(
            ^^^^^^^^^^
  File "/opt/venv/lib/python3.12/site-packages/hydra/_internal/hydra.py", line 132, in run
    _ = ret.return_value
        ^^^^^^^^^^^^^^^^
  File "/opt/venv/lib/python3.12/site-packages/hydra/core/utils.py", line 260, in return_value
    raise self._return_value
  File "/opt/venv/lib/python3.12/site-packages/hydra/core/utils.py", line 186, in run_job
    ret.return_value = task_function(task_cfg)
                       ^^^^^^^^^^^^^^^^^^^^^^^
  File "/workspace/brainstorm/train_criss_cross_eeg_multi.py", line 444, in main
    datamodule.setup("fit")
  File "/workspace/brainstorm/data/eeg_multi_datamodule.py", line 328, in setup
    dataset = self._create_dataset(config, split="train", max_channel_dim=max_channel_dim)
              ^^^^^^^^^^^^^^^^^^^^^^^^^^^^^^^^^^^^^^^^^^^^^^^^^^^^^^^^^^^^^^^^^^^^^^^^^^^^
  File "/workspace/brainstorm/data/eeg_multi_datamodule.py", line 275, in _create_dataset
    return dataset_cls(
           ^^^^^^^^^^^^
  File "/workspace/brainstorm/data/openneuroEEG_ds004408_word_aligned_dataset.py", line 66, in __init__
    super().__init__(
  File "/workspace/brainstorm/data/eeg_word_aligned_dataset.py", line 966, in __init__
    super().__init__(*args, dataset_name=dataset_name, task_mode=task_mode, **kwargs)
  File "/workspace/brainstorm/data/eeg_word_aligned_dataset.py", line 296, in __init__
    raise ValueError(
ValueError: No EEG recordings found in /workspace/datasets/OpenNeuroEEG_ds004408 for dataset=openneuroEEG_ds004408, subjects=['sub-001', 'sub-002', 'sub-003', 'sub-004', 'sub-005', 'sub-006', 'sub-007', 'sub-008', 'sub-009', 'sub-010', 'sub-011', 'sub-012', 'sub-013', 'sub-014', 'sub-015', 'sub-016'], sessions=None, tasks=['listening']. Skipped 320 unavailable raw EEG file(s): /workspace/datasets/OpenNeuroEEG_ds004408/sub-001/eeg/sub-001_task-listening_run-01_eeg.vhdr, /workspace/datasets/OpenNeuroEEG_ds004408/sub-001/eeg/sub-001_task-listening_run-02_eeg.vhdr, /workspace/datasets/OpenNeuroEEG_ds004408/sub-001/eeg/sub-001_task-listening_run-03_eeg.vhdr, /workspace/datasets/OpenNeuroEEG_ds004408/sub-001/eeg/sub-001_task-listening_run-04_eeg.vhdr, /workspace/datasets/OpenNeuroEEG_ds004408/sub-001/eeg/sub-001_task-listening_run-05_eeg.vhdr, ... (320 total). Materialize the raw EEG files or narrow the subjects/sessions/tasks filter.

scripts/run_eeg_multi_training_sweep.sh: line 150: results/eeg_multi_training_sweep/20260612_165444/runs.tsv: No such file or directory
mkdir: cannot create directory ‘results/eeg_multi_training_sweep’: Permission denied
scripts/run_eeg_multi_training_sweep.sh: line 235: results/eeg_multi_training_sweep/20260612_165444/eeg_multi_beta_gamma_13_45_biocodec_scratch_seed42/command.txt: No such file or directory
scripts/run_eeg_multi_training_sweep.sh: line 236: results/eeg_multi_training_sweep/20260612_165444/eeg_multi_beta_gamma_13_45_biocodec_scratch_seed42/command.txt: No such file or directory

================================================================================
[2] Running eeg_multi_beta_gamma_13_45_biocodec_scratch_seed42
================================================================================
Run artifacts will be in: logs/eeg_multi_training/eeg_multi_beta_gamma_13_45_biocodec_scratch_seed42
Checkpoints will be in:   checkpoints/eeg_multi_training/eeg_multi_beta_gamma_13_45_biocodec_scratch_seed42
tee: results/eeg_multi_training_sweep/20260612_165444/eeg_multi_beta_gamma_13_45_biocodec_scratch_seed42/stdout_stderr.log: No such file or directory
time="2026-06-12T16:55:18+02:00" level=warning msg="Found orphan containers ([scrabrain-precompute_stats-run-782b319b09b0 scrabrain-meg_training_job-run-b900704724bd scrabrain-meg_training_job-run-c711854b3a28 scrabrain-meg_training_job-run-14e29a4462bf]) for this project. If you removed or renamed this service in your compose file, you can run this command with the --remove-orphans flag to clean it up."
 Container scrabrain_eeg_multi_beta_gamma_13_45_biocodec_scratch_seed42 Creating 
 Container scrabrain_eeg_multi_beta_gamma_13_45_biocodec_scratch_seed42 Created 

==========
== CUDA ==
==========

CUDA Version 12.8.1

Container image Copyright (c) 2016-2023, NVIDIA CORPORATION & AFFILIATES. All rights reserved.

This container image and its contents are governed by the NVIDIA Deep Learning Container License.
By pulling and using the container, you accept the terms and conditions of this license:
https://developer.nvidia.com/ngc/nvidia-deep-learning-container-license

A copy of this license is made available in this container at /NGC-DL-CONTAINER-LICENSE for your convenience.


================================================================================
MULTI-DATASET EEG CRISS-CROSS TRANSFORMER TRAINING
================================================================================

=== Configuration ===
datasets_config:
- type: openneuro_ds004408
  data_root: /workspace/datasets/OpenNeuroEEG_ds004408
  subjects: null
  sessions: null
  tasks:
  - listening
  val_subjects:
  - sub-017
  - sub-018
  - sub-019
  allow_missing_word_alignment: false
- type: openneuro_ds007808
  data_root: /workspace/datasets/OpenNeuroEEG_ds007808
  subjects: null
  sessions: null
  tasks:
  - listening
  - listeningcovert
  val_sessions:
  - ses-20240621
  - ses-20240624
  - ses-20240625
  - ses-20240626
  - ses-20240627
  - ses-20240628
  - ses-20240701
  - ses-20241119
  - ses-20241227
  allow_missing_word_alignment: false
data:
  cache_dir: ./data/cache/eeg_multi_training/beta_gamma_13_45_biocodec
  segment_length: 150.0
  subsegment_duration: 3.0
  words_per_segment: 50
  window_onset_offset: -0.5
  debug_mode: false
  l_freq: 13.0
  h_freq: 45.0
  target_sfreq: 100.0
  max_channel_dim: null
  infer_max_channel_dim: true
  allow_missing_word_alignment: false
  recording_subsample_prop: null
  frequency_experiments:
    beta_13_24:
      target_sfreq: 50.0
      l_freq: 13.0
      h_freq: 24.0
    beta_gamma_13_45:
      target_sfreq: 100.0
      l_freq: 13.0
      h_freq: 45.0
    low_gamma_30_45:
      target_sfreq: 100.0
      l_freq: 30.0
      h_freq: 45.0
    gamma_30_55:
      target_sfreq: 128.0
      l_freq: 30.0
      h_freq: 55.0
    high_gamma_70_120:
      target_sfreq: 250.0
      l_freq: 70.0
      h_freq: 120.0
neuro_tokenizers:
  biocodec:
    tokenizer_name: biocodec
    tokenizer_variant: default
    tokenizer_checkpoint: ./brainstorm/neuro_tokenizers/biocodec_ckpt.pt
    tokenizer_ckpt: ./brainstorm/neuro_tokenizers/biocodec_ckpt.pt
    tokenizer_config_path: null
    vocab_size: 256
    num_quantizers: 6
    num_quantizers_used: 6
    tokenizer_downsample_ratio: 12
    overlap_ratio: 0.0
  brainomni_base:
    tokenizer_name: brainomni
    tokenizer_variant: base
    tokenizer_checkpoint: ./brainstorm/neuro_tokenizers/base/BrainOmni.pt
    tokenizer_ckpt: ./brainstorm/neuro_tokenizers/base/BrainOmni.pt
    tokenizer_config_path: ./brainstorm/neuro_tokenizers/base/model_cfg.json
    vocab_size: 512
    num_quantizers: 4
    num_quantizers_used: 4
    tokenizer_downsample_ratio: 64
    overlap_ratio: 0.25
  brainomni_tiny:
    tokenizer_name: brainomni
    tokenizer_variant: tiny
    tokenizer_checkpoint: ./brainstorm/neuro_tokenizers/tiny/BrainOmni.pt
    tokenizer_ckpt: ./brainstorm/neuro_tokenizers/tiny/BrainOmni.pt
    tokenizer_config_path: ./brainstorm/neuro_tokenizers/tiny/model_cfg.json
    vocab_size: 512
    num_quantizers: 4
    num_quantizers_used: 4
    tokenizer_downsample_ratio: 64
    overlap_ratio: 0.25
  braintokenizer_default:
    tokenizer_name: braintokenizer
    tokenizer_variant: default
    tokenizer_checkpoint: ./brainstorm/neuro_tokenizers/braintokenizer/BrainTokenizer.pt
    tokenizer_ckpt: ./brainstorm/neuro_tokenizers/braintokenizer/BrainTokenizer.pt
    tokenizer_config_path: ./brainstorm/neuro_tokenizers/braintokenizer/model_cfg.json
    vocab_size: 512
    num_quantizers: 4
    num_quantizers_used: 4
    tokenizer_downsample_ratio: 64
    overlap_ratio: 0.0
model:
  tokenizer_name: biocodec
  tokenizer_variant: default
  tokenizer_checkpoint: ./brainstorm/neuro_tokenizers/biocodec_ckpt.pt
  tokenizer_ckpt: ./brainstorm/neuro_tokenizers/biocodec_ckpt.pt
  tokenizer_config_path: null
  vocab_size: 256
  num_quantizers: 6
  num_quantizers_used: 6
  tokenizer_downsample_ratio: 12
  overlap_ratio: 0.0
  latent_dim: 512
  num_layers: 8
  num_heads: 8
  use_gradient_checkpointing: true
  mask_duration: 3.0
  num_subsegments_to_mask: 20
  sampling_rate: 100
  fourier_pos_dim: 250
  num_sensor_types: 3
  train_from_scratch: true
  criss_cross_checkpoint: ./checkpoints/baseline/meg-xl-med.ckpt
  use_promoted_checkpoint: false
  promoted_checkpoint: null
training:
  batch_size: 1
  num_epochs: 50
  max_steps: null
  learning_rate: 0.0001
  warmup_steps: 250
  gradient_clip_val: 1.0
  num_workers: 6
  pin_memory: true
  persistent_workers: true
  use_recording_sampler: true
  sampler_seed: 42
logging:
  wandb_project: brainstorm
  wandb_entity: null
  experiment_name: eeg_multi_beta_gamma_13_45_biocodec_scratch_seed42
  save_dir: ./logs/eeg_multi_training
  log_every_n_steps: 10
checkpoint:
  save_dir: ./checkpoints/eeg_multi_training
  every_n_train_steps: 5000
  save_top_k: 1
  save_last: true
  monitor: val/loss
  mode: min
  resume: false
  resume_path: null
trainer:
  accelerator: gpu
  devices: 2
  strategy: fsdp
  precision: bf16-mixed
  accumulate_grad_batches: 1
  val_check_interval: 500
seed: 42

✓ Config validation passed
Seed set to 42
✓ Random seed set to 42

================================================================================
SETTING UP EEG DATA
================================================================================
Could not infer max_channel_dim from materialized EEG headers/channels.tsv. Set max_channel_dim manually if datasets have different channel counts.
Traceback (most recent call last):
  File "/workspace/brainstorm/train_criss_cross_eeg_multi.py", line 444, in main
    datamodule.setup("fit")
  File "/workspace/brainstorm/data/eeg_multi_datamodule.py", line 328, in setup
    dataset = self._create_dataset(config, split="train", max_channel_dim=max_channel_dim)
              ^^^^^^^^^^^^^^^^^^^^^^^^^^^^^^^^^^^^^^^^^^^^^^^^^^^^^^^^^^^^^^^^^^^^^^^^^^^^
  File "/workspace/brainstorm/data/eeg_multi_datamodule.py", line 275, in _create_dataset
    return dataset_cls(
           ^^^^^^^^^^^^
  File "/workspace/brainstorm/data/openneuroEEG_ds004408_word_aligned_dataset.py", line 66, in __init__
    super().__init__(
  File "/workspace/brainstorm/data/eeg_word_aligned_dataset.py", line 966, in __init__
    super().__init__(*args, dataset_name=dataset_name, task_mode=task_mode, **kwargs)
  File "/workspace/brainstorm/data/eeg_word_aligned_dataset.py", line 296, in __init__
    raise ValueError(
ValueError: No EEG recordings found in /workspace/datasets/OpenNeuroEEG_ds004408 for dataset=openneuroEEG_ds004408, subjects=['sub-001', 'sub-002', 'sub-003', 'sub-004', 'sub-005', 'sub-006', 'sub-007', 'sub-008', 'sub-009', 'sub-010', 'sub-011', 'sub-012', 'sub-013', 'sub-014', 'sub-015', 'sub-016'], sessions=None, tasks=['listening']. Skipped 320 unavailable raw EEG file(s): /workspace/datasets/OpenNeuroEEG_ds004408/sub-001/eeg/sub-001_task-listening_run-01_eeg.vhdr, /workspace/datasets/OpenNeuroEEG_ds004408/sub-001/eeg/sub-001_task-listening_run-02_eeg.vhdr, /workspace/datasets/OpenNeuroEEG_ds004408/sub-001/eeg/sub-001_task-listening_run-03_eeg.vhdr, /workspace/datasets/OpenNeuroEEG_ds004408/sub-001/eeg/sub-001_task-listening_run-04_eeg.vhdr, /workspace/datasets/OpenNeuroEEG_ds004408/sub-001/eeg/sub-001_task-listening_run-05_eeg.vhdr, ... (320 total). Materialize the raw EEG files or narrow the subjects/sessions/tasks filter.

Error executing job with overrides: ['data.target_sfreq=100.0', 'model.sampling_rate=100', 'data.l_freq=13.0', 'data.h_freq=45.0', 'data.cache_dir=./data/cache/eeg_multi_training/beta_gamma_13_45_biocodec', 'logging.experiment_name=eeg_multi_beta_gamma_13_45_biocodec_scratch_seed42', 'logging.save_dir=./logs/eeg_multi_training', 'checkpoint.save_dir=./checkpoints/eeg_multi_training', 'trainer.devices=2', 'trainer.strategy=fsdp', 'trainer.val_check_interval=500', 'checkpoint.every_n_train_steps=5000', 'seed=42', 'model.tokenizer_name=biocodec', 'model.tokenizer_variant=default', 'model.tokenizer_checkpoint=./brainstorm/neuro_tokenizers/biocodec_ckpt.pt', 'model.tokenizer_ckpt=./brainstorm/neuro_tokenizers/biocodec_ckpt.pt', 'model.vocab_size=256', 'model.num_quantizers=6', 'model.num_quantizers_used=6', 'model.tokenizer_downsample_ratio=12', 'model.overlap_ratio=0.0', 'model.train_from_scratch=true', 'model.use_promoted_checkpoint=false']
Traceback (most recent call last):
  File "<frozen runpy>", line 198, in _run_module_as_main
  File "<frozen runpy>", line 88, in _run_code
  File "/workspace/brainstorm/train_criss_cross_eeg_multi.py", line 606, in <module>
    main()
  File "/opt/venv/lib/python3.12/site-packages/hydra/main.py", line 94, in decorated_main
    _run_hydra(
  File "/opt/venv/lib/python3.12/site-packages/hydra/_internal/utils.py", line 394, in _run_hydra
    _run_app(
  File "/opt/venv/lib/python3.12/site-packages/hydra/_internal/utils.py", line 457, in _run_app
    run_and_report(
  File "/opt/venv/lib/python3.12/site-packages/hydra/_internal/utils.py", line 223, in run_and_report
    raise ex
  File "/opt/venv/lib/python3.12/site-packages/hydra/_internal/utils.py", line 220, in run_and_report
    return func()
           ^^^^^^
  File "/opt/venv/lib/python3.12/site-packages/hydra/_internal/utils.py", line 458, in <lambda>
    lambda: hydra.run(
            ^^^^^^^^^^
  File "/opt/venv/lib/python3.12/site-packages/hydra/_internal/hydra.py", line 132, in run
    _ = ret.return_value
        ^^^^^^^^^^^^^^^^
  File "/opt/venv/lib/python3.12/site-packages/hydra/core/utils.py", line 260, in return_value
    raise self._return_value
  File "/opt/venv/lib/python3.12/site-packages/hydra/core/utils.py", line 186, in run_job
    ret.return_value = task_function(task_cfg)
                       ^^^^^^^^^^^^^^^^^^^^^^^
  File "/workspace/brainstorm/train_criss_cross_eeg_multi.py", line 444, in main
    datamodule.setup("fit")
  File "/workspace/brainstorm/data/eeg_multi_datamodule.py", line 328, in setup
    dataset = self._create_dataset(config, split="train", max_channel_dim=max_channel_dim)
              ^^^^^^^^^^^^^^^^^^^^^^^^^^^^^^^^^^^^^^^^^^^^^^^^^^^^^^^^^^^^^^^^^^^^^^^^^^^^
  File "/workspace/brainstorm/data/eeg_multi_datamodule.py", line 275, in _create_dataset
    return dataset_cls(
           ^^^^^^^^^^^^
  File "/workspace/brainstorm/data/openneuroEEG_ds004408_word_aligned_dataset.py", line 66, in __init__
    super().__init__(
  File "/workspace/brainstorm/data/eeg_word_aligned_dataset.py", line 966, in __init__
    super().__init__(*args, dataset_name=dataset_name, task_mode=task_mode, **kwargs)
  File "/workspace/brainstorm/data/eeg_word_aligned_dataset.py", line 296, in __init__
    raise ValueError(
ValueError: No EEG recordings found in /workspace/datasets/OpenNeuroEEG_ds004408 for dataset=openneuroEEG_ds004408, subjects=['sub-001', 'sub-002', 'sub-003', 'sub-004', 'sub-005', 'sub-006', 'sub-007', 'sub-008', 'sub-009', 'sub-010', 'sub-011', 'sub-012', 'sub-013', 'sub-014', 'sub-015', 'sub-016'], sessions=None, tasks=['listening']. Skipped 320 unavailable raw EEG file(s): /workspace/datasets/OpenNeuroEEG_ds004408/sub-001/eeg/sub-001_task-listening_run-01_eeg.vhdr, /workspace/datasets/OpenNeuroEEG_ds004408/sub-001/eeg/sub-001_task-listening_run-02_eeg.vhdr, /workspace/datasets/OpenNeuroEEG_ds004408/sub-001/eeg/sub-001_task-listening_run-03_eeg.vhdr, /workspace/datasets/OpenNeuroEEG_ds004408/sub-001/eeg/sub-001_task-listening_run-04_eeg.vhdr, /workspace/datasets/OpenNeuroEEG_ds004408/sub-001/eeg/sub-001_task-listening_run-05_eeg.vhdr, ... (320 total). Materialize the raw EEG files or narrow the subjects/sessions/tasks filter.

scripts/run_eeg_multi_training_sweep.sh: line 150: results/eeg_multi_training_sweep/20260612_165444/runs.tsv: No such file or directory
mkdir: cannot create directory ‘results/eeg_multi_training_sweep’: Permission denied
scripts/run_eeg_multi_training_sweep.sh: line 235: results/eeg_multi_training_sweep/20260612_165444/eeg_multi_low_gamma_30_45_biocodec_scratch_seed42/command.txt: No such file or directory
scripts/run_eeg_multi_training_sweep.sh: line 236: results/eeg_multi_training_sweep/20260612_165444/eeg_multi_low_gamma_30_45_biocodec_scratch_seed42/command.txt: No such file or directory

================================================================================
[3] Running eeg_multi_low_gamma_30_45_biocodec_scratch_seed42
================================================================================
Run artifacts will be in: logs/eeg_multi_training/eeg_multi_low_gamma_30_45_biocodec_scratch_seed42
Checkpoints will be in:   checkpoints/eeg_multi_training/eeg_multi_low_gamma_30_45_biocodec_scratch_seed42
tee: results/eeg_multi_training_sweep/20260612_165444/eeg_multi_low_gamma_30_45_biocodec_scratch_seed42/stdout_stderr.log: No such file or directory
time="2026-06-12T16:55:33+02:00" level=warning msg="Found orphan containers ([scrabrain-precompute_stats-run-782b319b09b0 scrabrain-meg_training_job-run-b900704724bd scrabrain-meg_training_job-run-c711854b3a28 scrabrain-meg_training_job-run-14e29a4462bf]) for this project. If you removed or renamed this service in your compose file, you can run this command with the --remove-orphans flag to clean it up."
 Container scrabrain_eeg_multi_low_gamma_30_45_biocodec_scratch_seed42 Creating 
 Container scrabrain_eeg_multi_low_gamma_30_45_biocodec_scratch_seed42 Created 

==========
== CUDA ==
==========

CUDA Version 12.8.1

Container image Copyright (c) 2016-2023, NVIDIA CORPORATION & AFFILIATES. All rights reserved.

This container image and its contents are governed by the NVIDIA Deep Learning Container License.
By pulling and using the container, you accept the terms and conditions of this license:
https://developer.nvidia.com/ngc/nvidia-deep-learning-container-license

A copy of this license is made available in this container at /NGC-DL-CONTAINER-LICENSE for your convenience.


================================================================================
MULTI-DATASET EEG CRISS-CROSS TRANSFORMER TRAINING
================================================================================

=== Configuration ===
datasets_config:
- type: openneuro_ds004408
  data_root: /workspace/datasets/OpenNeuroEEG_ds004408
  subjects: null
  sessions: null
  tasks:
  - listening
  val_subjects:
  - sub-017
  - sub-018
  - sub-019
  allow_missing_word_alignment: false
- type: openneuro_ds007808
  data_root: /workspace/datasets/OpenNeuroEEG_ds007808
  subjects: null
  sessions: null
  tasks:
  - listening
  - listeningcovert
  val_sessions:
  - ses-20240621
  - ses-20240624
  - ses-20240625
  - ses-20240626
  - ses-20240627
  - ses-20240628
  - ses-20240701
  - ses-20241119
  - ses-20241227
  allow_missing_word_alignment: false
data:
  cache_dir: ./data/cache/eeg_multi_training/low_gamma_30_45_biocodec
  segment_length: 150.0
  subsegment_duration: 3.0
  words_per_segment: 50
  window_onset_offset: -0.5
  debug_mode: false
  l_freq: 30.0
  h_freq: 45.0
  target_sfreq: 100.0
  max_channel_dim: null
  infer_max_channel_dim: true
  allow_missing_word_alignment: false
  recording_subsample_prop: null
  frequency_experiments:
    beta_13_24:
      target_sfreq: 50.0
      l_freq: 13.0
      h_freq: 24.0
    beta_gamma_13_45:
      target_sfreq: 100.0
      l_freq: 13.0
      h_freq: 45.0
    low_gamma_30_45:
      target_sfreq: 100.0
      l_freq: 30.0
      h_freq: 45.0
    gamma_30_55:
      target_sfreq: 128.0
      l_freq: 30.0
      h_freq: 55.0
    high_gamma_70_120:
      target_sfreq: 250.0
      l_freq: 70.0
      h_freq: 120.0
neuro_tokenizers:
  biocodec:
    tokenizer_name: biocodec
    tokenizer_variant: default
    tokenizer_checkpoint: ./brainstorm/neuro_tokenizers/biocodec_ckpt.pt
    tokenizer_ckpt: ./brainstorm/neuro_tokenizers/biocodec_ckpt.pt
    tokenizer_config_path: null
    vocab_size: 256
    num_quantizers: 6
    num_quantizers_used: 6
    tokenizer_downsample_ratio: 12
    overlap_ratio: 0.0
  brainomni_base:
    tokenizer_name: brainomni
    tokenizer_variant: base
    tokenizer_checkpoint: ./brainstorm/neuro_tokenizers/base/BrainOmni.pt
    tokenizer_ckpt: ./brainstorm/neuro_tokenizers/base/BrainOmni.pt
    tokenizer_config_path: ./brainstorm/neuro_tokenizers/base/model_cfg.json
    vocab_size: 512
    num_quantizers: 4
    num_quantizers_used: 4
    tokenizer_downsample_ratio: 64
    overlap_ratio: 0.25
  brainomni_tiny:
    tokenizer_name: brainomni
    tokenizer_variant: tiny
    tokenizer_checkpoint: ./brainstorm/neuro_tokenizers/tiny/BrainOmni.pt
    tokenizer_ckpt: ./brainstorm/neuro_tokenizers/tiny/BrainOmni.pt
    tokenizer_config_path: ./brainstorm/neuro_tokenizers/tiny/model_cfg.json
    vocab_size: 512
    num_quantizers: 4
    num_quantizers_used: 4
    tokenizer_downsample_ratio: 64
    overlap_ratio: 0.25
  braintokenizer_default:
    tokenizer_name: braintokenizer
    tokenizer_variant: default
    tokenizer_checkpoint: ./brainstorm/neuro_tokenizers/braintokenizer/BrainTokenizer.pt
    tokenizer_ckpt: ./brainstorm/neuro_tokenizers/braintokenizer/BrainTokenizer.pt
    tokenizer_config_path: ./brainstorm/neuro_tokenizers/braintokenizer/model_cfg.json
    vocab_size: 512
    num_quantizers: 4
    num_quantizers_used: 4
    tokenizer_downsample_ratio: 64
    overlap_ratio: 0.0
model:
  tokenizer_name: biocodec
  tokenizer_variant: default
  tokenizer_checkpoint: ./brainstorm/neuro_tokenizers/biocodec_ckpt.pt
  tokenizer_ckpt: ./brainstorm/neuro_tokenizers/biocodec_ckpt.pt
  tokenizer_config_path: null
  vocab_size: 256
  num_quantizers: 6
  num_quantizers_used: 6
  tokenizer_downsample_ratio: 12
  overlap_ratio: 0.0
  latent_dim: 512
  num_layers: 8
  num_heads: 8
  use_gradient_checkpointing: true
  mask_duration: 3.0
  num_subsegments_to_mask: 20
  sampling_rate: 100
  fourier_pos_dim: 250
  num_sensor_types: 3
  train_from_scratch: true
  criss_cross_checkpoint: ./checkpoints/baseline/meg-xl-med.ckpt
  use_promoted_checkpoint: false
  promoted_checkpoint: null
training:
  batch_size: 1
  num_epochs: 50
  max_steps: null
  learning_rate: 0.0001
  warmup_steps: 250
  gradient_clip_val: 1.0
  num_workers: 6
  pin_memory: true
  persistent_workers: true
  use_recording_sampler: true
  sampler_seed: 42
logging:
  wandb_project: brainstorm
  wandb_entity: null
  experiment_name: eeg_multi_low_gamma_30_45_biocodec_scratch_seed42
  save_dir: ./logs/eeg_multi_training
  log_every_n_steps: 10
checkpoint:
  save_dir: ./checkpoints/eeg_multi_training
  every_n_train_steps: 5000
  save_top_k: 1
  save_last: true
  monitor: val/loss
  mode: min
  resume: false
  resume_path: null
trainer:
  accelerator: gpu
  devices: 2
  strategy: fsdp
  precision: bf16-mixed
  accumulate_grad_batches: 1
  val_check_interval: 500
seed: 42

✓ Config validation passed
Seed set to 42
✓ Random seed set to 42

================================================================================
SETTING UP EEG DATA
================================================================================
Could not infer max_channel_dim from materialized EEG headers/channels.tsv. Set max_channel_dim manually if datasets have different channel counts.
Traceback (most recent call last):
  File "/workspace/brainstorm/train_criss_cross_eeg_multi.py", line 444, in main
    datamodule.setup("fit")
  File "/workspace/brainstorm/data/eeg_multi_datamodule.py", line 328, in setup
    dataset = self._create_dataset(config, split="train", max_channel_dim=max_channel_dim)
              ^^^^^^^^^^^^^^^^^^^^^^^^^^^^^^^^^^^^^^^^^^^^^^^^^^^^^^^^^^^^^^^^^^^^^^^^^^^^
  File "/workspace/brainstorm/data/eeg_multi_datamodule.py", line 275, in _create_dataset
    return dataset_cls(
           ^^^^^^^^^^^^
  File "/workspace/brainstorm/data/openneuroEEG_ds004408_word_aligned_dataset.py", line 66, in __init__
    super().__init__(
  File "/workspace/brainstorm/data/eeg_word_aligned_dataset.py", line 966, in __init__
    super().__init__(*args, dataset_name=dataset_name, task_mode=task_mode, **kwargs)
  File "/workspace/brainstorm/data/eeg_word_aligned_dataset.py", line 296, in __init__
    raise ValueError(
ValueError: No EEG recordings found in /workspace/datasets/OpenNeuroEEG_ds004408 for dataset=openneuroEEG_ds004408, subjects=['sub-001', 'sub-002', 'sub-003', 'sub-004', 'sub-005', 'sub-006', 'sub-007', 'sub-008', 'sub-009', 'sub-010', 'sub-011', 'sub-012', 'sub-013', 'sub-014', 'sub-015', 'sub-016'], sessions=None, tasks=['listening']. Skipped 320 unavailable raw EEG file(s): /workspace/datasets/OpenNeuroEEG_ds004408/sub-001/eeg/sub-001_task-listening_run-01_eeg.vhdr, /workspace/datasets/OpenNeuroEEG_ds004408/sub-001/eeg/sub-001_task-listening_run-02_eeg.vhdr, /workspace/datasets/OpenNeuroEEG_ds004408/sub-001/eeg/sub-001_task-listening_run-03_eeg.vhdr, /workspace/datasets/OpenNeuroEEG_ds004408/sub-001/eeg/sub-001_task-listening_run-04_eeg.vhdr, /workspace/datasets/OpenNeuroEEG_ds004408/sub-001/eeg/sub-001_task-listening_run-05_eeg.vhdr, ... (320 total). Materialize the raw EEG files or narrow the subjects/sessions/tasks filter.

Error executing job with overrides: ['data.target_sfreq=100.0', 'model.sampling_rate=100', 'data.l_freq=30.0', 'data.h_freq=45.0', 'data.cache_dir=./data/cache/eeg_multi_training/low_gamma_30_45_biocodec', 'logging.experiment_name=eeg_multi_low_gamma_30_45_biocodec_scratch_seed42', 'logging.save_dir=./logs/eeg_multi_training', 'checkpoint.save_dir=./checkpoints/eeg_multi_training', 'trainer.devices=2', 'trainer.strategy=fsdp', 'trainer.val_check_interval=500', 'checkpoint.every_n_train_steps=5000', 'seed=42', 'model.tokenizer_name=biocodec', 'model.tokenizer_variant=default', 'model.tokenizer_checkpoint=./brainstorm/neuro_tokenizers/biocodec_ckpt.pt', 'model.tokenizer_ckpt=./brainstorm/neuro_tokenizers/biocodec_ckpt.pt', 'model.vocab_size=256', 'model.num_quantizers=6', 'model.num_quantizers_used=6', 'model.tokenizer_downsample_ratio=12', 'model.overlap_ratio=0.0', 'model.train_from_scratch=true', 'model.use_promoted_checkpoint=false']
Traceback (most recent call last):
  File "<frozen runpy>", line 198, in _run_module_as_main
  File "<frozen runpy>", line 88, in _run_code
  File "/workspace/brainstorm/train_criss_cross_eeg_multi.py", line 606, in <module>
    main()
  File "/opt/venv/lib/python3.12/site-packages/hydra/main.py", line 94, in decorated_main
    _run_hydra(
  File "/opt/venv/lib/python3.12/site-packages/hydra/_internal/utils.py", line 394, in _run_hydra
    _run_app(
  File "/opt/venv/lib/python3.12/site-packages/hydra/_internal/utils.py", line 457, in _run_app
    run_and_report(
  File "/opt/venv/lib/python3.12/site-packages/hydra/_internal/utils.py", line 223, in run_and_report
    raise ex
  File "/opt/venv/lib/python3.12/site-packages/hydra/_internal/utils.py", line 220, in run_and_report
    return func()
           ^^^^^^
  File "/opt/venv/lib/python3.12/site-packages/hydra/_internal/utils.py", line 458, in <lambda>
    lambda: hydra.run(
            ^^^^^^^^^^
  File "/opt/venv/lib/python3.12/site-packages/hydra/_internal/hydra.py", line 132, in run
    _ = ret.return_value
        ^^^^^^^^^^^^^^^^
  File "/opt/venv/lib/python3.12/site-packages/hydra/core/utils.py", line 260, in return_value
    raise self._return_value
  File "/opt/venv/lib/python3.12/site-packages/hydra/core/utils.py", line 186, in run_job
    ret.return_value = task_function(task_cfg)
                       ^^^^^^^^^^^^^^^^^^^^^^^
  File "/workspace/brainstorm/train_criss_cross_eeg_multi.py", line 444, in main
    datamodule.setup("fit")
  File "/workspace/brainstorm/data/eeg_multi_datamodule.py", line 328, in setup
    dataset = self._create_dataset(config, split="train", max_channel_dim=max_channel_dim)
              ^^^^^^^^^^^^^^^^^^^^^^^^^^^^^^^^^^^^^^^^^^^^^^^^^^^^^^^^^^^^^^^^^^^^^^^^^^^^
  File "/workspace/brainstorm/data/eeg_multi_datamodule.py", line 275, in _create_dataset
    return dataset_cls(
           ^^^^^^^^^^^^
  File "/workspace/brainstorm/data/openneuroEEG_ds004408_word_aligned_dataset.py", line 66, in __init__
    super().__init__(
  File "/workspace/brainstorm/data/eeg_word_aligned_dataset.py", line 966, in __init__
    super().__init__(*args, dataset_name=dataset_name, task_mode=task_mode, **kwargs)
  File "/workspace/brainstorm/data/eeg_word_aligned_dataset.py", line 296, in __init__
    raise ValueError(
ValueError: No EEG recordings found in /workspace/datasets/OpenNeuroEEG_ds004408 for dataset=openneuroEEG_ds004408, subjects=['sub-001', 'sub-002', 'sub-003', 'sub-004', 'sub-005', 'sub-006', 'sub-007', 'sub-008', 'sub-009', 'sub-010', 'sub-011', 'sub-012', 'sub-013', 'sub-014', 'sub-015', 'sub-016'], sessions=None, tasks=['listening']. Skipped 320 unavailable raw EEG file(s): /workspace/datasets/OpenNeuroEEG_ds004408/sub-001/eeg/sub-001_task-listening_run-01_eeg.vhdr, /workspace/datasets/OpenNeuroEEG_ds004408/sub-001/eeg/sub-001_task-listening_run-02_eeg.vhdr, /workspace/datasets/OpenNeuroEEG_ds004408/sub-001/eeg/sub-001_task-listening_run-03_eeg.vhdr, /workspace/datasets/OpenNeuroEEG_ds004408/sub-001/eeg/sub-001_task-listening_run-04_eeg.vhdr, /workspace/datasets/OpenNeuroEEG_ds004408/sub-001/eeg/sub-001_task-listening_run-05_eeg.vhdr, ... (320 total). Materialize the raw EEG files or narrow the subjects/sessions/tasks filter.

scripts/run_eeg_multi_training_sweep.sh: line 150: results/eeg_multi_training_sweep/20260612_165444/runs.tsv: No such file or directory
mkdir: cannot create directory ‘results/eeg_multi_training_sweep’: Permission denied
scripts/run_eeg_multi_training_sweep.sh: line 235: results/eeg_multi_training_sweep/20260612_165444/eeg_multi_gamma_30_55_biocodec_scratch_seed42/command.txt: No such file or directory
scripts/run_eeg_multi_training_sweep.sh: line 236: results/eeg_multi_training_sweep/20260612_165444/eeg_multi_gamma_30_55_biocodec_scratch_seed42/command.txt: No such file or directory

================================================================================
[4] Running eeg_multi_gamma_30_55_biocodec_scratch_seed42
================================================================================
Run artifacts will be in: logs/eeg_multi_training/eeg_multi_gamma_30_55_biocodec_scratch_seed42
Checkpoints will be in:   checkpoints/eeg_multi_training/eeg_multi_gamma_30_55_biocodec_scratch_seed42
tee: results/eeg_multi_training_sweep/20260612_165444/eeg_multi_gamma_30_55_biocodec_scratch_seed42/stdout_stderr.log: No such file or directory
time="2026-06-12T16:55:48+02:00" level=warning msg="Found orphan containers ([scrabrain-precompute_stats-run-782b319b09b0 scrabrain-meg_training_job-run-b900704724bd scrabrain-meg_training_job-run-c711854b3a28 scrabrain-meg_training_job-run-14e29a4462bf]) for this project. If you removed or renamed this service in your compose file, you can run this command with the --remove-orphans flag to clean it up."
 Container scrabrain_eeg_multi_gamma_30_55_biocodec_scratch_seed42 Creating 
 Container scrabrain_eeg_multi_gamma_30_55_biocodec_scratch_seed42 Created 

==========
== CUDA ==
==========

CUDA Version 12.8.1

Container image Copyright (c) 2016-2023, NVIDIA CORPORATION & AFFILIATES. All rights reserved.

This container image and its contents are governed by the NVIDIA Deep Learning Container License.
By pulling and using the container, you accept the terms and conditions of this license:
https://developer.nvidia.com/ngc/nvidia-deep-learning-container-license

A copy of this license is made available in this container at /NGC-DL-CONTAINER-LICENSE for your convenience.

scripts/run_eeg_multi_training_sweep.sh: line 150: results/eeg_multi_training_sweep/20260612_165444/runs.tsv: No such file or directory
mkdir: cannot create directory ‘results/eeg_multi_training_sweep’: Permission denied
scripts/run_eeg_multi_training_sweep.sh: line 235: results/eeg_multi_training_sweep/20260612_165444/eeg_multi_high_gamma_70_120_biocodec_scratch_seed42/command.txt: No such file or directory
scripts/run_eeg_multi_training_sweep.sh: line 236: results/eeg_multi_training_sweep/20260612_165444/eeg_multi_high_gamma_70_120_biocodec_scratch_seed42/command.txt: No such file or directory

================================================================================
[5] Running eeg_multi_high_gamma_70_120_biocodec_scratch_seed42
================================================================================
Run artifacts will be in: logs/eeg_multi_training/eeg_multi_high_gamma_70_120_biocodec_scratch_seed42
Checkpoints will be in:   checkpoints/eeg_multi_training/eeg_multi_high_gamma_70_120_biocodec_scratch_seed42
tee: results/eeg_multi_training_sweep/20260612_165444/eeg_multi_high_gamma_70_120_biocodec_scratch_seed42/stdout_stderr.log: No such file or directory
time="2026-06-12T16:55:53+02:00" level=warning msg="Found orphan containers ([scrabrain-precompute_stats-run-782b319b09b0 scrabrain-meg_training_job-run-b900704724bd scrabrain-meg_training_job-run-c711854b3a28 scrabrain-meg_training_job-run-14e29a4462bf]) for this project. If you removed or renamed this service in your compose file, you can run this command with the --remove-orphans flag to clean it up."
 Container scrabrain_eeg_multi_high_gamma_70_120_biocodec_scratch_seed42 Creating 
 Container scrabrain_eeg_multi_high_gamma_70_120_biocodec_scratch_seed42 Created 
scripts/run_eeg_multi_training_sweep.sh: line 150: results/eeg_multi_training_sweep/20260612_165444/runs.tsv: No such file or directory
mkdir: cannot create directory ‘results/eeg_multi_training_sweep’: Permission denied
scripts/run_eeg_multi_training_sweep.sh: line 235: results/eeg_multi_training_sweep/20260612_165444/eeg_multi_beta_13_24_biocodec_pretrained_seed42/command.txt: No such file or directory
scripts/run_eeg_multi_training_sweep.sh: line 236: results/eeg_multi_training_sweep/20260612_165444/eeg_multi_beta_13_24_biocodec_pretrained_seed42/command.txt: No such file or directory

================================================================================
[6] Running eeg_multi_beta_13_24_biocodec_pretrained_seed42
================================================================================
Run artifacts will be in: logs/eeg_multi_training/eeg_multi_beta_13_24_biocodec_pretrained_seed42
Checkpoints will be in:   checkpoints/eeg_multi_training/eeg_multi_beta_13_24_biocodec_pretrained_seed42
tee: results/eeg_multi_training_sweep/20260612_165444/eeg_multi_beta_13_24_biocodec_pretrained_seed42/stdout_stderr.log: No such file or directory
scripts/run_eeg_multi_training_sweep.sh: line 150: results/eeg_multi_training_sweep/20260612_165444/runs.tsv: No such file or directory
mkdir: cannot create directory ‘results/eeg_multi_training_sweep’: Permission denied
scripts/run_eeg_multi_training_sweep.sh: line 235: results/eeg_multi_training_sweep/20260612_165444/eeg_multi_beta_gamma_13_45_biocodec_pretrained_seed42/command.txt: No such file or directory
scripts/run_eeg_multi_training_sweep.sh: line 236: results/eeg_multi_training_sweep/20260612_165444/eeg_multi_beta_gamma_13_45_biocodec_pretrained_seed42/command.txt: No such file or directory

================================================================================
[7] Running eeg_multi_beta_gamma_13_45_biocodec_pretrained_seed42
================================================================================
Run artifacts will be in: logs/eeg_multi_training/eeg_multi_beta_gamma_13_45_biocodec_pretrained_seed42
Checkpoints will be in:   checkpoints/eeg_multi_training/eeg_multi_beta_gamma_13_45_biocodec_pretrained_seed42
tee: results/eeg_multi_training_sweep/20260612_165444/eeg_multi_beta_gamma_13_45_biocodec_pretrained_seed42/stdout_stderr.log: No such file or directory
scripts/run_eeg_multi_training_sweep.sh: line 150: results/eeg_multi_training_sweep/20260612_165444/runs.tsv: No such file or directory
mkdir: cannot create directory ‘results/eeg_multi_training_sweep’: Permission denied
scripts/run_eeg_multi_training_sweep.sh: line 235: results/eeg_multi_training_sweep/20260612_165444/eeg_multi_low_gamma_30_45_biocodec_pretrained_seed42/command.txt: No such file or directory
scripts/run_eeg_multi_training_sweep.sh: line 236: results/eeg_multi_training_sweep/20260612_165444/eeg_multi_low_gamma_30_45_biocodec_pretrained_seed42/command.txt: No such file or directory

================================================================================
[8] Running eeg_multi_low_gamma_30_45_biocodec_pretrained_seed42
================================================================================
Run artifacts will be in: logs/eeg_multi_training/eeg_multi_low_gamma_30_45_biocodec_pretrained_seed42
Checkpoints will be in:   checkpoints/eeg_multi_training/eeg_multi_low_gamma_30_45_biocodec_pretrained_seed42
tee: results/eeg_multi_training_sweep/20260612_165444/eeg_multi_low_gamma_30_45_biocodec_pretrained_seed42/stdout_stderr.log: No such file or directory
scripts/run_eeg_multi_training_sweep.sh: line 150: results/eeg_multi_training_sweep/20260612_165444/runs.tsv: No such file or directory
mkdir: cannot create directory ‘results/eeg_multi_training_sweep’: Permission denied
scripts/run_eeg_multi_training_sweep.sh: line 235: results/eeg_multi_training_sweep/20260612_165444/eeg_multi_gamma_30_55_biocodec_pretrained_seed42/command.txt: No such file or directory
scripts/run_eeg_multi_training_sweep.sh: line 236: results/eeg_multi_training_sweep/20260612_165444/eeg_multi_gamma_30_55_biocodec_pretrained_seed42/command.txt: No such file or directory

================================================================================
[9] Running eeg_multi_gamma_30_55_biocodec_pretrained_seed42
================================================================================
Run artifacts will be in: logs/eeg_multi_training/eeg_multi_gamma_30_55_biocodec_pretrained_seed42
Checkpoints will be in:   checkpoints/eeg_multi_training/eeg_multi_gamma_30_55_biocodec_pretrained_seed42
tee: results/eeg_multi_training_sweep/20260612_165444/eeg_multi_gamma_30_55_biocodec_pretrained_seed42/stdout_stderr.log: No such file or directory
scripts/run_eeg_multi_training_sweep.sh: line 150: results/eeg_multi_training_sweep/20260612_165444/runs.tsv: No such file or directory
mkdir: cannot create directory ‘results/eeg_multi_training_sweep’: Permission denied
scripts/run_eeg_multi_training_sweep.sh: line 235: results/eeg_multi_training_sweep/20260612_165444/eeg_multi_high_gamma_70_120_biocodec_pretrained_seed42/command.txt: No such file or directory
scripts/run_eeg_multi_training_sweep.sh: line 236: results/eeg_multi_training_sweep/20260612_165444/eeg_multi_high_gamma_70_120_biocodec_pretrained_seed42/command.txt: No such file or directory

================================================================================
[10] Running eeg_multi_high_gamma_70_120_biocodec_pretrained_seed42
================================================================================
Run artifacts will be in: logs/eeg_multi_training/eeg_multi_high_gamma_70_120_biocodec_pretrained_seed42
Checkpoints will be in:   checkpoints/eeg_multi_training/eeg_multi_high_gamma_70_120_biocodec_pretrained_seed42
tee: results/eeg_multi_training_sweep/20260612_165444/eeg_multi_high_gamma_70_120_biocodec_pretrained_seed42/stdout_stderr.log: No such file or directory
scripts/run_eeg_multi_training_sweep.sh: line 150: results/eeg_multi_training_sweep/20260612_165444/runs.tsv: No such file or directory
tee: results/eeg_multi_training_sweep/20260612_165444/final_results.txt: No such file or directory
EEG Multi-Dataset Training Sweep Final Results
================================================
Started: 20260612_165444
Finished: 20260612_165554
Sweep root: results/eeg_multi_training_sweep/20260612_165444
Total launched: 10
Succeeded: 0
Failed: 10

Run table: results/eeg_multi_training_sweep/20260612_165444/runs.tsv
Per-run host logs: results/eeg_multi_training_sweep/20260612_165444/<experiment>/stdout_stderr.log
Per-run command files: results/eeg_multi_training_sweep/20260612_165444/<experiment>/command.txt

Inside repo, each successful/failed training run also writes:
  logs/eeg_multi_training/<experiment>/config_resolved.yaml
  logs/eeg_multi_training/<experiment>/stdout_stderr.log
  logs/eeg_multi_training/<experiment>/epoch_metrics.csv
  logs/eeg_multi_training/<experiment>/epoch_metrics.jsonl
  logs/eeg_multi_training/<experiment>/final_results.txt
  logs/eeg_multi_training/<experiment>/final_results.json
  checkpoints/eeg_multi_training/<experiment>/checkpoint_best.pt
  checkpoints/eeg_multi_training/<experiment>/checkpoint_latest.pt

Summary table:
cat: results/eeg_multi_training_sweep/20260612_165444/runs.tsv: No such file or directory
Building Docker service eeg_train_reading_listening...
 Image scrabrain-megxl:latest Building 
#1 [internal] load local bake definitions
#1 reading from stdin 605B done
#1 DONE 0.0s

#2 [internal] load build definition from Dockerfile
#2 transferring dockerfile: 1.04kB done
#2 DONE 0.0s

#3 [internal] load metadata for docker.io/nvidia/cuda:12.8.1-cudnn-devel-ubuntu24.04
#3 DONE 0.7s

#4 [internal] load .dockerignore
#4 transferring context: 476B done
#4 DONE 0.0s

#5 [1/8] FROM docker.io/nvidia/cuda:12.8.1-cudnn-devel-ubuntu24.04@sha256:24c8e3581ea6330038b0d374920721983312627f8adbfcf390bdb4b399d280ed
#5 resolve docker.io/nvidia/cuda:12.8.1-cudnn-devel-ubuntu24.04@sha256:24c8e3581ea6330038b0d374920721983312627f8adbfcf390bdb4b399d280ed 0.0s done
#5 DONE 0.0s

#6 [internal] load build context
#6 transferring context: 81.07kB 0.0s done
#6 DONE 0.0s

#7 [4/8] WORKDIR /workspace
#7 CACHED

#8 [3/8] RUN curl -LsSf https://astral.sh/uv/install.sh | sh
#8 CACHED

#9 [5/8] COPY pyproject.toml uv.lock ./
#9 CACHED

#10 [2/8] RUN apt-get update && apt-get install -y     ca-certificates     curl     git     build-essential     python3.12     python3.12-dev     python3.12-venv     && rm -rf /var/lib/apt/lists/*
#10 CACHED

#11 [6/8] RUN uv sync --frozen --no-install-project
#11 CACHED

#12 [7/8] COPY . .
#12 DONE 0.4s

#13 [8/8] RUN uv pip install --no-deps -e .
#13 0.244 Using Python 3.12.3 environment at: /opt/venv
#13 0.251 Resolved 1 package in 2ms
#13 0.252    Building scrabrain @ file:///workspace
#13 1.085       Built scrabrain @ file:///workspace
#13 1.088 Prepared 1 package in 836ms
#13 1.095 Installed 1 package in 6ms
#13 1.095  + scrabrain==0.1.0 (from file:///workspace)
#13 DONE 1.2s

#14 exporting to image
#14 exporting layers

Experiment: megxl_to_all_eeg_with_meg_replay_20260626_160536
GPU: 1
Checkpoint: ./checkpoints/baseline/meg-xl-med.ckpt
Log: logs/eeg_reading_listening_megxl_joint/megxl_to_all_eeg_with_meg_replay_20260626_160536.log
unknown shorthand flag: 'd' in -d
