[INFO] Dispositivo: cuda
======================================================================
  Precalculando stats de normalización
  Tarea:     phoneme
  Data path: /workspace/libribrain_data
======================================================================

[precompute] train ...
[INFO] Cargando LibriBrain – tarea: phoneme, partición: train
[INFO] Dataset cargado: 1596956 samples, 39 clases, 306 canales
[precompute] ✓ train listo (3.0s)

[precompute] validation ...
[INFO] Cargando LibriBrain – tarea: phoneme, partición: validation
[INFO] Dataset cargado: 11289 samples, 39 clases, 306 canales
[precompute] ✓ validation listo (0.0s)

[precompute] test ...
[INFO] Cargando LibriBrain – tarea: phoneme, partición: test
[INFO] Dataset cargado: 12051 samples, 39 clases, 306 canales
[precompute] ✓ test listo (0.0s)

======================================================================
  ✓ Stats calculadas para las 3 particiones
  Tiempo total: 3.0s (0.1 min)
  Ya puedes lanzar: docker compose up meg_training_job
======================================================================
