[1;33m[⚠][0m docker compose run no soporta --init; se ejecutará sin ese flag.

[0;34m━━━━━━━━━━━━━━━━━━━━━━━━━━━━━━━━━━━━━━━━━━━━━━━━━━━━━━━[0m
[0;34m  PASO 0: Verificando/parcheando train_ddp.py para soporte de 'speech'[0m
[0;34m━━━━━━━━━━━━━━━━━━━━━━━━━━━━━━━━━━━━━━━━━━━━━━━━━━━━━━━[0m
[0;32m[✓][0m train_ddp.py ya incluye soporte robusto para speech/phoneme. Sin parche dinámico.

[0;34m━━━━━━━━━━━━━━━━━━━━━━━━━━━━━━━━━━━━━━━━━━━━━━━━━━━━━━━[0m
[0;34m  PASO 1: Precompute stats de normalización H5[0m
[0;34m━━━━━━━━━━━━━━━━━━━━━━━━━━━━━━━━━━━━━━━━━━━━━━━━━━━━━━━[0m
[0;32m[✓][0m Stats para 'speech' ya calculadas (sentinel: /home/rdiaper/proyectos/ScraBrain/.precompute_done_speech)

[0;34m━━━━━━━━━━━━━━━━━━━━━━━━━━━━━━━━━━━━━━━━━━━━━━━━━━━━━━━[0m
[0;34m  PASO 2: Iniciando sweep de entrenamiento[0m
[0;34m━━━━━━━━━━━━━━━━━━━━━━━━━━━━━━━━━━━━━━━━━━━━━━━━━━━━━━━[0m
[18:08:43] Espacio de búsqueda:
[18:08:43]   Tareas:      speech
[18:08:43]   Backbones:   resnet18 efficientnet_b0 vit_tiny
[18:08:43]   Estrategias: frozen partial_ft
[18:08:43]   Total:       6 experimentos
[18:08:43]   Epochs/exp:  50
[18:08:43]   Modo train:  DDP raw+CWT (train_ddp.py)
[18:08:43] 
[18:08:43] 
[18:08:43] ━━━ [1/6] speech__resnet18__frozen ━━━
[18:08:43]   Contenedor: 10c034e83311
[0;32m[✓][0m   Completado en 16min → /home/rdiaper/proyectos/ScraBrain/logs/speech__resnet18__frozen.log
[18:25:28] 
[18:25:28] ━━━ [2/6] speech__resnet18__partial_ft ━━━
[0;32m[✓][0m   Ya completado (sentinel existente). Saltando.
[18:25:28] 
[18:25:28] ━━━ [3/6] speech__efficientnet_b0__frozen ━━━
[18:25:29]   Contenedor: 5b6574ea0ae1
[0;32m[✓][0m   Completado en 52min → /home/rdiaper/proyectos/ScraBrain/logs/speech__efficientnet_b0__frozen.log
[19:18:11] 
[19:18:11] ━━━ [4/6] speech__efficientnet_b0__partial_ft ━━━
[19:18:12]   Contenedor: 016d9eaedbdd
[0;32m[✓][0m   Completado en 68min → /home/rdiaper/proyectos/ScraBrain/logs/speech__efficientnet_b0__partial_ft.log
[20:26:27] 
[20:26:27] ━━━ [5/6] speech__vit_tiny__frozen ━━━
[0;32m[✓][0m   Ya completado (sentinel existente). Saltando.
[20:26:27] 
[20:26:27] ━━━ [6/6] speech__vit_tiny__partial_ft ━━━
[0;32m[✓][0m   Ya completado (sentinel existente). Saltando.

[0;34m━━━━━━━━━━━━━━━━━━━━━━━━━━━━━━━━━━━━━━━━━━━━━━━━━━━━━━━[0m
[0;34m  RESUMEN DEL SWEEP[0m
[0;34m━━━━━━━━━━━━━━━━━━━━━━━━━━━━━━━━━━━━━━━━━━━━━━━━━━━━━━━[0m
[20:26:27] Completados OK (3/6):
[0;32m[✓][0m   speech__resnet18__frozen
[0;32m[✓][0m   speech__efficientnet_b0__frozen
[0;32m[✓][0m   speech__efficientnet_b0__partial_ft
[20:26:27] Saltados (ya existían) (3):
[20:26:27]   ⏭  speech__resnet18__partial_ft
[20:26:27]   ⏭  speech__vit_tiny__frozen
[20:26:27]   ⏭  speech__vit_tiny__partial_ft
[20:26:27] 
[20:26:27] Log completo del sweep: /home/rdiaper/proyectos/ScraBrain/logs/sweep_20260428_180843.log
[20:26:27] 

[0;34m━━━━━━━━━━━━━━━━━━━━━━━━━━━━━━━━━━━━━━━━━━━━━━━━━━━━━━━[0m
[0;34m  RESULTADOS (final_results.json por experimento)[0m
[0;34m━━━━━━━━━━━━━━━━━━━━━━━━━━━━━━━━━━━━━━━━━━━━━━━━━━━━━━━[0m
[20:26:28] 
[0;32m[✓][0m Sweep finalizado.
