[1;33m[⚠][0m docker compose run no soporta --init; se ejecutará sin ese flag.

[0;34m━━━━━━━━━━━━━━━━━━━━━━━━━━━━━━━━━━━━━━━━━━━━━━━━━━━━━━━[0m
[0;34m  PASO 0: Verificando/parcheando train_ddp.py para soporte de 'speech'[0m
[0;34m━━━━━━━━━━━━━━━━━━━━━━━━━━━━━━━━━━━━━━━━━━━━━━━━━━━━━━━[0m
[0;32m[✓][0m train_ddp.py ya incluye soporte robusto para speech/phoneme. Sin parche dinámico.

[0;34m━━━━━━━━━━━━━━━━━━━━━━━━━━━━━━━━━━━━━━━━━━━━━━━━━━━━━━━[0m
[0;34m  PASO 1: Precompute stats de normalización H5[0m
[0;34m━━━━━━━━━━━━━━━━━━━━━━━━━━━━━━━━━━━━━━━━━━━━━━━━━━━━━━━[0m
[0;32m[✓][0m Stats para 'speech' ya calculadas (sentinel: /home/rdiaper/proyectos/ScraBrain/.precompute_done_speech)

[0;34m━━━━━━━━━━━━━━━━━━━━━━━━━━━━━━━━━━━━━━━━━━━━━━━━━━━━━━━[0m
[0;34m  PASO 2: Iniciando sweep de entrenamiento[0m
[0;34m━━━━━━━━━━━━━━━━━━━━━━━━━━━━━━━━━━━━━━━━━━━━━━━━━━━━━━━[0m
[15:12:49] Espacio de búsqueda:
[15:12:49]   Tareas:      speech
[15:12:49]   Backbones:   resnet18 efficientnet_b0 vit_tiny
[15:12:49]   Estrategias: frozen partial_ft
[15:12:49]   Total:       6 experimentos
[15:12:49]   Epochs/exp:  50
[15:12:49]   Modo train:  DDP raw+CWT (train_ddp.py)
[15:12:49] 
[15:12:49] 
[15:12:49] ━━━ [1/6] speech__resnet18__frozen ━━━
[15:12:49]   Contenedor: 409eaf49199b
[0;31m[✗][0m   FALLIDO (exit 1) en 0min → /home/rdiaper/proyectos/ScraBrain/logs/speech__resnet18__frozen.log
[15:12:51] 
[15:12:51] ━━━ [2/6] speech__resnet18__partial_ft ━━━
[15:12:51]   Contenedor: 11cbe1365d33
[0;31m[✗][0m   FALLIDO (exit 1) en 0min → /home/rdiaper/proyectos/ScraBrain/logs/speech__resnet18__partial_ft.log
[15:12:53] 
[15:12:53] ━━━ [3/6] speech__efficientnet_b0__frozen ━━━
[15:12:53]   Contenedor: 7e600afc3e61
[0;31m[✗][0m   FALLIDO (exit 1) en 0min → /home/rdiaper/proyectos/ScraBrain/logs/speech__efficientnet_b0__frozen.log
[15:12:55] 
[15:12:55] ━━━ [4/6] speech__efficientnet_b0__partial_ft ━━━
[15:12:55]   Contenedor: e1582a1a363a
[0;31m[✗][0m   FALLIDO (exit 1) en 0min → /home/rdiaper/proyectos/ScraBrain/logs/speech__efficientnet_b0__partial_ft.log
[15:12:57] 
[15:12:57] ━━━ [5/6] speech__vit_tiny__frozen ━━━
[15:12:57]   Contenedor: b41b14a021e6
[0;31m[✗][0m   FALLIDO (exit 1) en 0min → /home/rdiaper/proyectos/ScraBrain/logs/speech__vit_tiny__frozen.log
[15:12:59] 
[15:12:59] ━━━ [6/6] speech__vit_tiny__partial_ft ━━━
[15:12:59]   Contenedor: 80e3b1e37133
[0;31m[✗][0m   FALLIDO (exit 1) en 0min → /home/rdiaper/proyectos/ScraBrain/logs/speech__vit_tiny__partial_ft.log

[0;34m━━━━━━━━━━━━━━━━━━━━━━━━━━━━━━━━━━━━━━━━━━━━━━━━━━━━━━━[0m
[0;34m  RESUMEN DEL SWEEP[0m
[0;34m━━━━━━━━━━━━━━━━━━━━━━━━━━━━━━━━━━━━━━━━━━━━━━━━━━━━━━━[0m
[15:13:01] Completados OK (0/6):
[0;32m[✓][0m   
[15:13:01] Fallidos (6):
[0;31m[✗][0m   speech__resnet18__frozen
[0;31m[✗][0m   speech__resnet18__partial_ft
[0;31m[✗][0m   speech__efficientnet_b0__frozen
[0;31m[✗][0m   speech__efficientnet_b0__partial_ft
[0;31m[✗][0m   speech__vit_tiny__frozen
[0;31m[✗][0m   speech__vit_tiny__partial_ft
[15:13:01] 
[1;33m[⚠][0m Para reanudar los fallidos:  bash run_sweep.sh --resume
[15:13:01] 
[15:13:01] Log completo del sweep: /home/rdiaper/proyectos/ScraBrain/logs/sweep_20260427_151248.log
[15:13:01] 

[0;34m━━━━━━━━━━━━━━━━━━━━━━━━━━━━━━━━━━━━━━━━━━━━━━━━━━━━━━━[0m
[0;34m  RESULTADOS (final_results.json por experimento)[0m
[0;34m━━━━━━━━━━━━━━━━━━━━━━━━━━━━━━━━━━━━━━━━━━━━━━━━━━━━━━━[0m
[15:13:01] 
[0;32m[✓][0m Sweep finalizado.
