
[0;34m━━━━━━━━━━━━━━━━━━━━━━━━━━━━━━━━━━━━━━━━━━━━━━━━━━━━━━━[0m
[0;34m  PASO 0: Verificando/parcheando train_ddp.py para soporte de 'speech'[0m
[0;34m━━━━━━━━━━━━━━━━━━━━━━━━━━━━━━━━━━━━━━━━━━━━━━━━━━━━━━━[0m
[0;32m[✓][0m train_ddp.py ya está parcheado para speech. Sin cambios.

[0;34m━━━━━━━━━━━━━━━━━━━━━━━━━━━━━━━━━━━━━━━━━━━━━━━━━━━━━━━[0m
[0;34m  PASO 1: Precompute stats de normalización H5[0m
[0;34m━━━━━━━━━━━━━━━━━━━━━━━━━━━━━━━━━━━━━━━━━━━━━━━━━━━━━━━[0m
[0;32m[✓][0m Stats para 'phoneme' ya calculadas (sentinel: /home/rdiaper/proyectos/ScraBrain/.precompute_done_phoneme)
[0;32m[✓][0m Stats para 'speech' ya calculadas (sentinel: /home/rdiaper/proyectos/ScraBrain/.precompute_done_speech)

[0;34m━━━━━━━━━━━━━━━━━━━━━━━━━━━━━━━━━━━━━━━━━━━━━━━━━━━━━━━[0m
[0;34m  PASO 2: Iniciando sweep de entrenamiento[0m
[0;34m━━━━━━━━━━━━━━━━━━━━━━━━━━━━━━━━━━━━━━━━━━━━━━━━━━━━━━━[0m
[15:56:08] Espacio de búsqueda:
[15:56:08]   Tareas:      phoneme speech
[15:56:08]   Backbones:   resnet18 efficientnet_b0 vit_tiny
[15:56:08]   Estrategias: frozen partial_ft
[15:56:08]   Total:       12 experimentos
[15:56:08]   Epochs/exp:  50
[15:56:08] 
[15:56:08] 
[15:56:08] ━━━ [1/12] phoneme__resnet18__frozen ━━━
[15:56:09]   Contenedor: f500d61774dc
[0;32m[✓][0m   Completado en 75min → /home/rdiaper/proyectos/ScraBrain/logs/phoneme__resnet18__frozen.log
[17:11:14] 
[17:11:14] ━━━ [2/12] phoneme__resnet18__partial_ft ━━━
[17:11:15]   Contenedor: 570e98ad8f62
[0;32m[✓][0m   Completado en 76min → /home/rdiaper/proyectos/ScraBrain/logs/phoneme__resnet18__partial_ft.log
[18:28:12] 
[18:28:12] ━━━ [3/12] phoneme__efficientnet_b0__frozen ━━━
[18:28:12]   Contenedor: 862d20130729
[0;32m[✓][0m   Completado en 117min → /home/rdiaper/proyectos/ScraBrain/logs/phoneme__efficientnet_b0__frozen.log
[20:26:00] 
[20:26:00] ━━━ [4/12] phoneme__efficientnet_b0__partial_ft ━━━
[20:26:00]   Contenedor: 82aaafa043fe
[0;32m[✓][0m   Completado en 118min → /home/rdiaper/proyectos/ScraBrain/logs/phoneme__efficientnet_b0__partial_ft.log
[22:24:41] 
[22:24:41] ━━━ [5/12] phoneme__vit_tiny__frozen ━━━
[22:24:41]   Contenedor: f4740028a644
[0;32m[✓][0m   Completado en 73min → /home/rdiaper/proyectos/ScraBrain/logs/phoneme__vit_tiny__frozen.log
[23:38:12] 
[23:38:12] ━━━ [6/12] phoneme__vit_tiny__partial_ft ━━━
[23:38:13]   Contenedor: b419b6209a06
[0;32m[✓][0m   Completado en 75min → /home/rdiaper/proyectos/ScraBrain/logs/phoneme__vit_tiny__partial_ft.log
[00:53:58] 
[00:53:58] ━━━ [7/12] speech__resnet18__frozen ━━━
[00:53:58]   Contenedor: 9cb8d7bbf535
[0;31m[✗][0m   FALLIDO (exit 1) en 0min → /home/rdiaper/proyectos/ScraBrain/logs/speech__resnet18__frozen.log
[00:54:37] 
[00:54:37] ━━━ [8/12] speech__resnet18__partial_ft ━━━
[00:54:37]   Contenedor: 921725a28860
[0;31m[✗][0m   FALLIDO (exit 1) en 0min → /home/rdiaper/proyectos/ScraBrain/logs/speech__resnet18__partial_ft.log
[00:55:15] 
[00:55:15] ━━━ [9/12] speech__efficientnet_b0__frozen ━━━
[00:55:16]   Contenedor: bdf38f21600d
[0;31m[✗][0m   FALLIDO (exit 1) en 0min → /home/rdiaper/proyectos/ScraBrain/logs/speech__efficientnet_b0__frozen.log
[00:55:54] 
[00:55:54] ━━━ [10/12] speech__efficientnet_b0__partial_ft ━━━
[00:55:55]   Contenedor: f70d0eaf056a
[0;31m[✗][0m   FALLIDO (exit 1) en 0min → /home/rdiaper/proyectos/ScraBrain/logs/speech__efficientnet_b0__partial_ft.log
[00:56:34] 
[00:56:34] ━━━ [11/12] speech__vit_tiny__frozen ━━━
[00:56:34]   Contenedor: 9646121ac6c2
[0;31m[✗][0m   FALLIDO (exit 1) en 0min → /home/rdiaper/proyectos/ScraBrain/logs/speech__vit_tiny__frozen.log
[00:57:12] 
[00:57:12] ━━━ [12/12] speech__vit_tiny__partial_ft ━━━
[00:57:13]   Contenedor: 1df502219390
[0;31m[✗][0m   FALLIDO (exit 1) en 0min → /home/rdiaper/proyectos/ScraBrain/logs/speech__vit_tiny__partial_ft.log

[0;34m━━━━━━━━━━━━━━━━━━━━━━━━━━━━━━━━━━━━━━━━━━━━━━━━━━━━━━━[0m
[0;34m  RESUMEN DEL SWEEP[0m
[0;34m━━━━━━━━━━━━━━━━━━━━━━━━━━━━━━━━━━━━━━━━━━━━━━━━━━━━━━━[0m
[00:57:51] Completados OK (6/12):
[0;32m[✓][0m   phoneme__resnet18__frozen
[0;32m[✓][0m   phoneme__resnet18__partial_ft
[0;32m[✓][0m   phoneme__efficientnet_b0__frozen
[0;32m[✓][0m   phoneme__efficientnet_b0__partial_ft
[0;32m[✓][0m   phoneme__vit_tiny__frozen
[0;32m[✓][0m   phoneme__vit_tiny__partial_ft
[00:57:51] Fallidos (6):
[0;31m[✗][0m   speech__resnet18__frozen
[0;31m[✗][0m   speech__resnet18__partial_ft
[0;31m[✗][0m   speech__efficientnet_b0__frozen
[0;31m[✗][0m   speech__efficientnet_b0__partial_ft
[0;31m[✗][0m   speech__vit_tiny__frozen
[0;31m[✗][0m   speech__vit_tiny__partial_ft
[00:57:51] 
[1;33m[⚠][0m Para reanudar los fallidos:  bash run_sweep.sh --resume
[00:57:51] 
[00:57:51] Log completo del sweep: /home/rdiaper/proyectos/ScraBrain/logs/sweep_20260416_155608.log
[00:57:51] 

[0;34m━━━━━━━━━━━━━━━━━━━━━━━━━━━━━━━━━━━━━━━━━━━━━━━━━━━━━━━[0m
[0;34m  RESULTADOS (final_results.json por experimento)[0m
[0;34m━━━━━━━━━━━━━━━━━━━━━━━━━━━━━━━━━━━━━━━━━━━━━━━━━━━━━━━[0m
[00:57:51] 
[0;32m[✓][0m Sweep finalizado.
