[1;33m[⚠][0m docker compose run no soporta --init; se ejecutará sin ese flag.

[0;34m━━━━━━━━━━━━━━━━━━━━━━━━━━━━━━━━━━━━━━━━━━━━━━━━━━━━━━━[0m
[0;34m  PASO 0: Verificando/parcheando train_ddp.py para soporte de 'speech'[0m
[0;34m━━━━━━━━━━━━━━━━━━━━━━━━━━━━━━━━━━━━━━━━━━━━━━━━━━━━━━━[0m
[0;32m[✓][0m train_ddp.py ya incluye soporte robusto para speech/phoneme. Sin parche dinámico.

[0;34m━━━━━━━━━━━━━━━━━━━━━━━━━━━━━━━━━━━━━━━━━━━━━━━━━━━━━━━[0m
[0;34m  PASO 1: Precompute stats de normalización H5[0m
[0;34m━━━━━━━━━━━━━━━━━━━━━━━━━━━━━━━━━━━━━━━━━━━━━━━━━━━━━━━[0m
[0;32m[✓][0m Stats para 'speech' ya calculadas (sentinel: /home/rdiaper/proyectos/ScraBrain/.precompute_done_speech)

[0;34m━━━━━━━━━━━━━━━━━━━━━━━━━━━━━━━━━━━━━━━━━━━━━━━━━━━━━━━[0m
[0;34m  PASO 2: Iniciando sweep de entrenamiento[0m
[0;34m━━━━━━━━━━━━━━━━━━━━━━━━━━━━━━━━━━━━━━━━━━━━━━━━━━━━━━━[0m
[16:45:23] Espacio de búsqueda:
[16:45:23]   Tareas:      speech
[16:45:23]   Backbones:   resnet18 efficientnet_b0 vit_tiny
[16:45:23]   Estrategias: frozen partial_ft
[16:45:23]   Total:       6 experimentos
[16:45:23]   Epochs/exp:  50
[16:45:23]   Modo train:  DDP raw+CWT (train_ddp.py)
[16:45:23] 
[16:45:23] 
[16:45:23] ━━━ [1/6] speech__resnet18__frozen ━━━
[16:45:23]   Contenedor: 70cc48b60212
[0;31m[✗][0m   FALLIDO (exit 1) en 3min → /home/rdiaper/proyectos/ScraBrain/logs/speech__resnet18__frozen.log
[16:48:26] 
[16:48:26] ━━━ [2/6] speech__resnet18__partial_ft ━━━
[16:48:27]   Contenedor: 36e98a71f584
[0;31m[✗][0m   FALLIDO (exit 1) en 3min → /home/rdiaper/proyectos/ScraBrain/logs/speech__resnet18__partial_ft.log
[16:51:32] 
[16:51:32] ━━━ [3/6] speech__efficientnet_b0__frozen ━━━
[16:51:32]   Contenedor: 220a8940be00
[0;31m[✗][0m   FALLIDO (exit 1) en 3min → /home/rdiaper/proyectos/ScraBrain/logs/speech__efficientnet_b0__frozen.log
[16:55:15] 
[16:55:15] ━━━ [4/6] speech__efficientnet_b0__partial_ft ━━━
[16:55:15]   Contenedor: 54cdae3d128f
[0;31m[✗][0m   FALLIDO (exit 1) en 3min → /home/rdiaper/proyectos/ScraBrain/logs/speech__efficientnet_b0__partial_ft.log
[16:58:58] 
[16:58:58] ━━━ [5/6] speech__vit_tiny__frozen ━━━
[16:58:59]   Contenedor: f969be7725ad
[0;31m[✗][0m   FALLIDO (exit 1) en 3min → /home/rdiaper/proyectos/ScraBrain/logs/speech__vit_tiny__frozen.log
[17:02:07] 
[17:02:07] ━━━ [6/6] speech__vit_tiny__partial_ft ━━━
[17:02:08]   Contenedor: 023b0825b1b3
[0;31m[✗][0m   FALLIDO (exit 1) en 3min → /home/rdiaper/proyectos/ScraBrain/logs/speech__vit_tiny__partial_ft.log

[0;34m━━━━━━━━━━━━━━━━━━━━━━━━━━━━━━━━━━━━━━━━━━━━━━━━━━━━━━━[0m
[0;34m  RESUMEN DEL SWEEP[0m
[0;34m━━━━━━━━━━━━━━━━━━━━━━━━━━━━━━━━━━━━━━━━━━━━━━━━━━━━━━━[0m
[17:05:20] Completados OK (0/6):
[0;32m[✓][0m   
[17:05:20] Fallidos (6):
[0;31m[✗][0m   speech__resnet18__frozen
[0;31m[✗][0m   speech__resnet18__partial_ft
[0;31m[✗][0m   speech__efficientnet_b0__frozen
[0;31m[✗][0m   speech__efficientnet_b0__partial_ft
[0;31m[✗][0m   speech__vit_tiny__frozen
[0;31m[✗][0m   speech__vit_tiny__partial_ft
[17:05:20] 
[1;33m[⚠][0m Para reanudar los fallidos:  bash run_sweep.sh --resume
[17:05:20] 
[17:05:20] Log completo del sweep: /home/rdiaper/proyectos/ScraBrain/logs/sweep_20260427_164522.log
[17:05:20] 

[0;34m━━━━━━━━━━━━━━━━━━━━━━━━━━━━━━━━━━━━━━━━━━━━━━━━━━━━━━━[0m
[0;34m  RESULTADOS (final_results.json por experimento)[0m
[0;34m━━━━━━━━━━━━━━━━━━━━━━━━━━━━━━━━━━━━━━━━━━━━━━━━━━━━━━━[0m
[17:05:20] 
[0;32m[✓][0m Sweep finalizado.
