
[0;34m━━━━━━━━━━━━━━━━━━━━━━━━━━━━━━━━━━━━━━━━━━━━━━━━━━━━━━━[0m
[0;34m  PASO 0: Verificando/parcheando train_ddp.py para soporte de 'speech'[0m
[0;34m━━━━━━━━━━━━━━━━━━━━━━━━━━━━━━━━━━━━━━━━━━━━━━━━━━━━━━━[0m
[0;32m[✓][0m train_ddp.py ya incluye soporte robusto para speech/phoneme. Sin parche dinámico.

[0;34m━━━━━━━━━━━━━━━━━━━━━━━━━━━━━━━━━━━━━━━━━━━━━━━━━━━━━━━[0m
[0;34m  PASO 1: Precompute stats de normalización H5[0m
[0;34m━━━━━━━━━━━━━━━━━━━━━━━━━━━━━━━━━━━━━━━━━━━━━━━━━━━━━━━[0m
[0;32m[✓][0m Stats para 'phoneme' ya calculadas (sentinel: /home/rdiaper/proyectos/ScraBrain/.precompute_done_phoneme)
[0;32m[✓][0m Stats para 'speech' ya calculadas (sentinel: /home/rdiaper/proyectos/ScraBrain/.precompute_done_speech)

[0;34m━━━━━━━━━━━━━━━━━━━━━━━━━━━━━━━━━━━━━━━━━━━━━━━━━━━━━━━[0m
[0;34m  PASO 2: Iniciando sweep de entrenamiento[0m
[0;34m━━━━━━━━━━━━━━━━━━━━━━━━━━━━━━━━━━━━━━━━━━━━━━━━━━━━━━━[0m
[15:16:19] Espacio de búsqueda:
[15:16:19]   Tareas:      phoneme speech
[15:16:19]   Backbones:   resnet18 efficientnet_b0 vit_tiny
[15:16:19]   Estrategias: frozen partial_ft
[15:16:19]   Total:       12 experimentos
[15:16:19]   Epochs/exp:  50
[15:16:19] 
[15:16:19] 
[15:16:19] ━━━ [1/12] phoneme__resnet18__frozen ━━━
[0;32m[✓][0m   Ya completado (sentinel existente). Saltando.
[15:16:19] 
[15:16:19] ━━━ [2/12] phoneme__resnet18__partial_ft ━━━
[0;32m[✓][0m   Ya completado (sentinel existente). Saltando.
[15:16:19] 
[15:16:19] ━━━ [3/12] phoneme__efficientnet_b0__frozen ━━━
[0;32m[✓][0m   Ya completado (sentinel existente). Saltando.
[15:16:19] 
[15:16:19] ━━━ [4/12] phoneme__efficientnet_b0__partial_ft ━━━
[0;32m[✓][0m   Ya completado (sentinel existente). Saltando.
[15:16:19] 
[15:16:19] ━━━ [5/12] phoneme__vit_tiny__frozen ━━━
[0;32m[✓][0m   Ya completado (sentinel existente). Saltando.
[15:16:19] 
[15:16:19] ━━━ [6/12] phoneme__vit_tiny__partial_ft ━━━
[0;32m[✓][0m   Ya completado (sentinel existente). Saltando.
[15:16:19] 
[15:16:19] ━━━ [7/12] speech__resnet18__frozen ━━━
[15:16:19]   Contenedor: 4eee716d9f27
[0;31m[✗][0m   FALLIDO (exit 1) en 0min → /home/rdiaper/proyectos/ScraBrain/logs/speech__resnet18__frozen.log
[15:16:58] 
[15:16:58] ━━━ [8/12] speech__resnet18__partial_ft ━━━
[15:16:59]   Contenedor: 5fb295b6414e
[0;31m[✗][0m   FALLIDO (exit 1) en 0min → /home/rdiaper/proyectos/ScraBrain/logs/speech__resnet18__partial_ft.log
[15:17:37] 
[15:17:37] ━━━ [9/12] speech__efficientnet_b0__frozen ━━━
[15:17:37]   Contenedor: 610fbc2d571a
[0;31m[✗][0m   FALLIDO (exit 1) en 0min → /home/rdiaper/proyectos/ScraBrain/logs/speech__efficientnet_b0__frozen.log
[15:18:15] 
[15:18:15] ━━━ [10/12] speech__efficientnet_b0__partial_ft ━━━
[15:18:16]   Contenedor: b2ea1a531dfb
[0;31m[✗][0m   FALLIDO (exit 1) en 0min → /home/rdiaper/proyectos/ScraBrain/logs/speech__efficientnet_b0__partial_ft.log
[15:18:54] 
[15:18:54] ━━━ [11/12] speech__vit_tiny__frozen ━━━
[15:18:55]   Contenedor: 16eca4aa0f0f
[0;31m[✗][0m   FALLIDO (exit 1) en 0min → /home/rdiaper/proyectos/ScraBrain/logs/speech__vit_tiny__frozen.log
[15:19:33] 
[15:19:33] ━━━ [12/12] speech__vit_tiny__partial_ft ━━━
[15:19:34]   Contenedor: 690ccb9ac545
[0;31m[✗][0m   FALLIDO (exit 1) en 0min → /home/rdiaper/proyectos/ScraBrain/logs/speech__vit_tiny__partial_ft.log

[0;34m━━━━━━━━━━━━━━━━━━━━━━━━━━━━━━━━━━━━━━━━━━━━━━━━━━━━━━━[0m
[0;34m  RESUMEN DEL SWEEP[0m
[0;34m━━━━━━━━━━━━━━━━━━━━━━━━━━━━━━━━━━━━━━━━━━━━━━━━━━━━━━━[0m
[15:20:12] Completados OK (0/12):
[0;32m[✓][0m   
[15:20:12] Saltados (ya existían) (6):
[15:20:12]   ⏭  phoneme__resnet18__frozen
[15:20:12]   ⏭  phoneme__resnet18__partial_ft
[15:20:12]   ⏭  phoneme__efficientnet_b0__frozen
[15:20:12]   ⏭  phoneme__efficientnet_b0__partial_ft
[15:20:12]   ⏭  phoneme__vit_tiny__frozen
[15:20:12]   ⏭  phoneme__vit_tiny__partial_ft
[15:20:12] Fallidos (6):
[0;31m[✗][0m   speech__resnet18__frozen
[0;31m[✗][0m   speech__resnet18__partial_ft
[0;31m[✗][0m   speech__efficientnet_b0__frozen
[0;31m[✗][0m   speech__efficientnet_b0__partial_ft
[0;31m[✗][0m   speech__vit_tiny__frozen
[0;31m[✗][0m   speech__vit_tiny__partial_ft
[15:20:12] 
[1;33m[⚠][0m Para reanudar los fallidos:  bash run_sweep.sh --resume
[15:20:12] 
[15:20:12] Log completo del sweep: /home/rdiaper/proyectos/ScraBrain/logs/sweep_20260420_151619.log
[15:20:12] 

[0;34m━━━━━━━━━━━━━━━━━━━━━━━━━━━━━━━━━━━━━━━━━━━━━━━━━━━━━━━[0m
[0;34m  RESULTADOS (final_results.json por experimento)[0m
[0;34m━━━━━━━━━━━━━━━━━━━━━━━━━━━━━━━━━━━━━━━━━━━━━━━━━━━━━━━[0m
[15:20:12] 
[0;32m[✓][0m Sweep finalizado.
