[1;33m[⚠][0m docker compose run no soporta --init; se ejecutará sin ese flag.

[0;34m━━━━━━━━━━━━━━━━━━━━━━━━━━━━━━━━━━━━━━━━━━━━━━━━━━━━━━━[0m
[0;34m  PASO 0: Verificando/parcheando train_ddp.py para soporte de 'speech'[0m
[0;34m━━━━━━━━━━━━━━━━━━━━━━━━━━━━━━━━━━━━━━━━━━━━━━━━━━━━━━━[0m
[0;32m[✓][0m train_ddp.py ya incluye soporte robusto para speech/phoneme. Sin parche dinámico.

[0;34m━━━━━━━━━━━━━━━━━━━━━━━━━━━━━━━━━━━━━━━━━━━━━━━━━━━━━━━[0m
[0;34m  PASO 1: Precompute stats de normalización H5[0m
[0;34m━━━━━━━━━━━━━━━━━━━━━━━━━━━━━━━━━━━━━━━━━━━━━━━━━━━━━━━[0m
[0;32m[✓][0m Stats para 'speech' ya calculadas (sentinel: /home/rdiaper/proyectos/ScraBrain/.precompute_done_speech)

[0;34m━━━━━━━━━━━━━━━━━━━━━━━━━━━━━━━━━━━━━━━━━━━━━━━━━━━━━━━[0m
[0;34m  PASO 2: Iniciando sweep de entrenamiento[0m
[0;34m━━━━━━━━━━━━━━━━━━━━━━━━━━━━━━━━━━━━━━━━━━━━━━━━━━━━━━━[0m
[14:18:49] Espacio de búsqueda:
[14:18:49]   Tareas:      speech
[14:18:49]   Backbones:   resnet18 efficientnet_b0 vit_tiny
[14:18:49]   Estrategias: frozen partial_ft
[14:18:49]   Total:       6 experimentos
[14:18:49]   Epochs/exp:  50
[14:18:49]   Modo train:  DDP raw+CWT (train_ddp.py)
[14:18:49] 
[14:18:49] 
[14:18:49] ━━━ [1/6] speech__resnet18__frozen ━━━
[0;32m[✓][0m   Ya completado (sentinel existente). Saltando.
[14:18:50] 
[14:18:50] ━━━ [2/6] speech__resnet18__partial_ft ━━━
[0;32m[✓][0m   Ya completado (sentinel existente). Saltando.
[14:18:50] 
[14:18:50] ━━━ [3/6] speech__efficientnet_b0__frozen ━━━
[0;32m[✓][0m   Ya completado (sentinel existente). Saltando.
[14:18:50] 
[14:18:50] ━━━ [4/6] speech__efficientnet_b0__partial_ft ━━━
[0;32m[✓][0m   Ya completado (sentinel existente). Saltando.
[14:18:50] 
[14:18:50] ━━━ [5/6] speech__vit_tiny__frozen ━━━
[0;32m[✓][0m   Ya completado (sentinel existente). Saltando.
[14:18:50] 
[14:18:50] ━━━ [6/6] speech__vit_tiny__partial_ft ━━━
[0;32m[✓][0m   Ya completado (sentinel existente). Saltando.

[0;34m━━━━━━━━━━━━━━━━━━━━━━━━━━━━━━━━━━━━━━━━━━━━━━━━━━━━━━━[0m
[0;34m  RESUMEN DEL SWEEP[0m
[0;34m━━━━━━━━━━━━━━━━━━━━━━━━━━━━━━━━━━━━━━━━━━━━━━━━━━━━━━━[0m
[14:18:50] Completados OK (0/6):
[0;32m[✓][0m   
[14:18:50] Saltados (ya existían) (6):
[14:18:50]   ⏭  speech__resnet18__frozen
[14:18:50]   ⏭  speech__resnet18__partial_ft
[14:18:50]   ⏭  speech__efficientnet_b0__frozen
[14:18:50]   ⏭  speech__efficientnet_b0__partial_ft
[14:18:50]   ⏭  speech__vit_tiny__frozen
[14:18:50]   ⏭  speech__vit_tiny__partial_ft
[14:18:50] 
[14:18:50] Log completo del sweep: /home/rdiaper/proyectos/ScraBrain/logs/sweep_20260427_141849.log
[14:18:50] 

[0;34m━━━━━━━━━━━━━━━━━━━━━━━━━━━━━━━━━━━━━━━━━━━━━━━━━━━━━━━[0m
[0;34m  RESULTADOS (final_results.json por experimento)[0m
[0;34m━━━━━━━━━━━━━━━━━━━━━━━━━━━━━━━━━━━━━━━━━━━━━━━━━━━━━━━[0m
[14:18:50] 
[0;32m[✓][0m Sweep finalizado.
