
[0;34m━━━━━━━━━━━━━━━━━━━━━━━━━━━━━━━━━━━━━━━━━━━━━━━━━━━━━━━[0m
[0;34m  PASO 0: Verificando/parcheando train_ddp.py para soporte de 'speech'[0m
[0;34m━━━━━━━━━━━━━━━━━━━━━━━━━━━━━━━━━━━━━━━━━━━━━━━━━━━━━━━[0m
[0;32m[✓][0m train_ddp.py ya incluye soporte robusto para speech/phoneme. Sin parche dinámico.

[0;34m━━━━━━━━━━━━━━━━━━━━━━━━━━━━━━━━━━━━━━━━━━━━━━━━━━━━━━━[0m
[0;34m  PASO 1: Precompute stats de normalización H5[0m
[0;34m━━━━━━━━━━━━━━━━━━━━━━━━━━━━━━━━━━━━━━━━━━━━━━━━━━━━━━━[0m
[0;32m[✓][0m Stats para 'phoneme' ya calculadas (sentinel: /home/rdiaper/proyectos/ScraBrain/.precompute_done_phoneme)
[0;32m[✓][0m Stats para 'speech' ya calculadas (sentinel: /home/rdiaper/proyectos/ScraBrain/.precompute_done_speech)

[0;34m━━━━━━━━━━━━━━━━━━━━━━━━━━━━━━━━━━━━━━━━━━━━━━━━━━━━━━━[0m
[0;34m  PASO 2: Iniciando sweep de entrenamiento[0m
[0;34m━━━━━━━━━━━━━━━━━━━━━━━━━━━━━━━━━━━━━━━━━━━━━━━━━━━━━━━[0m
[15:34:10] Espacio de búsqueda:
[15:34:10]   Tareas:      phoneme speech
[15:34:10]   Backbones:   resnet18 efficientnet_b0 vit_tiny
[15:34:10]   Estrategias: frozen partial_ft
[15:34:10]   Total:       12 experimentos
[15:34:10]   Epochs/exp:  50
[15:34:10] 
[15:34:10] 
[15:34:10] ━━━ [1/12] phoneme__resnet18__frozen ━━━
[1;33m[⚠][0m   Reanudando desde checkpoint: /home/rdiaper/proyectos/ScraBrain/checkpoints/phoneme__resnet18__frozen/checkpoint_latest.pt
[15:34:11]   Contenedor: cc72c9cf01b6
[0;32m[✓][0m   Completado en 75min → /home/rdiaper/proyectos/ScraBrain/logs/phoneme__resnet18__frozen.log
[16:49:13] 
[16:49:13] ━━━ [2/12] phoneme__resnet18__partial_ft ━━━
[1;33m[⚠][0m   Reanudando desde checkpoint: /home/rdiaper/proyectos/ScraBrain/checkpoints/phoneme__resnet18__partial_ft/checkpoint_latest.pt
[16:49:14]   Contenedor: 3f296e3cf965
[0;31m[✗][0m   FALLIDO (exit 1) en 65min → /home/rdiaper/proyectos/ScraBrain/logs/phoneme__resnet18__partial_ft.log
[17:55:03] 
[17:55:03] ━━━ [3/12] phoneme__efficientnet_b0__frozen ━━━
[1;33m[⚠][0m   Reanudando desde checkpoint: /home/rdiaper/proyectos/ScraBrain/checkpoints/phoneme__efficientnet_b0__frozen/checkpoint_latest.pt
[17:55:03]   Contenedor: 6df56e7bc6ae
[0;32m[✓][0m   Completado en 182min → /home/rdiaper/proyectos/ScraBrain/logs/phoneme__efficientnet_b0__frozen.log
[20:57:03] 
[20:57:03] ━━━ [4/12] phoneme__efficientnet_b0__partial_ft ━━━
[1;33m[⚠][0m   Reanudando desde checkpoint: /home/rdiaper/proyectos/ScraBrain/checkpoints/phoneme__efficientnet_b0__partial_ft/checkpoint_latest.pt
[20:57:04]   Contenedor: b707371dea9b
[0;32m[✓][0m   Completado en 149min → /home/rdiaper/proyectos/ScraBrain/logs/phoneme__efficientnet_b0__partial_ft.log
[23:27:00] 
[23:27:00] ━━━ [5/12] phoneme__vit_tiny__frozen ━━━
[1;33m[⚠][0m   Reanudando desde checkpoint: /home/rdiaper/proyectos/ScraBrain/checkpoints/phoneme__vit_tiny__frozen/checkpoint_latest.pt
[23:27:01]   Contenedor: 57925eb5ea51
[0;32m[✓][0m   Completado en 76min → /home/rdiaper/proyectos/ScraBrain/logs/phoneme__vit_tiny__frozen.log
[00:43:17] 
[00:43:17] ━━━ [6/12] phoneme__vit_tiny__partial_ft ━━━
[1;33m[⚠][0m   Reanudando desde checkpoint: /home/rdiaper/proyectos/ScraBrain/checkpoints/phoneme__vit_tiny__partial_ft/checkpoint_latest.pt
[00:43:17]   Contenedor: aa8172038286
[0;32m[✓][0m   Completado en 79min → /home/rdiaper/proyectos/ScraBrain/logs/phoneme__vit_tiny__partial_ft.log
[02:02:21] 
[02:02:21] ━━━ [7/12] speech__resnet18__frozen ━━━
[02:02:21]   Contenedor: d10b4dee6b9c
[0;32m[✓][0m   Completado en 17min → /home/rdiaper/proyectos/ScraBrain/logs/speech__resnet18__frozen.log
[02:19:28] 
[02:19:28] ━━━ [8/12] speech__resnet18__partial_ft ━━━
[02:19:29]   Contenedor: e9bbc38e8916
[0;32m[✓][0m   Completado en 26min → /home/rdiaper/proyectos/ScraBrain/logs/speech__resnet18__partial_ft.log
[02:46:24] 
[02:46:24] ━━━ [9/12] speech__efficientnet_b0__frozen ━━━
[02:46:24]   Contenedor: 462b57c3f64a
[0;32m[✓][0m   Completado en 41min → /home/rdiaper/proyectos/ScraBrain/logs/speech__efficientnet_b0__frozen.log
[03:27:57] 
[03:27:57] ━━━ [10/12] speech__efficientnet_b0__partial_ft ━━━
[03:27:58]   Contenedor: 0ecd3892dfc1
[0;32m[✓][0m   Completado en 48min → /home/rdiaper/proyectos/ScraBrain/logs/speech__efficientnet_b0__partial_ft.log
[04:16:22] 
[04:16:22] ━━━ [11/12] speech__vit_tiny__frozen ━━━
[04:16:22]   Contenedor: 38f3233c56b4
[0;32m[✓][0m   Completado en 42min → /home/rdiaper/proyectos/ScraBrain/logs/speech__vit_tiny__frozen.log
[04:59:06] 
[04:59:06] ━━━ [12/12] speech__vit_tiny__partial_ft ━━━
[04:59:06]   Contenedor: 5980adef2b36
[0;32m[✓][0m   Completado en 37min → /home/rdiaper/proyectos/ScraBrain/logs/speech__vit_tiny__partial_ft.log

[0;34m━━━━━━━━━━━━━━━━━━━━━━━━━━━━━━━━━━━━━━━━━━━━━━━━━━━━━━━[0m
[0;34m  RESUMEN DEL SWEEP[0m
[0;34m━━━━━━━━━━━━━━━━━━━━━━━━━━━━━━━━━━━━━━━━━━━━━━━━━━━━━━━[0m
[05:36:23] Completados OK (11/12):
[0;32m[✓][0m   phoneme__resnet18__frozen
[0;32m[✓][0m   phoneme__efficientnet_b0__frozen
[0;32m[✓][0m   phoneme__efficientnet_b0__partial_ft
[0;32m[✓][0m   phoneme__vit_tiny__frozen
[0;32m[✓][0m   phoneme__vit_tiny__partial_ft
[0;32m[✓][0m   speech__resnet18__frozen
[0;32m[✓][0m   speech__resnet18__partial_ft
[0;32m[✓][0m   speech__efficientnet_b0__frozen
[0;32m[✓][0m   speech__efficientnet_b0__partial_ft
[0;32m[✓][0m   speech__vit_tiny__frozen
[0;32m[✓][0m   speech__vit_tiny__partial_ft
[05:36:23] Fallidos (1):
[0;31m[✗][0m   phoneme__resnet18__partial_ft
[05:36:23] 
[1;33m[⚠][0m Para reanudar los fallidos:  bash run_sweep.sh --resume
[05:36:23] 
[05:36:23] Log completo del sweep: /home/rdiaper/proyectos/ScraBrain/logs/sweep_20260420_153410.log
[05:36:23] 

[0;34m━━━━━━━━━━━━━━━━━━━━━━━━━━━━━━━━━━━━━━━━━━━━━━━━━━━━━━━[0m
[0;34m  RESULTADOS (final_results.json por experimento)[0m
[0;34m━━━━━━━━━━━━━━━━━━━━━━━━━━━━━━━━━━━━━━━━━━━━━━━━━━━━━━━[0m
[05:36:23] 
[0;32m[✓][0m Sweep finalizado.
