[1;33m[⚠][0m docker compose run no soporta --init; se ejecutará sin ese flag.

[0;34m━━━━━━━━━━━━━━━━━━━━━━━━━━━━━━━━━━━━━━━━━━━━━━━━━━━━━━━[0m
[0;34m  PASO 0: Verificando/parcheando train_ddp.py para soporte de 'speech'[0m
[0;34m━━━━━━━━━━━━━━━━━━━━━━━━━━━━━━━━━━━━━━━━━━━━━━━━━━━━━━━[0m
[0;32m[✓][0m train_ddp.py ya incluye soporte robusto para speech/phoneme. Sin parche dinámico.

[0;34m━━━━━━━━━━━━━━━━━━━━━━━━━━━━━━━━━━━━━━━━━━━━━━━━━━━━━━━[0m
[0;34m  PASO 1: Precompute stats de normalización H5[0m
[0;34m━━━━━━━━━━━━━━━━━━━━━━━━━━━━━━━━━━━━━━━━━━━━━━━━━━━━━━━[0m
[0;32m[✓][0m Stats para 'speech' ya calculadas (sentinel: /home/rdiaper/proyectos/ScraBrain/.precompute_done_speech)

[0;34m━━━━━━━━━━━━━━━━━━━━━━━━━━━━━━━━━━━━━━━━━━━━━━━━━━━━━━━[0m
[0;34m  PASO 2: Iniciando sweep de entrenamiento[0m
[0;34m━━━━━━━━━━━━━━━━━━━━━━━━━━━━━━━━━━━━━━━━━━━━━━━━━━━━━━━[0m
[17:36:56] Espacio de búsqueda:
[17:36:56]   Tareas:      speech
[17:36:56]   Backbones:   resnet18 efficientnet_b0 vit_tiny
[17:36:56]   Estrategias: frozen partial_ft
[17:36:56]   Total:       6 experimentos
[17:36:56]   Epochs/exp:  50
[17:36:56]   Modo train:  DDP raw+CWT (train_ddp.py)
[17:36:56] 
[17:36:56] 
[17:36:56] ━━━ [1/6] speech__resnet18__frozen ━━━
time="2026-04-28T17:36:56+02:00" level=warning msg="No services to build"
time="2026-04-28T17:36:56+02:00" level=warning msg="Found orphan containers ([scrabrain-meg_training_job-run-c711854b3a28 scrabrain-meg_training_job-run-14e29a4462bf]) for this project. If you removed or renamed this service in your compose file, you can run this command with the --remove-orphans flag to clean it up."
time="2026-04-28T17:36:56+02:00" level=warning msg="No services to build"
 Container scrabrain-meg_training_job-run-86dfa9d6a10b Creating 
 Container scrabrain-meg_training_job-run-86dfa9d6a10b Created 
[17:36:56]   Contenedor: 1fac21f3778e
W0428 15:36:57.990000 7 site-packages/torch/distributed/run.py:774] 
W0428 15:36:57.990000 7 site-packages/torch/distributed/run.py:774] *****************************************
W0428 15:36:57.990000 7 site-packages/torch/distributed/run.py:774] Setting OMP_NUM_THREADS environment variable for each process to be 1 in default, to avoid your system being overloaded, please further tune the variable for optimal performance in your application as needed. 
W0428 15:36:57.990000 7 site-packages/torch/distributed/run.py:774] *****************************************
Traceback (most recent call last):
  File "/opt/conda/bin/torchrun", line 8, in <module>
    sys.exit(main())
             ^^^^^^
  File "/opt/conda/lib/python3.11/site-packages/torch/distributed/elastic/multiprocessing/errors/__init__.py", line 357, in wrapper
    return f(*args, **kwargs)
           ^^^^^^^^^^^^^^^^^^
  File "/opt/conda/lib/python3.11/site-packages/torch/distributed/run.py", line 901, in main
    run(args)
  File "/opt/conda/lib/python3.11/site-packages/torch/distributed/run.py", line 892, in run
    elastic_launch(
  File "/opt/conda/lib/python3.11/site-packages/torch/distributed/launcher/api.py", line 143, in __call__
    return launch_agent(self._config, self._entrypoint, list(args))
           ^^^^^^^^^^^^^^^^^^^^^^^^^^^^^^^^^^^^^^^^^^^^^^^^^^^^^^^^
  File "/opt/conda/lib/python3.11/site-packages/torch/distributed/launcher/api.py", line 268, in launch_agent
    result = agent.run()
             ^^^^^^^^^^^
  File "/opt/conda/lib/python3.11/site-packages/torch/distributed/elastic/metrics/api.py", line 138, in wrapper
    result = f(*args, **kwargs)
             ^^^^^^^^^^^^^^^^^^
  File "/opt/conda/lib/python3.11/site-packages/torch/distributed/elastic/agent/server/api.py", line 715, in run
    result = self._invoke_run(role)
             ^^^^^^^^^^^^^^^^^^^^^^
  File "/opt/conda/lib/python3.11/site-packages/torch/distributed/elastic/agent/server/api.py", line 873, in _invoke_run
    self._initialize_workers(self._worker_group)
  File "/opt/conda/lib/python3.11/site-packages/torch/distributed/elastic/metrics/api.py", line 138, in wrapper
    result = f(*args, **kwargs)
             ^^^^^^^^^^^^^^^^^^
  File "/opt/conda/lib/python3.11/site-packages/torch/distributed/elastic/agent/server/api.py", line 683, in _initialize_workers
    self._rendezvous(worker_group)
  File "/opt/conda/lib/python3.11/site-packages/torch/distributed/elastic/metrics/api.py", line 138, in wrapper
    result = f(*args, **kwargs)
             ^^^^^^^^^^^^^^^^^^
  File "/opt/conda/lib/python3.11/site-packages/torch/distributed/elastic/agent/server/api.py", line 498, in _rendezvous
    rdzv_info = spec.rdzv_handler.next_rendezvous()
                ^^^^^^^^^^^^^^^^^^^^^^^^^^^^^^^^^^^
  File "/opt/conda/lib/python3.11/site-packages/torch/distributed/elastic/rendezvous/static_tcp_rendezvous.py", line 67, in next_rendezvous
    self._store = TCPStore(  # type: ignore[call-arg]
                  ^^^^^^^^^^^^^^^^^^^^^^^^^^^^^^^^^^^
torch.distributed.DistNetworkError: The server socket has failed to listen on any local network address. port: 29500, useIpv6: false, code: -98, name: EADDRINUSE, message: address already in use
1fac21f3778e93f9557a1c77b87b6dd1c34380d1e133c563b8c79cfc383da997
[0;31m[✗][0m   FALLIDO (exit 1) en 0min → /home/rdiaper/proyectos/ScraBrain/logs/speech__resnet18__frozen.log
[17:36:58] 
[17:36:58] ━━━ [2/6] speech__resnet18__partial_ft ━━━
[0;32m[✓][0m   Ya completado (sentinel existente). Saltando.
[17:36:58] 
[17:36:58] ━━━ [3/6] speech__efficientnet_b0__frozen ━━━
time="2026-04-28T17:36:58+02:00" level=warning msg="No services to build"
time="2026-04-28T17:36:58+02:00" level=warning msg="Found orphan containers ([scrabrain-meg_training_job-run-c711854b3a28 scrabrain-meg_training_job-run-14e29a4462bf]) for this project. If you removed or renamed this service in your compose file, you can run this command with the --remove-orphans flag to clean it up."
time="2026-04-28T17:36:58+02:00" level=warning msg="No services to build"
 Container scrabrain-meg_training_job-run-89cc3e758d8b Creating 
 Container scrabrain-meg_training_job-run-89cc3e758d8b Created 
[17:36:59]   Contenedor: 6cb66b76c874
W0428 15:37:00.142000 7 site-packages/torch/distributed/run.py:774] 
W0428 15:37:00.142000 7 site-packages/torch/distributed/run.py:774] *****************************************
W0428 15:37:00.142000 7 site-packages/torch/distributed/run.py:774] Setting OMP_NUM_THREADS environment variable for each process to be 1 in default, to avoid your system being overloaded, please further tune the variable for optimal performance in your application as needed. 
W0428 15:37:00.142000 7 site-packages/torch/distributed/run.py:774] *****************************************
Traceback (most recent call last):
  File "/opt/conda/bin/torchrun", line 8, in <module>
    sys.exit(main())
             ^^^^^^
  File "/opt/conda/lib/python3.11/site-packages/torch/distributed/elastic/multiprocessing/errors/__init__.py", line 357, in wrapper
    return f(*args, **kwargs)
           ^^^^^^^^^^^^^^^^^^
  File "/opt/conda/lib/python3.11/site-packages/torch/distributed/run.py", line 901, in main
    run(args)
  File "/opt/conda/lib/python3.11/site-packages/torch/distributed/run.py", line 892, in run
    elastic_launch(
  File "/opt/conda/lib/python3.11/site-packages/torch/distributed/launcher/api.py", line 143, in __call__
    return launch_agent(self._config, self._entrypoint, list(args))
           ^^^^^^^^^^^^^^^^^^^^^^^^^^^^^^^^^^^^^^^^^^^^^^^^^^^^^^^^
  File "/opt/conda/lib/python3.11/site-packages/torch/distributed/launcher/api.py", line 268, in launch_agent
    result = agent.run()
             ^^^^^^^^^^^
  File "/opt/conda/lib/python3.11/site-packages/torch/distributed/elastic/metrics/api.py", line 138, in wrapper
    result = f(*args, **kwargs)
             ^^^^^^^^^^^^^^^^^^
  File "/opt/conda/lib/python3.11/site-packages/torch/distributed/elastic/agent/server/api.py", line 715, in run
    result = self._invoke_run(role)
             ^^^^^^^^^^^^^^^^^^^^^^
  File "/opt/conda/lib/python3.11/site-packages/torch/distributed/elastic/agent/server/api.py", line 873, in _invoke_run
    self._initialize_workers(self._worker_group)
  File "/opt/conda/lib/python3.11/site-packages/torch/distributed/elastic/metrics/api.py", line 138, in wrapper
    result = f(*args, **kwargs)
             ^^^^^^^^^^^^^^^^^^
  File "/opt/conda/lib/python3.11/site-packages/torch/distributed/elastic/agent/server/api.py", line 683, in _initialize_workers
    self._rendezvous(worker_group)
  File "/opt/conda/lib/python3.11/site-packages/torch/distributed/elastic/metrics/api.py", line 138, in wrapper
    result = f(*args, **kwargs)
             ^^^^^^^^^^^^^^^^^^
  File "/opt/conda/lib/python3.11/site-packages/torch/distributed/elastic/agent/server/api.py", line 498, in _rendezvous
    rdzv_info = spec.rdzv_handler.next_rendezvous()
                ^^^^^^^^^^^^^^^^^^^^^^^^^^^^^^^^^^^
  File "/opt/conda/lib/python3.11/site-packages/torch/distributed/elastic/rendezvous/static_tcp_rendezvous.py", line 67, in next_rendezvous
    self._store = TCPStore(  # type: ignore[call-arg]
                  ^^^^^^^^^^^^^^^^^^^^^^^^^^^^^^^^^^^
torch.distributed.DistNetworkError: The server socket has failed to listen on any local network address. port: 29500, useIpv6: false, code: -98, name: EADDRINUSE, message: address already in use
6cb66b76c87486958dfd18b3d4df6b592e34b109f34657ac59c7b624fa5321ac
[0;31m[✗][0m   FALLIDO (exit 1) en 0min → /home/rdiaper/proyectos/ScraBrain/logs/speech__efficientnet_b0__frozen.log
[17:37:00] 
[17:37:00] ━━━ [4/6] speech__efficientnet_b0__partial_ft ━━━
time="2026-04-28T17:37:00+02:00" level=warning msg="No services to build"
time="2026-04-28T17:37:00+02:00" level=warning msg="Found orphan containers ([scrabrain-meg_training_job-run-c711854b3a28 scrabrain-meg_training_job-run-14e29a4462bf]) for this project. If you removed or renamed this service in your compose file, you can run this command with the --remove-orphans flag to clean it up."
time="2026-04-28T17:37:00+02:00" level=warning msg="No services to build"
 Container scrabrain-meg_training_job-run-28c467dd1ac9 Creating 
 Container scrabrain-meg_training_job-run-28c467dd1ac9 Created 
[17:37:01]   Contenedor: 02695bd51f65
W0428 15:37:02.221000 7 site-packages/torch/distributed/run.py:774] 
W0428 15:37:02.221000 7 site-packages/torch/distributed/run.py:774] *****************************************
W0428 15:37:02.221000 7 site-packages/torch/distributed/run.py:774] Setting OMP_NUM_THREADS environment variable for each process to be 1 in default, to avoid your system being overloaded, please further tune the variable for optimal performance in your application as needed. 
W0428 15:37:02.221000 7 site-packages/torch/distributed/run.py:774] *****************************************
Traceback (most recent call last):
  File "/opt/conda/bin/torchrun", line 8, in <module>
    sys.exit(main())
             ^^^^^^
  File "/opt/conda/lib/python3.11/site-packages/torch/distributed/elastic/multiprocessing/errors/__init__.py", line 357, in wrapper
    return f(*args, **kwargs)
           ^^^^^^^^^^^^^^^^^^
  File "/opt/conda/lib/python3.11/site-packages/torch/distributed/run.py", line 901, in main
    run(args)
  File "/opt/conda/lib/python3.11/site-packages/torch/distributed/run.py", line 892, in run
    elastic_launch(
  File "/opt/conda/lib/python3.11/site-packages/torch/distributed/launcher/api.py", line 143, in __call__
    return launch_agent(self._config, self._entrypoint, list(args))
           ^^^^^^^^^^^^^^^^^^^^^^^^^^^^^^^^^^^^^^^^^^^^^^^^^^^^^^^^
  File "/opt/conda/lib/python3.11/site-packages/torch/distributed/launcher/api.py", line 268, in launch_agent
    result = agent.run()
             ^^^^^^^^^^^
  File "/opt/conda/lib/python3.11/site-packages/torch/distributed/elastic/metrics/api.py", line 138, in wrapper
    result = f(*args, **kwargs)
             ^^^^^^^^^^^^^^^^^^
  File "/opt/conda/lib/python3.11/site-packages/torch/distributed/elastic/agent/server/api.py", line 715, in run
    result = self._invoke_run(role)
             ^^^^^^^^^^^^^^^^^^^^^^
  File "/opt/conda/lib/python3.11/site-packages/torch/distributed/elastic/agent/server/api.py", line 873, in _invoke_run
    self._initialize_workers(self._worker_group)
  File "/opt/conda/lib/python3.11/site-packages/torch/distributed/elastic/metrics/api.py", line 138, in wrapper
    result = f(*args, **kwargs)
             ^^^^^^^^^^^^^^^^^^
  File "/opt/conda/lib/python3.11/site-packages/torch/distributed/elastic/agent/server/api.py", line 683, in _initialize_workers
    self._rendezvous(worker_group)
  File "/opt/conda/lib/python3.11/site-packages/torch/distributed/elastic/metrics/api.py", line 138, in wrapper
    result = f(*args, **kwargs)
             ^^^^^^^^^^^^^^^^^^
  File "/opt/conda/lib/python3.11/site-packages/torch/distributed/elastic/agent/server/api.py", line 498, in _rendezvous
    rdzv_info = spec.rdzv_handler.next_rendezvous()
                ^^^^^^^^^^^^^^^^^^^^^^^^^^^^^^^^^^^
  File "/opt/conda/lib/python3.11/site-packages/torch/distributed/elastic/rendezvous/static_tcp_rendezvous.py", line 67, in next_rendezvous
    self._store = TCPStore(  # type: ignore[call-arg]
                  ^^^^^^^^^^^^^^^^^^^^^^^^^^^^^^^^^^^
torch.distributed.DistNetworkError: The server socket has failed to listen on any local network address. port: 29500, useIpv6: false, code: -98, name: EADDRINUSE, message: address already in use
02695bd51f65697c7359f099b27221e030cef36e8cab9f7904286edf7748834b
[0;31m[✗][0m   FALLIDO (exit 1) en 0min → /home/rdiaper/proyectos/ScraBrain/logs/speech__efficientnet_b0__partial_ft.log
[17:37:02] 
[17:37:02] ━━━ [5/6] speech__vit_tiny__frozen ━━━
[0;32m[✓][0m   Ya completado (sentinel existente). Saltando.
[17:37:02] 
[17:37:02] ━━━ [6/6] speech__vit_tiny__partial_ft ━━━
[0;32m[✓][0m   Ya completado (sentinel existente). Saltando.

[0;34m━━━━━━━━━━━━━━━━━━━━━━━━━━━━━━━━━━━━━━━━━━━━━━━━━━━━━━━[0m
[0;34m  RESUMEN DEL SWEEP[0m
[0;34m━━━━━━━━━━━━━━━━━━━━━━━━━━━━━━━━━━━━━━━━━━━━━━━━━━━━━━━[0m
[17:37:02] Completados OK (0/6):
[0;32m[✓][0m   
[17:37:02] Saltados (ya existían) (3):
[17:37:02]   ⏭  speech__resnet18__partial_ft
[17:37:02]   ⏭  speech__vit_tiny__frozen
[17:37:02]   ⏭  speech__vit_tiny__partial_ft
[17:37:02] Fallidos (3):
[0;31m[✗][0m   speech__resnet18__frozen
[0;31m[✗][0m   speech__efficientnet_b0__frozen
[0;31m[✗][0m   speech__efficientnet_b0__partial_ft
[17:37:02] 
[1;33m[⚠][0m Para reanudar los fallidos:  bash run_sweep.sh --resume
[17:37:02] 
[17:37:02] Log completo del sweep: /home/rdiaper/proyectos/ScraBrain/logs/sweep_20260428_173656.log
[17:37:02] 

[0;34m━━━━━━━━━━━━━━━━━━━━━━━━━━━━━━━━━━━━━━━━━━━━━━━━━━━━━━━[0m
[0;34m  RESULTADOS (final_results.json por experimento)[0m
[0;34m━━━━━━━━━━━━━━━━━━━━━━━━━━━━━━━━━━━━━━━━━━━━━━━━━━━━━━━[0m

Experimento                                   Task       Backbone           Strategy      Test F1  Bal Acc    AUROC
────────────────────────────────────────────────────────────────────────────────────────────────────────────────────────
  speech__resnet18__partial_ft                speech     resnet18           partial_ft   0.6361   0.6281   0.6931
  speech__vit_tiny__partial_ft                speech     vit_tiny           partial_ft   0.6241   0.6130   0.7023
  speech__efficientnet_b0__partial_ft         speech     efficientnet_b0    partial_ft   0.6211   0.6122   nan
  speech__efficientnet_b0__frozen             speech     efficientnet_b0    frozen       0.5707   0.5718   nan
  speech__vit_tiny__frozen                    speech     vit_tiny           frozen       0.5669   0.5641   0.6371
  speech__resnet18__frozen                    speech     resnet18           frozen       0.4281   0.5000   nan
  phoneme__efficientnet_b0__partial_ft        phoneme    efficientnet_b0    partial_ft   0.0052   0.0257   nan
  phoneme__efficientnet_b0__frozen            phoneme    efficientnet_b0    frozen       0.0048   0.0256   nan
  phoneme__resnet18__frozen                   phoneme    resnet18           frozen       0.0048   0.0256   nan
  phoneme__resnet18__partial_ft               phoneme    resnet18           partial_ft   0.0048   0.0256   nan
  phoneme__vit_tiny__frozen                   phoneme    vit_tiny           frozen       0.0048   0.0256   nan
  phoneme__vit_tiny__partial_ft               phoneme    vit_tiny           partial_ft   0.0048   0.0256   nan

[17:37:02] 
[0;32m[✓][0m Sweep finalizado.
