[1;33m[⚠][0m docker compose run no soporta --init; se ejecutará sin ese flag.

[0;34m━━━━━━━━━━━━━━━━━━━━━━━━━━━━━━━━━━━━━━━━━━━━━━━━━━━━━━━[0m
[0;34m  PASO 0: Verificando/parcheando train_ddp.py para soporte de 'speech'[0m
[0;34m━━━━━━━━━━━━━━━━━━━━━━━━━━━━━━━━━━━━━━━━━━━━━━━━━━━━━━━[0m
[0;32m[✓][0m train_ddp.py ya incluye soporte robusto para speech/phoneme. Sin parche dinámico.

[0;34m━━━━━━━━━━━━━━━━━━━━━━━━━━━━━━━━━━━━━━━━━━━━━━━━━━━━━━━[0m
[0;34m  PASO 1: Precompute stats de normalización H5[0m
[0;34m━━━━━━━━━━━━━━━━━━━━━━━━━━━━━━━━━━━━━━━━━━━━━━━━━━━━━━━[0m
[0;32m[✓][0m Stats para 'speech' ya calculadas (sentinel: /home/odra/GitHub/ScraBrain/.precompute_done_speech)

[0;34m━━━━━━━━━━━━━━━━━━━━━━━━━━━━━━━━━━━━━━━━━━━━━━━━━━━━━━━[0m
[0;34m  PASO 2: Iniciando sweep de entrenamiento[0m
[0;34m━━━━━━━━━━━━━━━━━━━━━━━━━━━━━━━━━━━━━━━━━━━━━━━━━━━━━━━[0m
[13:02:31] Espacio de búsqueda:
[13:02:31]   Tareas:      speech
[13:02:31]   Backbones:   resnet18 efficientnet_b0 vit_tiny
[13:02:31]   Estrategias: frozen partial_ft
[13:02:31]   Total:       6 experimentos
[13:02:31]   Epochs/exp:  50
[13:02:31]   Modo train:  DDP raw+CWT (train_ddp.py)
[13:02:31] 
[13:02:31] 
[13:02:31] ━━━ [1/6] speech__resnet18__frozen ━━━
[0;32m[✓][0m   Ya completado (sentinel existente). Saltando.
[13:02:31] 
[13:02:31] ━━━ [2/6] speech__resnet18__partial_ft ━━━
[0;32m[✓][0m   Ya completado (sentinel existente). Saltando.
[13:02:31] 
[13:02:32] ━━━ [3/6] speech__efficientnet_b0__frozen ━━━
[0;32m[✓][0m   Ya completado (sentinel existente). Saltando.
[13:02:32] 
[13:02:32] ━━━ [4/6] speech__efficientnet_b0__partial_ft ━━━
[0;32m[✓][0m   Ya completado (sentinel existente). Saltando.
[13:02:32] 
[13:02:32] ━━━ [5/6] speech__vit_tiny__frozen ━━━
[0;32m[✓][0m   Ya completado (sentinel existente). Saltando.
[13:02:32] 
[13:02:32] ━━━ [6/6] speech__vit_tiny__partial_ft ━━━
[0;32m[✓][0m   Ya completado (sentinel existente). Saltando.

[0;34m━━━━━━━━━━━━━━━━━━━━━━━━━━━━━━━━━━━━━━━━━━━━━━━━━━━━━━━[0m
[0;34m  PASO 3: Reentrenando mejor experimento con proyección fuente antes de CWT[0m
[0;34m━━━━━━━━━━━━━━━━━━━━━━━━━━━━━━━━━━━━━━━━━━━━━━━━━━━━━━━[0m
[13:02:32] Mejor experimento sensor: speech | resnet18 | partial_ft (F1=0.63607680)
[13:02:32] Proyección fuente: ./libribrain/source_W.npy -> /workspace/./libribrain/source_W.npy
[13:02:32]   [DRY-RUN] docker compose run -d --no-deps --rm meg_training_job train_ddp.py \
[13:02:32]     --task speech --backbone resnet18 --strategy partial_ft \
[13:02:32]     --source_projection_path /workspace/./libribrain/source_W.npy --source_variant_name source_lcmv \
[13:02:32]     --n_epochs 50 --batch_size 128 \
[13:02:32]     --output_dir /workspace/results/speech__resnet18__partial_ft__source_lcmv --checkpoint_dir /workspace/checkpoints/speech__resnet18__partial_ft__source_lcmv

[0;34m━━━━━━━━━━━━━━━━━━━━━━━━━━━━━━━━━━━━━━━━━━━━━━━━━━━━━━━[0m
[0;34m  RESUMEN DEL SWEEP[0m
[0;34m━━━━━━━━━━━━━━━━━━━━━━━━━━━━━━━━━━━━━━━━━━━━━━━━━━━━━━━[0m
[13:02:32] Completados OK (1/7):
[0;32m[✓][0m   speech__resnet18__partial_ft__source_lcmv [dry-run]
[13:02:32] Saltados (ya existían) (6):
[13:02:32]   ⏭  speech__resnet18__frozen
[13:02:32]   ⏭  speech__resnet18__partial_ft
[13:02:32]   ⏭  speech__efficientnet_b0__frozen
[13:02:32]   ⏭  speech__efficientnet_b0__partial_ft
[13:02:32]   ⏭  speech__vit_tiny__frozen
[13:02:32]   ⏭  speech__vit_tiny__partial_ft
[13:02:32] 
[13:02:32] Log completo del sweep: /home/odra/GitHub/ScraBrain/logs/sweep_20260429_130231.log
[13:02:32] 

[0;34m━━━━━━━━━━━━━━━━━━━━━━━━━━━━━━━━━━━━━━━━━━━━━━━━━━━━━━━[0m
[0;34m  RESULTADOS (final_results.json por experimento)[0m
[0;34m━━━━━━━━━━━━━━━━━━━━━━━━━━━━━━━━━━━━━━━━━━━━━━━━━━━━━━━[0m
[13:02:32] 
[0;32m[✓][0m Sweep finalizado.
