[1;33m[⚠][0m docker compose run no soporta --init; se ejecutará sin ese flag.

[0;34m━━━━━━━━━━━━━━━━━━━━━━━━━━━━━━━━━━━━━━━━━━━━━━━━━━━━━━━[0m
[0;34m  MODO DATASET-ROUNDS: speech/no-speech con fine-tuning secuencial[0m
[0;34m━━━━━━━━━━━━━━━━━━━━━━━━━━━━━━━━━━━━━━━━━━━━━━━━━━━━━━━[0m

[0;34m━━━━━━━━━━━━━━━━━━━━━━━━━━━━━━━━━━━━━━━━━━━━━━━━━━━━━━━[0m
[0;34m  PASO 1: Preprocesado externo + normalización channel,user[0m
[0;34m━━━━━━━━━━━━━━━━━━━━━━━━━━━━━━━━━━━━━━━━━━━━━━━━━━━━━━━[0m
[13:22:37] Preprocesando 'sherlock' -> /workspace/preprocessed_data/sherlock_data
[13:22:37]   [DRY-RUN] docker compose run -d --no-deps -e CUDA_VISIBLE_DEVICES=0 --rm --entrypoint python meg_training_job \
[13:22:37]     /workspace/preprocess_external_speech_dataset.py \
[13:22:37]     --dataset sherlock --input_path /workspace/sherlock_data --output_path /workspace/preprocessed_data/sherlock_data \
[13:22:37]     --task speech --label_space speech --preprocess_waves true \
[13:22:37]     --normalization channel,user --subject_normalization per_user --target_sfreq 250
[13:22:37] Preprocesando 'alter' -> /workspace/preprocessed_data/alter_data
[13:22:38]   [DRY-RUN] docker compose run -d --no-deps -e CUDA_VISIBLE_DEVICES=0 --rm --entrypoint python meg_training_job \
[13:22:38]     /workspace/preprocess_external_speech_dataset.py \
[13:22:38]     --dataset alter --input_path /workspace/alter_data --output_path /workspace/preprocessed_data/alter_data \
[13:22:38]     --task speech --label_space speech --preprocess_waves true \
[13:22:38]     --normalization channel,user --subject_normalization per_user --target_sfreq 250

[0;34m━━━━━━━━━━━━━━━━━━━━━━━━━━━━━━━━━━━━━━━━━━━━━━━━━━━━━━━[0m
[0;34m  PASO 2: Precompute stats LibriBrain speech[0m
[0;34m━━━━━━━━━━━━━━━━━━━━━━━━━━━━━━━━━━━━━━━━━━━━━━━━━━━━━━━[0m
[13:22:38]   [DRY-RUN] docker compose run -d --no-deps -e CUDA_VISIBLE_DEVICES=0 --rm precompute_stats \
[13:22:38]     /workspace/precompute_stats.py --data_path /workspace/libribrain_data --task speech

[0;34m━━━━━━━━━━━━━━━━━━━━━━━━━━━━━━━━━━━━━━━━━━━━━━━━━━━━━━━[0m
[0;34m  PASO 3: Fine-tuning secuencial por rondas[0m
[0;34m━━━━━━━━━━━━━━━━━━━━━━━━━━━━━━━━━━━━━━━━━━━━━━━━━━━━━━━[0m
[13:22:38] Espacio de búsqueda:
[13:22:38]   Tarea:       speech
[13:22:38]   Ronda 1:     sherlock -> libribrain
[13:22:38]   Ronda 2:     alter -> sherlock -> libribrain
[13:22:38]   Métrica:     test de libribrain_data en la última etapa
[13:22:38]   Backbones:   resnet18 efficientnet_b0 vit_tiny
[13:22:38]   Estrategias: frozen partial_ft
[13:22:38]   Sensor proj: conv
[13:22:38]   Total:       12 cadenas
[13:22:38]   Epochs/etapa:1
[13:22:38]   Batch/GPU:   2 train | 2 eval
[13:22:38]   CWT freqs:   96
[13:22:38]   GPUs:        1 visibles=0
[13:22:38]   Preprocesado externo: true
[13:22:38] 
[13:22:38] 
[13:22:38] ━━━ [1/12] speech__round1_sherlock_libribrain__resnet18__frozen ━━━
[13:22:38]   ├─ Etapa 1/2: sherlock (data_path=/workspace/preprocessed_data/sherlock_data)
[13:22:38]   │  [DRY-RUN] docker compose run -d --no-deps -e CUDA_VISIBLE_DEVICES=0 --rm --entrypoint 'torchrun --nproc_per_node=1 --nnodes=1' meg_training_job train_ddp.py \
[13:22:38]   │    --task speech --backbone resnet18 --strategy frozen \
[13:22:38]   │    --sensor_projection conv --pretrained_ckpt none \
[13:22:38]   │    --data_path /workspace/preprocessed_data/sherlock_data --output_dir /workspace/results/speech__round1_sherlock_libribrain__resnet18__frozen__stage01_sherlock --checkpoint_dir /workspace/checkpoints/speech__round1_sherlock_libribrain__resnet18__frozen__stage01_sherlock \
[13:22:38]   │    --n_epochs 1 --batch_size 2 --eval_batch_size 2 \
[13:22:38]   │    --n_freqs 96 --num_workers 4 --eval_num_workers 2 \
[13:22:38]   │    --checkpoint_every 5 --resume_from none
[13:22:38]   ├─ Etapa 2/2: libribrain (data_path=/workspace/libribrain_data)
[13:22:38]   │  [DRY-RUN] docker compose run -d --no-deps -e CUDA_VISIBLE_DEVICES=0 --rm --entrypoint 'torchrun --nproc_per_node=1 --nnodes=1' meg_training_job train_ddp.py \
[13:22:38]   │    --task speech --backbone resnet18 --strategy frozen \
[13:22:38]   │    --sensor_projection conv --pretrained_ckpt /workspace/checkpoints/speech__round1_sherlock_libribrain__resnet18__frozen__stage01_sherlock/best_model.pt \
[13:22:38]   │    --data_path /workspace/libribrain_data --output_dir /workspace/results/speech__round1_sherlock_libribrain__resnet18__frozen --checkpoint_dir /workspace/checkpoints/speech__round1_sherlock_libribrain__resnet18__frozen \
[13:22:38]   │    --n_epochs 1 --batch_size 2 --eval_batch_size 2 \
[13:22:38]   │    --n_freqs 96 --num_workers 4 --eval_num_workers 2 \
[13:22:38]   │    --checkpoint_every 5 --resume_from none
[13:22:38] 
[13:22:38] ━━━ [2/12] speech__round1_sherlock_libribrain__resnet18__partial_ft ━━━
[13:22:38]   ├─ Etapa 1/2: sherlock (data_path=/workspace/preprocessed_data/sherlock_data)
[13:22:38]   │  [DRY-RUN] docker compose run -d --no-deps -e CUDA_VISIBLE_DEVICES=0 --rm --entrypoint 'torchrun --nproc_per_node=1 --nnodes=1' meg_training_job train_ddp.py \
[13:22:38]   │    --task speech --backbone resnet18 --strategy partial_ft \
[13:22:38]   │    --sensor_projection conv --pretrained_ckpt none \
[13:22:38]   │    --data_path /workspace/preprocessed_data/sherlock_data --output_dir /workspace/results/speech__round1_sherlock_libribrain__resnet18__partial_ft__stage01_sherlock --checkpoint_dir /workspace/checkpoints/speech__round1_sherlock_libribrain__resnet18__partial_ft__stage01_sherlock \
[13:22:38]   │    --n_epochs 1 --batch_size 2 --eval_batch_size 2 \
[13:22:38]   │    --n_freqs 96 --num_workers 4 --eval_num_workers 2 \
[13:22:38]   │    --checkpoint_every 5 --resume_from none
[13:22:38]   ├─ Etapa 2/2: libribrain (data_path=/workspace/libribrain_data)
[13:22:38]   │  [DRY-RUN] docker compose run -d --no-deps -e CUDA_VISIBLE_DEVICES=0 --rm --entrypoint 'torchrun --nproc_per_node=1 --nnodes=1' meg_training_job train_ddp.py \
[13:22:38]   │    --task speech --backbone resnet18 --strategy partial_ft \
[13:22:38]   │    --sensor_projection conv --pretrained_ckpt /workspace/checkpoints/speech__round1_sherlock_libribrain__resnet18__partial_ft__stage01_sherlock/best_model.pt \
[13:22:38]   │    --data_path /workspace/libribrain_data --output_dir /workspace/results/speech__round1_sherlock_libribrain__resnet18__partial_ft --checkpoint_dir /workspace/checkpoints/speech__round1_sherlock_libribrain__resnet18__partial_ft \
[13:22:38]   │    --n_epochs 1 --batch_size 2 --eval_batch_size 2 \
[13:22:38]   │    --n_freqs 96 --num_workers 4 --eval_num_workers 2 \
[13:22:38]   │    --checkpoint_every 5 --resume_from none
[13:22:38] 
[13:22:38] ━━━ [3/12] speech__round1_sherlock_libribrain__efficientnet_b0__frozen ━━━
[13:22:38]   ├─ Etapa 1/2: sherlock (data_path=/workspace/preprocessed_data/sherlock_data)
[13:22:38]   │  [DRY-RUN] docker compose run -d --no-deps -e CUDA_VISIBLE_DEVICES=0 --rm --entrypoint 'torchrun --nproc_per_node=1 --nnodes=1' meg_training_job train_ddp.py \
[13:22:38]   │    --task speech --backbone efficientnet_b0 --strategy frozen \
[13:22:38]   │    --sensor_projection conv --pretrained_ckpt none \
[13:22:38]   │    --data_path /workspace/preprocessed_data/sherlock_data --output_dir /workspace/results/speech__round1_sherlock_libribrain__efficientnet_b0__frozen__stage01_sherlock --checkpoint_dir /workspace/checkpoints/speech__round1_sherlock_libribrain__efficientnet_b0__frozen__stage01_sherlock \
[13:22:38]   │    --n_epochs 1 --batch_size 2 --eval_batch_size 2 \
[13:22:38]   │    --n_freqs 96 --num_workers 4 --eval_num_workers 2 \
[13:22:38]   │    --checkpoint_every 5 --resume_from none
[13:22:38]   ├─ Etapa 2/2: libribrain (data_path=/workspace/libribrain_data)
[13:22:38]   │  [DRY-RUN] docker compose run -d --no-deps -e CUDA_VISIBLE_DEVICES=0 --rm --entrypoint 'torchrun --nproc_per_node=1 --nnodes=1' meg_training_job train_ddp.py \
[13:22:38]   │    --task speech --backbone efficientnet_b0 --strategy frozen \
[13:22:38]   │    --sensor_projection conv --pretrained_ckpt /workspace/checkpoints/speech__round1_sherlock_libribrain__efficientnet_b0__frozen__stage01_sherlock/best_model.pt \
[13:22:38]   │    --data_path /workspace/libribrain_data --output_dir /workspace/results/speech__round1_sherlock_libribrain__efficientnet_b0__frozen --checkpoint_dir /workspace/checkpoints/speech__round1_sherlock_libribrain__efficientnet_b0__frozen \
[13:22:38]   │    --n_epochs 1 --batch_size 2 --eval_batch_size 2 \
[13:22:38]   │    --n_freqs 96 --num_workers 4 --eval_num_workers 2 \
[13:22:38]   │    --checkpoint_every 5 --resume_from none
[13:22:38] 
[13:22:38] ━━━ [4/12] speech__round1_sherlock_libribrain__efficientnet_b0__partial_ft ━━━
[13:22:38]   ├─ Etapa 1/2: sherlock (data_path=/workspace/preprocessed_data/sherlock_data)
[13:22:38]   │  [DRY-RUN] docker compose run -d --no-deps -e CUDA_VISIBLE_DEVICES=0 --rm --entrypoint 'torchrun --nproc_per_node=1 --nnodes=1' meg_training_job train_ddp.py \
[13:22:38]   │    --task speech --backbone efficientnet_b0 --strategy partial_ft \
[13:22:38]   │    --sensor_projection conv --pretrained_ckpt none \
[13:22:38]   │    --data_path /workspace/preprocessed_data/sherlock_data --output_dir /workspace/results/speech__round1_sherlock_libribrain__efficientnet_b0__partial_ft__stage01_sherlock --checkpoint_dir /workspace/checkpoints/speech__round1_sherlock_libribrain__efficientnet_b0__partial_ft__stage01_sherlock \
[13:22:38]   │    --n_epochs 1 --batch_size 2 --eval_batch_size 2 \
[13:22:38]   │    --n_freqs 96 --num_workers 4 --eval_num_workers 2 \
[13:22:38]   │    --checkpoint_every 5 --resume_from none
[13:22:38]   ├─ Etapa 2/2: libribrain (data_path=/workspace/libribrain_data)
[13:22:38]   │  [DRY-RUN] docker compose run -d --no-deps -e CUDA_VISIBLE_DEVICES=0 --rm --entrypoint 'torchrun --nproc_per_node=1 --nnodes=1' meg_training_job train_ddp.py \
[13:22:38]   │    --task speech --backbone efficientnet_b0 --strategy partial_ft \
[13:22:38]   │    --sensor_projection conv --pretrained_ckpt /workspace/checkpoints/speech__round1_sherlock_libribrain__efficientnet_b0__partial_ft__stage01_sherlock/best_model.pt \
[13:22:38]   │    --data_path /workspace/libribrain_data --output_dir /workspace/results/speech__round1_sherlock_libribrain__efficientnet_b0__partial_ft --checkpoint_dir /workspace/checkpoints/speech__round1_sherlock_libribrain__efficientnet_b0__partial_ft \
[13:22:38]   │    --n_epochs 1 --batch_size 2 --eval_batch_size 2 \
[13:22:38]   │    --n_freqs 96 --num_workers 4 --eval_num_workers 2 \
[13:22:38]   │    --checkpoint_every 5 --resume_from none
[13:22:38] 
[13:22:38] ━━━ [5/12] speech__round1_sherlock_libribrain__vit_tiny__frozen ━━━
[13:22:38]   ├─ Etapa 1/2: sherlock (data_path=/workspace/preprocessed_data/sherlock_data)
[13:22:38]   │  [DRY-RUN] docker compose run -d --no-deps -e CUDA_VISIBLE_DEVICES=0 --rm --entrypoint 'torchrun --nproc_per_node=1 --nnodes=1' meg_training_job train_ddp.py \
[13:22:38]   │    --task speech --backbone vit_tiny --strategy frozen \
[13:22:38]   │    --sensor_projection conv --pretrained_ckpt none \
[13:22:38]   │    --data_path /workspace/preprocessed_data/sherlock_data --output_dir /workspace/results/speech__round1_sherlock_libribrain__vit_tiny__frozen__stage01_sherlock --checkpoint_dir /workspace/checkpoints/speech__round1_sherlock_libribrain__vit_tiny__frozen__stage01_sherlock \
[13:22:38]   │    --n_epochs 1 --batch_size 2 --eval_batch_size 2 \
[13:22:38]   │    --n_freqs 96 --num_workers 4 --eval_num_workers 2 \
[13:22:38]   │    --checkpoint_every 5 --resume_from none
[13:22:38]   ├─ Etapa 2/2: libribrain (data_path=/workspace/libribrain_data)
[13:22:38]   │  [DRY-RUN] docker compose run -d --no-deps -e CUDA_VISIBLE_DEVICES=0 --rm --entrypoint 'torchrun --nproc_per_node=1 --nnodes=1' meg_training_job train_ddp.py \
[13:22:38]   │    --task speech --backbone vit_tiny --strategy frozen \
[13:22:38]   │    --sensor_projection conv --pretrained_ckpt /workspace/checkpoints/speech__round1_sherlock_libribrain__vit_tiny__frozen__stage01_sherlock/best_model.pt \
[13:22:38]   │    --data_path /workspace/libribrain_data --output_dir /workspace/results/speech__round1_sherlock_libribrain__vit_tiny__frozen --checkpoint_dir /workspace/checkpoints/speech__round1_sherlock_libribrain__vit_tiny__frozen \
[13:22:38]   │    --n_epochs 1 --batch_size 2 --eval_batch_size 2 \
[13:22:38]   │    --n_freqs 96 --num_workers 4 --eval_num_workers 2 \
[13:22:38]   │    --checkpoint_every 5 --resume_from none
[13:22:38] 
[13:22:38] ━━━ [6/12] speech__round1_sherlock_libribrain__vit_tiny__partial_ft ━━━
[13:22:38]   ├─ Etapa 1/2: sherlock (data_path=/workspace/preprocessed_data/sherlock_data)
[13:22:38]   │  [DRY-RUN] docker compose run -d --no-deps -e CUDA_VISIBLE_DEVICES=0 --rm --entrypoint 'torchrun --nproc_per_node=1 --nnodes=1' meg_training_job train_ddp.py \
[13:22:38]   │    --task speech --backbone vit_tiny --strategy partial_ft \
[13:22:38]   │    --sensor_projection conv --pretrained_ckpt none \
[13:22:38]   │    --data_path /workspace/preprocessed_data/sherlock_data --output_dir /workspace/results/speech__round1_sherlock_libribrain__vit_tiny__partial_ft__stage01_sherlock --checkpoint_dir /workspace/checkpoints/speech__round1_sherlock_libribrain__vit_tiny__partial_ft__stage01_sherlock \
[13:22:38]   │    --n_epochs 1 --batch_size 2 --eval_batch_size 2 \
[13:22:38]   │    --n_freqs 96 --num_workers 4 --eval_num_workers 2 \
[13:22:38]   │    --checkpoint_every 5 --resume_from none
[13:22:38]   ├─ Etapa 2/2: libribrain (data_path=/workspace/libribrain_data)
[13:22:38]   │  [DRY-RUN] docker compose run -d --no-deps -e CUDA_VISIBLE_DEVICES=0 --rm --entrypoint 'torchrun --nproc_per_node=1 --nnodes=1' meg_training_job train_ddp.py \
[13:22:38]   │    --task speech --backbone vit_tiny --strategy partial_ft \
[13:22:38]   │    --sensor_projection conv --pretrained_ckpt /workspace/checkpoints/speech__round1_sherlock_libribrain__vit_tiny__partial_ft__stage01_sherlock/best_model.pt \
[13:22:38]   │    --data_path /workspace/libribrain_data --output_dir /workspace/results/speech__round1_sherlock_libribrain__vit_tiny__partial_ft --checkpoint_dir /workspace/checkpoints/speech__round1_sherlock_libribrain__vit_tiny__partial_ft \
[13:22:38]   │    --n_epochs 1 --batch_size 2 --eval_batch_size 2 \
[13:22:38]   │    --n_freqs 96 --num_workers 4 --eval_num_workers 2 \
[13:22:38]   │    --checkpoint_every 5 --resume_from none
[13:22:38] 
[13:22:38] ━━━ [7/12] speech__round2_alter_sherlock_libribrain__resnet18__frozen ━━━
[13:22:38]   ├─ Etapa 1/3: alter (data_path=/workspace/preprocessed_data/alter_data)
[13:22:38]   │  [DRY-RUN] docker compose run -d --no-deps -e CUDA_VISIBLE_DEVICES=0 --rm --entrypoint 'torchrun --nproc_per_node=1 --nnodes=1' meg_training_job train_ddp.py \
[13:22:38]   │    --task speech --backbone resnet18 --strategy frozen \
[13:22:38]   │    --sensor_projection conv --pretrained_ckpt none \
[13:22:38]   │    --data_path /workspace/preprocessed_data/alter_data --output_dir /workspace/results/speech__round2_alter_sherlock_libribrain__resnet18__frozen__stage01_alter --checkpoint_dir /workspace/checkpoints/speech__round2_alter_sherlock_libribrain__resnet18__frozen__stage01_alter \
[13:22:38]   │    --n_epochs 1 --batch_size 2 --eval_batch_size 2 \
[13:22:38]   │    --n_freqs 96 --num_workers 4 --eval_num_workers 2 \
[13:22:38]   │    --checkpoint_every 5 --resume_from none
[13:22:38]   ├─ Etapa 2/3: sherlock (data_path=/workspace/preprocessed_data/sherlock_data)
[13:22:38]   │  [DRY-RUN] docker compose run -d --no-deps -e CUDA_VISIBLE_DEVICES=0 --rm --entrypoint 'torchrun --nproc_per_node=1 --nnodes=1' meg_training_job train_ddp.py \
[13:22:38]   │    --task speech --backbone resnet18 --strategy frozen \
[13:22:38]   │    --sensor_projection conv --pretrained_ckpt /workspace/checkpoints/speech__round2_alter_sherlock_libribrain__resnet18__frozen__stage01_alter/best_model.pt \
[13:22:38]   │    --data_path /workspace/preprocessed_data/sherlock_data --output_dir /workspace/results/speech__round2_alter_sherlock_libribrain__resnet18__frozen__stage02_sherlock --checkpoint_dir /workspace/checkpoints/speech__round2_alter_sherlock_libribrain__resnet18__frozen__stage02_sherlock \
[13:22:38]   │    --n_epochs 1 --batch_size 2 --eval_batch_size 2 \
[13:22:38]   │    --n_freqs 96 --num_workers 4 --eval_num_workers 2 \
[13:22:38]   │    --checkpoint_every 5 --resume_from none
[13:22:38]   ├─ Etapa 3/3: libribrain (data_path=/workspace/libribrain_data)
[13:22:38]   │  [DRY-RUN] docker compose run -d --no-deps -e CUDA_VISIBLE_DEVICES=0 --rm --entrypoint 'torchrun --nproc_per_node=1 --nnodes=1' meg_training_job train_ddp.py \
[13:22:38]   │    --task speech --backbone resnet18 --strategy frozen \
[13:22:38]   │    --sensor_projection conv --pretrained_ckpt /workspace/checkpoints/speech__round2_alter_sherlock_libribrain__resnet18__frozen__stage02_sherlock/best_model.pt \
[13:22:38]   │    --data_path /workspace/libribrain_data --output_dir /workspace/results/speech__round2_alter_sherlock_libribrain__resnet18__frozen --checkpoint_dir /workspace/checkpoints/speech__round2_alter_sherlock_libribrain__resnet18__frozen \
[13:22:38]   │    --n_epochs 1 --batch_size 2 --eval_batch_size 2 \
[13:22:38]   │    --n_freqs 96 --num_workers 4 --eval_num_workers 2 \
[13:22:38]   │    --checkpoint_every 5 --resume_from none
[13:22:38] 
[13:22:38] ━━━ [8/12] speech__round2_alter_sherlock_libribrain__resnet18__partial_ft ━━━
[13:22:38]   ├─ Etapa 1/3: alter (data_path=/workspace/preprocessed_data/alter_data)
[13:22:38]   │  [DRY-RUN] docker compose run -d --no-deps -e CUDA_VISIBLE_DEVICES=0 --rm --entrypoint 'torchrun --nproc_per_node=1 --nnodes=1' meg_training_job train_ddp.py \
[13:22:38]   │    --task speech --backbone resnet18 --strategy partial_ft \
[13:22:38]   │    --sensor_projection conv --pretrained_ckpt none \
[13:22:38]   │    --data_path /workspace/preprocessed_data/alter_data --output_dir /workspace/results/speech__round2_alter_sherlock_libribrain__resnet18__partial_ft__stage01_alter --checkpoint_dir /workspace/checkpoints/speech__round2_alter_sherlock_libribrain__resnet18__partial_ft__stage01_alter \
[13:22:38]   │    --n_epochs 1 --batch_size 2 --eval_batch_size 2 \
[13:22:38]   │    --n_freqs 96 --num_workers 4 --eval_num_workers 2 \
[13:22:38]   │    --checkpoint_every 5 --resume_from none
[13:22:38]   ├─ Etapa 2/3: sherlock (data_path=/workspace/preprocessed_data/sherlock_data)
[13:22:38]   │  [DRY-RUN] docker compose run -d --no-deps -e CUDA_VISIBLE_DEVICES=0 --rm --entrypoint 'torchrun --nproc_per_node=1 --nnodes=1' meg_training_job train_ddp.py \
[13:22:38]   │    --task speech --backbone resnet18 --strategy partial_ft \
[13:22:38]   │    --sensor_projection conv --pretrained_ckpt /workspace/checkpoints/speech__round2_alter_sherlock_libribrain__resnet18__partial_ft__stage01_alter/best_model.pt \
[13:22:38]   │    --data_path /workspace/preprocessed_data/sherlock_data --output_dir /workspace/results/speech__round2_alter_sherlock_libribrain__resnet18__partial_ft__stage02_sherlock --checkpoint_dir /workspace/checkpoints/speech__round2_alter_sherlock_libribrain__resnet18__partial_ft__stage02_sherlock \
[13:22:38]   │    --n_epochs 1 --batch_size 2 --eval_batch_size 2 \
[13:22:39]   │    --n_freqs 96 --num_workers 4 --eval_num_workers 2 \
[13:22:39]   │    --checkpoint_every 5 --resume_from none
[13:22:39]   ├─ Etapa 3/3: libribrain (data_path=/workspace/libribrain_data)
[13:22:39]   │  [DRY-RUN] docker compose run -d --no-deps -e CUDA_VISIBLE_DEVICES=0 --rm --entrypoint 'torchrun --nproc_per_node=1 --nnodes=1' meg_training_job train_ddp.py \
[13:22:39]   │    --task speech --backbone resnet18 --strategy partial_ft \
[13:22:39]   │    --sensor_projection conv --pretrained_ckpt /workspace/checkpoints/speech__round2_alter_sherlock_libribrain__resnet18__partial_ft__stage02_sherlock/best_model.pt \
[13:22:39]   │    --data_path /workspace/libribrain_data --output_dir /workspace/results/speech__round2_alter_sherlock_libribrain__resnet18__partial_ft --checkpoint_dir /workspace/checkpoints/speech__round2_alter_sherlock_libribrain__resnet18__partial_ft \
[13:22:39]   │    --n_epochs 1 --batch_size 2 --eval_batch_size 2 \
[13:22:39]   │    --n_freqs 96 --num_workers 4 --eval_num_workers 2 \
[13:22:39]   │    --checkpoint_every 5 --resume_from none
[13:22:39] 
[13:22:39] ━━━ [9/12] speech__round2_alter_sherlock_libribrain__efficientnet_b0__frozen ━━━
[13:22:39]   ├─ Etapa 1/3: alter (data_path=/workspace/preprocessed_data/alter_data)
[13:22:39]   │  [DRY-RUN] docker compose run -d --no-deps -e CUDA_VISIBLE_DEVICES=0 --rm --entrypoint 'torchrun --nproc_per_node=1 --nnodes=1' meg_training_job train_ddp.py \
[13:22:39]   │    --task speech --backbone efficientnet_b0 --strategy frozen \
[13:22:39]   │    --sensor_projection conv --pretrained_ckpt none \
[13:22:39]   │    --data_path /workspace/preprocessed_data/alter_data --output_dir /workspace/results/speech__round2_alter_sherlock_libribrain__efficientnet_b0__frozen__stage01_alter --checkpoint_dir /workspace/checkpoints/speech__round2_alter_sherlock_libribrain__efficientnet_b0__frozen__stage01_alter \
[13:22:39]   │    --n_epochs 1 --batch_size 2 --eval_batch_size 2 \
[13:22:39]   │    --n_freqs 96 --num_workers 4 --eval_num_workers 2 \
[13:22:39]   │    --checkpoint_every 5 --resume_from none
[13:22:39]   ├─ Etapa 2/3: sherlock (data_path=/workspace/preprocessed_data/sherlock_data)
[13:22:39]   │  [DRY-RUN] docker compose run -d --no-deps -e CUDA_VISIBLE_DEVICES=0 --rm --entrypoint 'torchrun --nproc_per_node=1 --nnodes=1' meg_training_job train_ddp.py \
[13:22:39]   │    --task speech --backbone efficientnet_b0 --strategy frozen \
[13:22:39]   │    --sensor_projection conv --pretrained_ckpt /workspace/checkpoints/speech__round2_alter_sherlock_libribrain__efficientnet_b0__frozen__stage01_alter/best_model.pt \
[13:22:39]   │    --data_path /workspace/preprocessed_data/sherlock_data --output_dir /workspace/results/speech__round2_alter_sherlock_libribrain__efficientnet_b0__frozen__stage02_sherlock --checkpoint_dir /workspace/checkpoints/speech__round2_alter_sherlock_libribrain__efficientnet_b0__frozen__stage02_sherlock \
[13:22:39]   │    --n_epochs 1 --batch_size 2 --eval_batch_size 2 \
[13:22:39]   │    --n_freqs 96 --num_workers 4 --eval_num_workers 2 \
[13:22:39]   │    --checkpoint_every 5 --resume_from none
[13:22:39]   ├─ Etapa 3/3: libribrain (data_path=/workspace/libribrain_data)
[13:22:39]   │  [DRY-RUN] docker compose run -d --no-deps -e CUDA_VISIBLE_DEVICES=0 --rm --entrypoint 'torchrun --nproc_per_node=1 --nnodes=1' meg_training_job train_ddp.py \
[13:22:39]   │    --task speech --backbone efficientnet_b0 --strategy frozen \
[13:22:39]   │    --sensor_projection conv --pretrained_ckpt /workspace/checkpoints/speech__round2_alter_sherlock_libribrain__efficientnet_b0__frozen__stage02_sherlock/best_model.pt \
[13:22:39]   │    --data_path /workspace/libribrain_data --output_dir /workspace/results/speech__round2_alter_sherlock_libribrain__efficientnet_b0__frozen --checkpoint_dir /workspace/checkpoints/speech__round2_alter_sherlock_libribrain__efficientnet_b0__frozen \
[13:22:39]   │    --n_epochs 1 --batch_size 2 --eval_batch_size 2 \
[13:22:39]   │    --n_freqs 96 --num_workers 4 --eval_num_workers 2 \
[13:22:39]   │    --checkpoint_every 5 --resume_from none
[13:22:39] 
[13:22:39] ━━━ [10/12] speech__round2_alter_sherlock_libribrain__efficientnet_b0__partial_ft ━━━
[13:22:39]   ├─ Etapa 1/3: alter (data_path=/workspace/preprocessed_data/alter_data)
[13:22:39]   │  [DRY-RUN] docker compose run -d --no-deps -e CUDA_VISIBLE_DEVICES=0 --rm --entrypoint 'torchrun --nproc_per_node=1 --nnodes=1' meg_training_job train_ddp.py \
[13:22:39]   │    --task speech --backbone efficientnet_b0 --strategy partial_ft \
[13:22:39]   │    --sensor_projection conv --pretrained_ckpt none \
[13:22:39]   │    --data_path /workspace/preprocessed_data/alter_data --output_dir /workspace/results/speech__round2_alter_sherlock_libribrain__efficientnet_b0__partial_ft__stage01_alter --checkpoint_dir /workspace/checkpoints/speech__round2_alter_sherlock_libribrain__efficientnet_b0__partial_ft__stage01_alter \
[13:22:39]   │    --n_epochs 1 --batch_size 2 --eval_batch_size 2 \
[13:22:39]   │    --n_freqs 96 --num_workers 4 --eval_num_workers 2 \
[13:22:39]   │    --checkpoint_every 5 --resume_from none
[13:22:39]   ├─ Etapa 2/3: sherlock (data_path=/workspace/preprocessed_data/sherlock_data)
[13:22:39]   │  [DRY-RUN] docker compose run -d --no-deps -e CUDA_VISIBLE_DEVICES=0 --rm --entrypoint 'torchrun --nproc_per_node=1 --nnodes=1' meg_training_job train_ddp.py \
[13:22:39]   │    --task speech --backbone efficientnet_b0 --strategy partial_ft \
[13:22:39]   │    --sensor_projection conv --pretrained_ckpt /workspace/checkpoints/speech__round2_alter_sherlock_libribrain__efficientnet_b0__partial_ft__stage01_alter/best_model.pt \
[13:22:39]   │    --data_path /workspace/preprocessed_data/sherlock_data --output_dir /workspace/results/speech__round2_alter_sherlock_libribrain__efficientnet_b0__partial_ft__stage02_sherlock --checkpoint_dir /workspace/checkpoints/speech__round2_alter_sherlock_libribrain__efficientnet_b0__partial_ft__stage02_sherlock \
[13:22:39]   │    --n_epochs 1 --batch_size 2 --eval_batch_size 2 \
[13:22:39]   │    --n_freqs 96 --num_workers 4 --eval_num_workers 2 \
[13:22:39]   │    --checkpoint_every 5 --resume_from none
[13:22:39]   ├─ Etapa 3/3: libribrain (data_path=/workspace/libribrain_data)
[13:22:39]   │  [DRY-RUN] docker compose run -d --no-deps -e CUDA_VISIBLE_DEVICES=0 --rm --entrypoint 'torchrun --nproc_per_node=1 --nnodes=1' meg_training_job train_ddp.py \
[13:22:39]   │    --task speech --backbone efficientnet_b0 --strategy partial_ft \
[13:22:39]   │    --sensor_projection conv --pretrained_ckpt /workspace/checkpoints/speech__round2_alter_sherlock_libribrain__efficientnet_b0__partial_ft__stage02_sherlock/best_model.pt \
[13:22:39]   │    --data_path /workspace/libribrain_data --output_dir /workspace/results/speech__round2_alter_sherlock_libribrain__efficientnet_b0__partial_ft --checkpoint_dir /workspace/checkpoints/speech__round2_alter_sherlock_libribrain__efficientnet_b0__partial_ft \
[13:22:39]   │    --n_epochs 1 --batch_size 2 --eval_batch_size 2 \
[13:22:39]   │    --n_freqs 96 --num_workers 4 --eval_num_workers 2 \
[13:22:39]   │    --checkpoint_every 5 --resume_from none
[13:22:39] 
[13:22:39] ━━━ [11/12] speech__round2_alter_sherlock_libribrain__vit_tiny__frozen ━━━
[13:22:39]   ├─ Etapa 1/3: alter (data_path=/workspace/preprocessed_data/alter_data)
[13:22:39]   │  [DRY-RUN] docker compose run -d --no-deps -e CUDA_VISIBLE_DEVICES=0 --rm --entrypoint 'torchrun --nproc_per_node=1 --nnodes=1' meg_training_job train_ddp.py \
[13:22:39]   │    --task speech --backbone vit_tiny --strategy frozen \
[13:22:39]   │    --sensor_projection conv --pretrained_ckpt none \
[13:22:39]   │    --data_path /workspace/preprocessed_data/alter_data --output_dir /workspace/results/speech__round2_alter_sherlock_libribrain__vit_tiny__frozen__stage01_alter --checkpoint_dir /workspace/checkpoints/speech__round2_alter_sherlock_libribrain__vit_tiny__frozen__stage01_alter \
[13:22:39]   │    --n_epochs 1 --batch_size 2 --eval_batch_size 2 \
[13:22:39]   │    --n_freqs 96 --num_workers 4 --eval_num_workers 2 \
[13:22:39]   │    --checkpoint_every 5 --resume_from none
[13:22:39]   ├─ Etapa 2/3: sherlock (data_path=/workspace/preprocessed_data/sherlock_data)
[13:22:39]   │  [DRY-RUN] docker compose run -d --no-deps -e CUDA_VISIBLE_DEVICES=0 --rm --entrypoint 'torchrun --nproc_per_node=1 --nnodes=1' meg_training_job train_ddp.py \
[13:22:39]   │    --task speech --backbone vit_tiny --strategy frozen \
[13:22:39]   │    --sensor_projection conv --pretrained_ckpt /workspace/checkpoints/speech__round2_alter_sherlock_libribrain__vit_tiny__frozen__stage01_alter/best_model.pt \
[13:22:39]   │    --data_path /workspace/preprocessed_data/sherlock_data --output_dir /workspace/results/speech__round2_alter_sherlock_libribrain__vit_tiny__frozen__stage02_sherlock --checkpoint_dir /workspace/checkpoints/speech__round2_alter_sherlock_libribrain__vit_tiny__frozen__stage02_sherlock \
[13:22:39]   │    --n_epochs 1 --batch_size 2 --eval_batch_size 2 \
[13:22:39]   │    --n_freqs 96 --num_workers 4 --eval_num_workers 2 \
[13:22:39]   │    --checkpoint_every 5 --resume_from none
[13:22:39]   ├─ Etapa 3/3: libribrain (data_path=/workspace/libribrain_data)
[13:22:39]   │  [DRY-RUN] docker compose run -d --no-deps -e CUDA_VISIBLE_DEVICES=0 --rm --entrypoint 'torchrun --nproc_per_node=1 --nnodes=1' meg_training_job train_ddp.py \
[13:22:39]   │    --task speech --backbone vit_tiny --strategy frozen \
[13:22:39]   │    --sensor_projection conv --pretrained_ckpt /workspace/checkpoints/speech__round2_alter_sherlock_libribrain__vit_tiny__frozen__stage02_sherlock/best_model.pt \
[13:22:39]   │    --data_path /workspace/libribrain_data --output_dir /workspace/results/speech__round2_alter_sherlock_libribrain__vit_tiny__frozen --checkpoint_dir /workspace/checkpoints/speech__round2_alter_sherlock_libribrain__vit_tiny__frozen \
[13:22:39]   │    --n_epochs 1 --batch_size 2 --eval_batch_size 2 \
[13:22:39]   │    --n_freqs 96 --num_workers 4 --eval_num_workers 2 \
[13:22:39]   │    --checkpoint_every 5 --resume_from none
[13:22:39] 
[13:22:39] ━━━ [12/12] speech__round2_alter_sherlock_libribrain__vit_tiny__partial_ft ━━━
[13:22:39]   ├─ Etapa 1/3: alter (data_path=/workspace/preprocessed_data/alter_data)
[13:22:39]   │  [DRY-RUN] docker compose run -d --no-deps -e CUDA_VISIBLE_DEVICES=0 --rm --entrypoint 'torchrun --nproc_per_node=1 --nnodes=1' meg_training_job train_ddp.py \
[13:22:39]   │    --task speech --backbone vit_tiny --strategy partial_ft \
[13:22:39]   │    --sensor_projection conv --pretrained_ckpt none \
[13:22:39]   │    --data_path /workspace/preprocessed_data/alter_data --output_dir /workspace/results/speech__round2_alter_sherlock_libribrain__vit_tiny__partial_ft__stage01_alter --checkpoint_dir /workspace/checkpoints/speech__round2_alter_sherlock_libribrain__vit_tiny__partial_ft__stage01_alter \
[13:22:39]   │    --n_epochs 1 --batch_size 2 --eval_batch_size 2 \
[13:22:39]   │    --n_freqs 96 --num_workers 4 --eval_num_workers 2 \
[13:22:39]   │    --checkpoint_every 5 --resume_from none
[13:22:39]   ├─ Etapa 2/3: sherlock (data_path=/workspace/preprocessed_data/sherlock_data)
[13:22:39]   │  [DRY-RUN] docker compose run -d --no-deps -e CUDA_VISIBLE_DEVICES=0 --rm --entrypoint 'torchrun --nproc_per_node=1 --nnodes=1' meg_training_job train_ddp.py \
[13:22:39]   │    --task speech --backbone vit_tiny --strategy partial_ft \
[13:22:39]   │    --sensor_projection conv --pretrained_ckpt /workspace/checkpoints/speech__round2_alter_sherlock_libribrain__vit_tiny__partial_ft__stage01_alter/best_model.pt \
[13:22:39]   │    --data_path /workspace/preprocessed_data/sherlock_data --output_dir /workspace/results/speech__round2_alter_sherlock_libribrain__vit_tiny__partial_ft__stage02_sherlock --checkpoint_dir /workspace/checkpoints/speech__round2_alter_sherlock_libribrain__vit_tiny__partial_ft__stage02_sherlock \
[13:22:39]   │    --n_epochs 1 --batch_size 2 --eval_batch_size 2 \
[13:22:39]   │    --n_freqs 96 --num_workers 4 --eval_num_workers 2 \
[13:22:39]   │    --checkpoint_every 5 --resume_from none
[13:22:39]   ├─ Etapa 3/3: libribrain (data_path=/workspace/libribrain_data)
[13:22:39]   │  [DRY-RUN] docker compose run -d --no-deps -e CUDA_VISIBLE_DEVICES=0 --rm --entrypoint 'torchrun --nproc_per_node=1 --nnodes=1' meg_training_job train_ddp.py \
[13:22:39]   │    --task speech --backbone vit_tiny --strategy partial_ft \
[13:22:39]   │    --sensor_projection conv --pretrained_ckpt /workspace/checkpoints/speech__round2_alter_sherlock_libribrain__vit_tiny__partial_ft__stage02_sherlock/best_model.pt \
[13:22:39]   │    --data_path /workspace/libribrain_data --output_dir /workspace/results/speech__round2_alter_sherlock_libribrain__vit_tiny__partial_ft --checkpoint_dir /workspace/checkpoints/speech__round2_alter_sherlock_libribrain__vit_tiny__partial_ft \
[13:22:39]   │    --n_epochs 1 --batch_size 2 --eval_batch_size 2 \
[13:22:39]   │    --n_freqs 96 --num_workers 4 --eval_num_workers 2 \
[13:22:39]   │    --checkpoint_every 5 --resume_from none

[0;34m━━━━━━━━━━━━━━━━━━━━━━━━━━━━━━━━━━━━━━━━━━━━━━━━━━━━━━━[0m
[0;34m  RESUMEN DEL SWEEP (DATASET-ROUNDS)[0m
[0;34m━━━━━━━━━━━━━━━━━━━━━━━━━━━━━━━━━━━━━━━━━━━━━━━━━━━━━━━[0m
[13:22:39] Completados OK (12/12):
[0;32m[✓][0m   speech__round1_sherlock_libribrain__resnet18__frozen [dry-run]
[0;32m[✓][0m   speech__round1_sherlock_libribrain__resnet18__partial_ft [dry-run]
[0;32m[✓][0m   speech__round1_sherlock_libribrain__efficientnet_b0__frozen [dry-run]
[0;32m[✓][0m   speech__round1_sherlock_libribrain__efficientnet_b0__partial_ft [dry-run]
[0;32m[✓][0m   speech__round1_sherlock_libribrain__vit_tiny__frozen [dry-run]
[0;32m[✓][0m   speech__round1_sherlock_libribrain__vit_tiny__partial_ft [dry-run]
[0;32m[✓][0m   speech__round2_alter_sherlock_libribrain__resnet18__frozen [dry-run]
[0;32m[✓][0m   speech__round2_alter_sherlock_libribrain__resnet18__partial_ft [dry-run]
[0;32m[✓][0m   speech__round2_alter_sherlock_libribrain__efficientnet_b0__frozen [dry-run]
[0;32m[✓][0m   speech__round2_alter_sherlock_libribrain__efficientnet_b0__partial_ft [dry-run]
[0;32m[✓][0m   speech__round2_alter_sherlock_libribrain__vit_tiny__frozen [dry-run]
[0;32m[✓][0m   speech__round2_alter_sherlock_libribrain__vit_tiny__partial_ft [dry-run]

[0;34m━━━━━━━━━━━━━━━━━━━━━━━━━━━━━━━━━━━━━━━━━━━━━━━━━━━━━━━[0m
[0;34m  RESULTADOS (test final LibriBrain)[0m
[0;34m━━━━━━━━━━━━━━━━━━━━━━━━━━━━━━━━━━━━━━━━━━━━━━━━━━━━━━━[0m
[0;32m[✓][0m Sweep dataset-rounds finalizado.
