[1;33m[⚠][0m docker compose run no soporta --init; se ejecutará sin ese flag.

[0;34m━━━━━━━━━━━━━━━━━━━━━━━━━━━━━━━━━━━━━━━━━━━━━━━━━━━━━━━[0m
[0;34m  PASO 0: Verificando/parcheando train_ddp.py para soporte de 'speech'[0m
[0;34m━━━━━━━━━━━━━━━━━━━━━━━━━━━━━━━━━━━━━━━━━━━━━━━━━━━━━━━[0m
[0;32m[✓][0m train_ddp.py ya incluye soporte robusto para speech/phoneme. Sin parche dinámico.

[0;34m━━━━━━━━━━━━━━━━━━━━━━━━━━━━━━━━━━━━━━━━━━━━━━━━━━━━━━━[0m
[0;34m  PASO 1: Precompute stats de normalización H5[0m
[0;34m━━━━━━━━━━━━━━━━━━━━━━━━━━━━━━━━━━━━━━━━━━━━━━━━━━━━━━━[0m
[0;32m[✓][0m Stats para 'speech' ya calculadas (sentinel: /home/rdiaper/proyectos/ScraBrain/.precompute_done_speech)

[0;34m━━━━━━━━━━━━━━━━━━━━━━━━━━━━━━━━━━━━━━━━━━━━━━━━━━━━━━━[0m
[0;34m  PASO 2: Iniciando sweep de entrenamiento[0m
[0;34m━━━━━━━━━━━━━━━━━━━━━━━━━━━━━━━━━━━━━━━━━━━━━━━━━━━━━━━[0m
[17:36:56] Espacio de búsqueda:
[17:36:56]   Tareas:      speech
[17:36:56]   Backbones:   resnet18 efficientnet_b0 vit_tiny
[17:36:56]   Estrategias: frozen partial_ft
[17:36:56]   Total:       6 experimentos
[17:36:56]   Epochs/exp:  50
[17:36:56]   Modo train:  DDP raw+CWT (train_ddp.py)
[17:36:56] 
[17:36:56] 
[17:36:56] ━━━ [1/6] speech__resnet18__frozen ━━━
[17:36:56]   Contenedor: 1fac21f3778e
[0;31m[✗][0m   FALLIDO (exit 1) en 0min → /home/rdiaper/proyectos/ScraBrain/logs/speech__resnet18__frozen.log
[17:36:58] 
[17:36:58] ━━━ [2/6] speech__resnet18__partial_ft ━━━
[0;32m[✓][0m   Ya completado (sentinel existente). Saltando.
[17:36:58] 
[17:36:58] ━━━ [3/6] speech__efficientnet_b0__frozen ━━━
[17:36:59]   Contenedor: 6cb66b76c874
[0;31m[✗][0m   FALLIDO (exit 1) en 0min → /home/rdiaper/proyectos/ScraBrain/logs/speech__efficientnet_b0__frozen.log
[17:37:00] 
[17:37:00] ━━━ [4/6] speech__efficientnet_b0__partial_ft ━━━
[17:37:01]   Contenedor: 02695bd51f65
[0;31m[✗][0m   FALLIDO (exit 1) en 0min → /home/rdiaper/proyectos/ScraBrain/logs/speech__efficientnet_b0__partial_ft.log
[17:37:02] 
[17:37:02] ━━━ [5/6] speech__vit_tiny__frozen ━━━
[0;32m[✓][0m   Ya completado (sentinel existente). Saltando.
[17:37:02] 
[17:37:02] ━━━ [6/6] speech__vit_tiny__partial_ft ━━━
[0;32m[✓][0m   Ya completado (sentinel existente). Saltando.

[0;34m━━━━━━━━━━━━━━━━━━━━━━━━━━━━━━━━━━━━━━━━━━━━━━━━━━━━━━━[0m
[0;34m  RESUMEN DEL SWEEP[0m
[0;34m━━━━━━━━━━━━━━━━━━━━━━━━━━━━━━━━━━━━━━━━━━━━━━━━━━━━━━━[0m
[17:37:02] Completados OK (0/6):
[0;32m[✓][0m   
[17:37:02] Saltados (ya existían) (3):
[17:37:02]   ⏭  speech__resnet18__partial_ft
[17:37:02]   ⏭  speech__vit_tiny__frozen
[17:37:02]   ⏭  speech__vit_tiny__partial_ft
[17:37:02] Fallidos (3):
[0;31m[✗][0m   speech__resnet18__frozen
[0;31m[✗][0m   speech__efficientnet_b0__frozen
[0;31m[✗][0m   speech__efficientnet_b0__partial_ft
[17:37:02] 
[1;33m[⚠][0m Para reanudar los fallidos:  bash run_sweep.sh --resume
[17:37:02] 
[17:37:02] Log completo del sweep: /home/rdiaper/proyectos/ScraBrain/logs/sweep_20260428_173656.log
[17:37:02] 

[0;34m━━━━━━━━━━━━━━━━━━━━━━━━━━━━━━━━━━━━━━━━━━━━━━━━━━━━━━━[0m
[0;34m  RESULTADOS (final_results.json por experimento)[0m
[0;34m━━━━━━━━━━━━━━━━━━━━━━━━━━━━━━━━━━━━━━━━━━━━━━━━━━━━━━━[0m
[17:37:02] 
[0;32m[✓][0m Sweep finalizado.
