[1;33m[⚠][0m docker compose run no soporta --init; se ejecutará sin ese flag.

[0;34m━━━━━━━━━━━━━━━━━━━━━━━━━━━━━━━━━━━━━━━━━━━━━━━━━━━━━━━[0m
[0;34m  PASO 0: Verificando/parcheando train_ddp.py para soporte de 'speech'[0m
[0;34m━━━━━━━━━━━━━━━━━━━━━━━━━━━━━━━━━━━━━━━━━━━━━━━━━━━━━━━[0m
[0;32m[✓][0m train_ddp.py ya incluye soporte robusto para speech/phoneme. Sin parche dinámico.

[0;34m━━━━━━━━━━━━━━━━━━━━━━━━━━━━━━━━━━━━━━━━━━━━━━━━━━━━━━━[0m
[0;34m  PASO 1: Precompute stats de normalización H5[0m
[0;34m━━━━━━━━━━━━━━━━━━━━━━━━━━━━━━━━━━━━━━━━━━━━━━━━━━━━━━━[0m
[12:59:36] Lanzando precompute_stats para task='speech'...
[0;32m[✓][0m Precompute 'speech' completado.

[0;34m━━━━━━━━━━━━━━━━━━━━━━━━━━━━━━━━━━━━━━━━━━━━━━━━━━━━━━━[0m
[0;34m  PASO 2: Iniciando sweep de entrenamiento[0m
[0;34m━━━━━━━━━━━━━━━━━━━━━━━━━━━━━━━━━━━━━━━━━━━━━━━━━━━━━━━[0m
[12:59:45] Espacio de búsqueda:
[12:59:45]   Tareas:      speech
[12:59:45]   Backbones:   resnet18 efficientnet_b0 vit_tiny
[12:59:45]   Estrategias: frozen partial_ft
[12:59:45]   Total:       6 experimentos
[12:59:45]   Epochs/exp:  50
[12:59:45]   Modo train:  DDP raw+CWT (train_ddp.py)
[12:59:45] 
[12:59:45] 
[12:59:45] ━━━ [1/6] speech__resnet18__frozen ━━━
[12:59:46]   Contenedor: bf39f9fce9d2
[0;31m[✗][0m   FALLIDO (exit 1) en 7min → /home/rdiaper/proyectos/ScraBrain/logs/speech__resnet18__frozen.log
[13:07:42] 
[13:07:42] ━━━ [2/6] speech__resnet18__partial_ft ━━━
[13:07:43]   Contenedor: 906ece92eb8f
[0;32m[✓][0m   Completado en 26min → /home/rdiaper/proyectos/ScraBrain/logs/speech__resnet18__partial_ft.log
[13:34:33] 
[13:34:33] ━━━ [3/6] speech__efficientnet_b0__frozen ━━━
[13:34:34]   Contenedor: 18629095d110
[0;31m[✗][0m   FALLIDO (exit 1) en 28min → /home/rdiaper/proyectos/ScraBrain/logs/speech__efficientnet_b0__frozen.log
[14:03:01] 
[14:03:01] ━━━ [4/6] speech__efficientnet_b0__partial_ft ━━━
[14:03:02]   Contenedor: f5f0151b0b01
[0;31m[✗][0m   FALLIDO (exit 1) en 4min → /home/rdiaper/proyectos/ScraBrain/logs/speech__efficientnet_b0__partial_ft.log
[14:07:45] 
[14:07:45] ━━━ [5/6] speech__vit_tiny__frozen ━━━
[14:07:45]   Contenedor: d4720939f7f0
[0;32m[✓][0m   Completado en 26min → /home/rdiaper/proyectos/ScraBrain/logs/speech__vit_tiny__frozen.log
[14:34:10] 
[14:34:10] ━━━ [6/6] speech__vit_tiny__partial_ft ━━━
[0;32m[✓][0m   Ya completado (sentinel existente). Saltando.

[0;34m━━━━━━━━━━━━━━━━━━━━━━━━━━━━━━━━━━━━━━━━━━━━━━━━━━━━━━━[0m
[0;34m  RESUMEN DEL SWEEP[0m
[0;34m━━━━━━━━━━━━━━━━━━━━━━━━━━━━━━━━━━━━━━━━━━━━━━━━━━━━━━━[0m
[14:34:10] Completados OK (2/6):
[0;32m[✓][0m   speech__resnet18__partial_ft
[0;32m[✓][0m   speech__vit_tiny__frozen
[14:34:10] Saltados (ya existían) (1):
[14:34:10]   ⏭  speech__vit_tiny__partial_ft
[14:34:10] Fallidos (3):
[0;31m[✗][0m   speech__resnet18__frozen
[0;31m[✗][0m   speech__efficientnet_b0__frozen
[0;31m[✗][0m   speech__efficientnet_b0__partial_ft
[14:34:10] 
[1;33m[⚠][0m Para reanudar los fallidos:  bash run_sweep.sh --resume
[14:34:10] 
[14:34:10] Log completo del sweep: /home/rdiaper/proyectos/ScraBrain/logs/sweep_20260428_125936.log
[14:34:10] 

[0;34m━━━━━━━━━━━━━━━━━━━━━━━━━━━━━━━━━━━━━━━━━━━━━━━━━━━━━━━[0m
[0;34m  RESULTADOS (final_results.json por experimento)[0m
[0;34m━━━━━━━━━━━━━━━━━━━━━━━━━━━━━━━━━━━━━━━━━━━━━━━━━━━━━━━[0m
[14:34:10] 
[0;32m[✓][0m Sweep finalizado.
