[1;33m[⚠][0m docker compose run no soporta --init; se ejecutará sin ese flag.

[0;34m━━━━━━━━━━━━━━━━━━━━━━━━━━━━━━━━━━━━━━━━━━━━━━━━━━━━━━━[0m
[0;34m  PASO 0: Verificando/parcheando train_ddp.py para soporte de 'speech'[0m
[0;34m━━━━━━━━━━━━━━━━━━━━━━━━━━━━━━━━━━━━━━━━━━━━━━━━━━━━━━━[0m
[0;32m[✓][0m train_ddp.py ya incluye soporte robusto para speech/phoneme. Sin parche dinámico.

[0;34m━━━━━━━━━━━━━━━━━━━━━━━━━━━━━━━━━━━━━━━━━━━━━━━━━━━━━━━[0m
[0;34m  PASO 1: Precompute stats de normalización H5[0m
[0;34m━━━━━━━━━━━━━━━━━━━━━━━━━━━━━━━━━━━━━━━━━━━━━━━━━━━━━━━[0m
[0;32m[✓][0m Stats para 'speech' ya calculadas (sentinel: /home/rdiaper/proyectos/ScraBrain/.precompute_done_speech)

[0;34m━━━━━━━━━━━━━━━━━━━━━━━━━━━━━━━━━━━━━━━━━━━━━━━━━━━━━━━[0m
[0;34m  PASO 2: Iniciando sweep de entrenamiento[0m
[0;34m━━━━━━━━━━━━━━━━━━━━━━━━━━━━━━━━━━━━━━━━━━━━━━━━━━━━━━━[0m
[15:12:44] Espacio de búsqueda:
[15:12:44]   Tareas:      speech
[15:12:44]   Backbones:   resnet18 efficientnet_b0 vit_tiny
[15:12:44]   Estrategias: frozen partial_ft
[15:12:44]   Total:       6 experimentos
[15:12:44]   Epochs/exp:  50
[15:12:44]   Modo train:  DDP raw+CWT (train_ddp.py)
[15:12:44] 
[15:12:44] 
[15:12:44] ━━━ [1/6] speech__resnet18__frozen ━━━
[15:12:44]   Contenedor: e48f4b83900d
[0;31m[✗][0m   FALLIDO (exit 1) en 3min → /home/rdiaper/proyectos/ScraBrain/logs/speech__resnet18__frozen.log
[15:15:48] 
[15:15:48] ━━━ [2/6] speech__resnet18__partial_ft ━━━
[15:15:48]   Contenedor: 955510e30881
[0;31m[✗][0m   FALLIDO (exit 1) en 3min → /home/rdiaper/proyectos/ScraBrain/logs/speech__resnet18__partial_ft.log
[15:18:53] 
[15:18:53] ━━━ [3/6] speech__efficientnet_b0__frozen ━━━
[15:18:54]   Contenedor: 8c7ecd505a28
[0;31m[✗][0m   FALLIDO (exit 1) en 3min → /home/rdiaper/proyectos/ScraBrain/logs/speech__efficientnet_b0__frozen.log
[15:22:36] 
[15:22:36] ━━━ [4/6] speech__efficientnet_b0__partial_ft ━━━
[15:22:36]   Contenedor: 08a4431b68c0
[0;31m[✗][0m   FALLIDO (exit 1) en 3min → /home/rdiaper/proyectos/ScraBrain/logs/speech__efficientnet_b0__partial_ft.log
[15:26:19] 
[15:26:19] ━━━ [5/6] speech__vit_tiny__frozen ━━━
[15:26:20]   Contenedor: bfd38ff5134d
[0;31m[✗][0m   FALLIDO (exit 1) en 3min → /home/rdiaper/proyectos/ScraBrain/logs/speech__vit_tiny__frozen.log
[15:29:29] 
[15:29:29] ━━━ [6/6] speech__vit_tiny__partial_ft ━━━
[15:29:30]   Contenedor: 1665d4599ee6
[0;31m[✗][0m   FALLIDO (exit 1) en 3min → /home/rdiaper/proyectos/ScraBrain/logs/speech__vit_tiny__partial_ft.log

[0;34m━━━━━━━━━━━━━━━━━━━━━━━━━━━━━━━━━━━━━━━━━━━━━━━━━━━━━━━[0m
[0;34m  RESUMEN DEL SWEEP[0m
[0;34m━━━━━━━━━━━━━━━━━━━━━━━━━━━━━━━━━━━━━━━━━━━━━━━━━━━━━━━[0m
[15:32:41] Completados OK (0/6):
[0;32m[✓][0m   
[15:32:41] Fallidos (6):
[0;31m[✗][0m   speech__resnet18__frozen
[0;31m[✗][0m   speech__resnet18__partial_ft
[0;31m[✗][0m   speech__efficientnet_b0__frozen
[0;31m[✗][0m   speech__efficientnet_b0__partial_ft
[0;31m[✗][0m   speech__vit_tiny__frozen
[0;31m[✗][0m   speech__vit_tiny__partial_ft
[15:32:42] 
[1;33m[⚠][0m Para reanudar los fallidos:  bash run_sweep.sh --resume
[15:32:42] 
[15:32:42] Log completo del sweep: /home/rdiaper/proyectos/ScraBrain/logs/sweep_20260427_151243.log
[15:32:42] 

[0;34m━━━━━━━━━━━━━━━━━━━━━━━━━━━━━━━━━━━━━━━━━━━━━━━━━━━━━━━[0m
[0;34m  RESULTADOS (final_results.json por experimento)[0m
[0;34m━━━━━━━━━━━━━━━━━━━━━━━━━━━━━━━━━━━━━━━━━━━━━━━━━━━━━━━[0m
[15:32:42] 
[0;32m[✓][0m Sweep finalizado.
