
[0;34m━━━━━━━━━━━━━━━━━━━━━━━━━━━━━━━━━━━━━━━━━━━━━━━━━━━━━━━[0m
[0;34m  PASO 0: Verificando/parcheando train_ddp.py para soporte de 'speech'[0m
[0;34m━━━━━━━━━━━━━━━━━━━━━━━━━━━━━━━━━━━━━━━━━━━━━━━━━━━━━━━[0m
[0;32m[✓][0m train_ddp.py ya está parcheado para speech. Sin cambios.

[0;34m━━━━━━━━━━━━━━━━━━━━━━━━━━━━━━━━━━━━━━━━━━━━━━━━━━━━━━━[0m
[0;34m  PASO 1: Precompute stats de normalización H5[0m
[0;34m━━━━━━━━━━━━━━━━━━━━━━━━━━━━━━━━━━━━━━━━━━━━━━━━━━━━━━━[0m
[0;32m[✓][0m Stats para 'phoneme' ya calculadas (sentinel: /home/rdiaper/proyectos/ScraBrain/.precompute_done_phoneme)
[0;32m[✓][0m Stats para 'speech' ya calculadas (sentinel: /home/rdiaper/proyectos/ScraBrain/.precompute_done_speech)

[0;34m━━━━━━━━━━━━━━━━━━━━━━━━━━━━━━━━━━━━━━━━━━━━━━━━━━━━━━━[0m
[0;34m  PASO 2: Iniciando sweep de entrenamiento[0m
[0;34m━━━━━━━━━━━━━━━━━━━━━━━━━━━━━━━━━━━━━━━━━━━━━━━━━━━━━━━[0m
[15:53:02] Espacio de búsqueda:
[15:53:02]   Tareas:      phoneme speech
[15:53:02]   Backbones:   resnet18 efficientnet_b0 vit_tiny
[15:53:02]   Estrategias: frozen partial_ft
[15:53:02]   Total:       12 experimentos
[15:53:02]   Epochs/exp:  50
[15:53:02] 
[15:53:02] 
[15:53:02] ━━━ [1/12] phoneme__resnet18__frozen ━━━
[15:53:02]   Contenedor: 4dc132204e64
[0;31m[✗][0m   FALLIDO (exit 1) en 0min → /home/rdiaper/proyectos/ScraBrain/logs/phoneme__resnet18__frozen.log
[15:53:04] 
[15:53:04] ━━━ [2/12] phoneme__resnet18__partial_ft ━━━
[15:53:04]   Contenedor: 7e33df725f7f
[0;31m[✗][0m   FALLIDO (exit 1) en 0min → /home/rdiaper/proyectos/ScraBrain/logs/phoneme__resnet18__partial_ft.log
[15:53:06] 
[15:53:06] ━━━ [3/12] phoneme__efficientnet_b0__frozen ━━━
[15:53:07]   Contenedor: a5071d507450
[0;31m[✗][0m   FALLIDO (exit 1) en 0min → /home/rdiaper/proyectos/ScraBrain/logs/phoneme__efficientnet_b0__frozen.log
[15:53:08] 
[15:53:08] ━━━ [4/12] phoneme__efficientnet_b0__partial_ft ━━━
[15:53:09]   Contenedor: 24639c56d3a3
[0;31m[✗][0m   FALLIDO (exit 1) en 0min → /home/rdiaper/proyectos/ScraBrain/logs/phoneme__efficientnet_b0__partial_ft.log
[15:53:10] 
[15:53:10] ━━━ [5/12] phoneme__vit_tiny__frozen ━━━
[15:53:11]   Contenedor: 63abf783fa10
[0;31m[✗][0m   FALLIDO (exit 1) en 0min → /home/rdiaper/proyectos/ScraBrain/logs/phoneme__vit_tiny__frozen.log
[15:53:12] 
[15:53:12] ━━━ [6/12] phoneme__vit_tiny__partial_ft ━━━
[15:53:13]   Contenedor: fa9ea2f814a3
[0;31m[✗][0m   FALLIDO (exit 1) en 0min → /home/rdiaper/proyectos/ScraBrain/logs/phoneme__vit_tiny__partial_ft.log
[15:53:14] 
[15:53:14] ━━━ [7/12] speech__resnet18__frozen ━━━
[15:53:15]   Contenedor: 81690e9b4851
[0;31m[✗][0m   FALLIDO (exit 1) en 0min → /home/rdiaper/proyectos/ScraBrain/logs/speech__resnet18__frozen.log
[15:53:16] 
[15:53:16] ━━━ [8/12] speech__resnet18__partial_ft ━━━
[15:53:17]   Contenedor: 1ffee1ac902f
[0;31m[✗][0m   FALLIDO (exit 1) en 0min → /home/rdiaper/proyectos/ScraBrain/logs/speech__resnet18__partial_ft.log
[15:53:18] 
[15:53:18] ━━━ [9/12] speech__efficientnet_b0__frozen ━━━
[15:53:19]   Contenedor: 5ce658eae8fd
[0;31m[✗][0m   FALLIDO (exit 1) en 0min → /home/rdiaper/proyectos/ScraBrain/logs/speech__efficientnet_b0__frozen.log
[15:53:20] 
[15:53:20] ━━━ [10/12] speech__efficientnet_b0__partial_ft ━━━
[15:53:21]   Contenedor: 2e120593d143
[0;31m[✗][0m   FALLIDO (exit 1) en 0min → /home/rdiaper/proyectos/ScraBrain/logs/speech__efficientnet_b0__partial_ft.log
[15:53:22] 
[15:53:22] ━━━ [11/12] speech__vit_tiny__frozen ━━━
[15:53:23]   Contenedor: 5b0cd039dcb9
[0;31m[✗][0m   FALLIDO (exit 1) en 0min → /home/rdiaper/proyectos/ScraBrain/logs/speech__vit_tiny__frozen.log
[15:53:24] 
[15:53:24] ━━━ [12/12] speech__vit_tiny__partial_ft ━━━
[15:53:25]   Contenedor: d02782fd43a4
[0;31m[✗][0m   FALLIDO (exit 1) en 0min → /home/rdiaper/proyectos/ScraBrain/logs/speech__vit_tiny__partial_ft.log

[0;34m━━━━━━━━━━━━━━━━━━━━━━━━━━━━━━━━━━━━━━━━━━━━━━━━━━━━━━━[0m
[0;34m  RESUMEN DEL SWEEP[0m
[0;34m━━━━━━━━━━━━━━━━━━━━━━━━━━━━━━━━━━━━━━━━━━━━━━━━━━━━━━━[0m
[15:53:26] Completados OK (0/12):
[0;32m[✓][0m   
[15:53:26] Fallidos (12):
[0;31m[✗][0m   phoneme__resnet18__frozen
[0;31m[✗][0m   phoneme__resnet18__partial_ft
[0;31m[✗][0m   phoneme__efficientnet_b0__frozen
[0;31m[✗][0m   phoneme__efficientnet_b0__partial_ft
[0;31m[✗][0m   phoneme__vit_tiny__frozen
[0;31m[✗][0m   phoneme__vit_tiny__partial_ft
[0;31m[✗][0m   speech__resnet18__frozen
[0;31m[✗][0m   speech__resnet18__partial_ft
[0;31m[✗][0m   speech__efficientnet_b0__frozen
[0;31m[✗][0m   speech__efficientnet_b0__partial_ft
[0;31m[✗][0m   speech__vit_tiny__frozen
[0;31m[✗][0m   speech__vit_tiny__partial_ft
[15:53:26] 
[1;33m[⚠][0m Para reanudar los fallidos:  bash run_sweep.sh --resume
[15:53:26] 
[15:53:26] Log completo del sweep: /home/rdiaper/proyectos/ScraBrain/logs/sweep_20260416_155302.log
[15:53:26] 

[0;34m━━━━━━━━━━━━━━━━━━━━━━━━━━━━━━━━━━━━━━━━━━━━━━━━━━━━━━━[0m
[0;34m  RESULTADOS (final_results.json por experimento)[0m
[0;34m━━━━━━━━━━━━━━━━━━━━━━━━━━━━━━━━━━━━━━━━━━━━━━━━━━━━━━━[0m
[15:53:26] 
[0;32m[✓][0m Sweep finalizado.
