[1;33m[⚠][0m docker compose run no soporta --init; se ejecutará sin ese flag.

[0;34m━━━━━━━━━━━━━━━━━━━━━━━━━━━━━━━━━━━━━━━━━━━━━━━━━━━━━━━[0m
[0;34m  PASO 0: Verificando/parcheando train_ddp.py para soporte de 'speech'[0m
[0;34m━━━━━━━━━━━━━━━━━━━━━━━━━━━━━━━━━━━━━━━━━━━━━━━━━━━━━━━[0m
[0;32m[✓][0m train_ddp.py ya incluye soporte robusto para speech/phoneme. Sin parche dinámico.

[0;34m━━━━━━━━━━━━━━━━━━━━━━━━━━━━━━━━━━━━━━━━━━━━━━━━━━━━━━━[0m
[0;34m  PASO 1: Precompute stats de normalización H5[0m
[0;34m━━━━━━━━━━━━━━━━━━━━━━━━━━━━━━━━━━━━━━━━━━━━━━━━━━━━━━━[0m
[0;32m[✓][0m Stats para 'speech' ya calculadas (sentinel: /home/rdiaper/proyectos/ScraBrain/.precompute_done_speech)

[0;34m━━━━━━━━━━━━━━━━━━━━━━━━━━━━━━━━━━━━━━━━━━━━━━━━━━━━━━━[0m
[0;34m  PASO 2: Iniciando sweep de entrenamiento[0m
[0;34m━━━━━━━━━━━━━━━━━━━━━━━━━━━━━━━━━━━━━━━━━━━━━━━━━━━━━━━[0m
[15:08:00] Espacio de búsqueda:
[15:08:00]   Tareas:      speech
[15:08:00]   Backbones:   resnet18 efficientnet_b0 vit_tiny
[15:08:00]   Estrategias: frozen partial_ft
[15:08:00]   Total:       6 experimentos
[15:08:00]   Epochs/exp:  50
[15:08:00]   Modo train:  DDP raw+CWT (train_ddp.py)
[15:08:00] 
[15:08:00] 
[15:08:00] ━━━ [1/6] speech__resnet18__frozen ━━━
[15:08:00]   Contenedor: d4fcb15249f0
